#
# There is insufficient memory for the Java Runtime Environment to continue.
# Native memory allocation (mmap) failed to map 226492416 bytes for G1 virtual space
# Possible reasons:
#   The system is out of physical RAM or swap space
#   The process is running with CompressedOops enabled, and the Java Heap may be blocking the growth of the native heap
# Possible solutions:
#   Reduce memory load on the system
#   Increase physical memory or swap space
#   Check if swap backing store is full
#   Decrease Java heap size (-Xmx/-Xms)
#   Decrease number of Java threads
#   Decrease Java thread stack sizes (-Xss)
#   Set larger code cache with -XX:ReservedCodeCacheSize=
#   JVM is running with Unscaled Compressed Oops mode in which the Java heap is
#     placed in the first 4GB address space. The Java Heap base address is the
#     maximum limit for the native heap growth. Please use -XX:HeapBaseMinAddress
#     to set the Java Heap base and to place the Java Heap above 4GB virtual address.
# This output file may be truncated or incomplete.
#
#  Out of Memory Error (os_windows.cpp:3548), pid=6640, tid=17568
#
# JRE version: OpenJDK Runtime Environment Temurin-17.0.5+8 (17.0.5+8) (build 17.0.5+8)
# Java VM: OpenJDK 64-Bit Server VM Temurin-17.0.5+8 (17.0.5+8, mixed mode, emulated-client, tiered, compressed oops, compressed class ptrs, g1 gc, windows-amd64)
# No core dump will be written. Minidumps are not enabled by default on client versions of Windows
#

---------------  S U M M A R Y ------------

Command Line: -Dsts.lsp.client=vscode -Dsts.log.file=/dev/null -XX:TieredStopAtLevel=1 -Xlog:jni+resolve=off -Dspring.config.location=file:c:\Users\Madhav\.vscode\extensions\pivotal.vscode-spring-boot-1.42.0\language-server\BOOT-INF\classes\application.properties org.springframework.ide.vscode.boot.app.BootLanguageServerBootApp

Host: AMD FX(tm)-8320 Eight-Core Processor           , 8 cores, 7G,  Windows 10 , 64 bit Build 19041 (10.0.19041.1806)
Time: Sat Dec 24 17:12:30 2022 India Standard Time elapsed time: 4.232855 seconds (0d 0h 0m 4s)

---------------  T H R E A D  ---------------

Current thread (0x00000292caa55a10):  VMThread "VM Thread" [stack: 0x000000d9fb400000,0x000000d9fb500000] [id=17568]

Stack: [0x000000d9fb400000,0x000000d9fb500000]
Native frames: (J=compiled Java code, j=interpreted, Vv=VM code, C=native code)
V  [jvm.dll+0x676b3a]
V  [jvm.dll+0x831444]
V  [jvm.dll+0x832bee]
V  [jvm.dll+0x833253]
V  [jvm.dll+0x244ce5]
V  [jvm.dll+0x673a49]
V  [jvm.dll+0x66811a]
V  [jvm.dll+0x303ceb]
V  [jvm.dll+0x30b1e6]
V  [jvm.dll+0x35adbe]
V  [jvm.dll+0x35afef]
V  [jvm.dll+0x2dab88]
V  [jvm.dll+0x2d8e3c]
V  [jvm.dll+0x2d840c]
V  [jvm.dll+0x31c31b]
V  [jvm.dll+0x8376fb]
V  [jvm.dll+0x838434]
V  [jvm.dll+0x83894c]
V  [jvm.dll+0x838d24]
V  [jvm.dll+0x838df0]
V  [jvm.dll+0x7e17ea]
V  [jvm.dll+0x6759e5]
C  [ucrtbase.dll+0x21bb2]
C  [KERNEL32.DLL+0x17034]
C  [ntdll.dll+0x52651]

VM_Operation (0x000000d9fe3fe0e0): G1CollectForAllocation, mode: safepoint, requested by thread 0x00000292ccd507c0


---------------  P R O C E S S  ---------------

Threads class SMR info:
_java_thread_list=0x00000292ccc613f0, length=42, elements={
0x00000292caa70370, 0x00000292caa711e0, 0x00000292caa79540, 0x00000292caa7af70,
0x00000292caa7b830, 0x00000292caa7c0f0, 0x00000292caa7e8f0, 0x00000292cb428340,
0x00000292cb636ec0, 0x00000292cb63ea20, 0x00000292bd6a90a0, 0x00000292cbfdb020,
0x00000292cc170020, 0x00000292cc92bd30, 0x00000292cca11460, 0x00000292ccba8830,
0x00000292bd6a81e0, 0x00000292ccb1ae90, 0x00000292ccc49d80, 0x00000292ccc5f410,
0x00000292ccc80270, 0x00000292ccc80740, 0x00000292ccc99f20, 0x00000292ccc9a3f0,
0x00000292ccc9c0d0, 0x00000292ccc9ca70, 0x00000292ccc9a8c0, 0x00000292ccc9ad90,
0x00000292ccc9b730, 0x00000292ccc9c5a0, 0x00000292ccc9d410, 0x00000292ccc9b260,
0x00000292ccc9bc00, 0x00000292ccc9cf40, 0x00000292ccc99a50, 0x00000292ccd502f0,
0x00000292ccd52e40, 0x00000292ccd51fd0, 0x00000292ccd507c0, 0x00000292ccd56800,
0x00000292ccd52970, 0x00000292ccd56cd0
}

Java Threads: ( => current thread )
  0x00000292caa70370 JavaThread "Reference Handler" daemon [_thread_blocked, id=10288, stack(0x000000d9fb500000,0x000000d9fb600000)]
  0x00000292caa711e0 JavaThread "Finalizer" daemon [_thread_blocked, id=4500, stack(0x000000d9fb600000,0x000000d9fb700000)]
  0x00000292caa79540 JavaThread "Signal Dispatcher" daemon [_thread_blocked, id=13208, stack(0x000000d9fb700000,0x000000d9fb800000)]
  0x00000292caa7af70 JavaThread "Attach Listener" daemon [_thread_blocked, id=9960, stack(0x000000d9fb800000,0x000000d9fb900000)]
  0x00000292caa7b830 JavaThread "Service Thread" daemon [_thread_blocked, id=11496, stack(0x000000d9fb900000,0x000000d9fba00000)]
  0x00000292caa7c0f0 JavaThread "Monitor Deflation Thread" daemon [_thread_blocked, id=13800, stack(0x000000d9fba00000,0x000000d9fbb00000)]
  0x00000292caa7e8f0 JavaThread "C1 CompilerThread0" daemon [_thread_blocked, id=7784, stack(0x000000d9fbb00000,0x000000d9fbc00000)]
  0x00000292cb428340 JavaThread "Sweeper thread" daemon [_thread_blocked, id=15308, stack(0x000000d9fbc00000,0x000000d9fbd00000)]
  0x00000292cb636ec0 JavaThread "Notification Thread" daemon [_thread_blocked, id=20112, stack(0x000000d9fbd00000,0x000000d9fbe00000)]
  0x00000292cb63ea20 JavaThread "Common-Cleaner" daemon [_thread_blocked, id=20340, stack(0x000000d9fbf00000,0x000000d9fc000000)]
  0x00000292bd6a90a0 JavaThread "C1 CompilerThread1" daemon [_thread_blocked, id=13864, stack(0x000000d9fc000000,0x000000d9fc100000)]
  0x00000292cbfdb020 JavaThread "C1 CompilerThread2" daemon [_thread_blocked, id=18728, stack(0x000000d9fc100000,0x000000d9fc200000)]
  0x00000292cc170020 JavaThread "C1 CompilerThread3" daemon [_thread_blocked, id=20356, stack(0x000000d9fc200000,0x000000d9fc300000)]
  0x00000292cc92bd30 JavaThread "boundedElastic-evictor-1" daemon [_thread_blocked, id=16076, stack(0x000000d9fca00000,0x000000d9fcb00000)]
  0x00000292cca11460 JavaThread "pool-11-thread-1" [_thread_blocked, id=16344, stack(0x000000d9fcc00000,0x000000d9fcd00000)]
  0x00000292ccba8830 JavaThread "LanguageServerApp-lifecycle" [_thread_blocked, id=16112, stack(0x000000d9fcd00000,0x000000d9fce00000)]
  0x00000292bd6a81e0 JavaThread "DestroyJavaVM" [_thread_blocked, id=5676, stack(0x000000d9fae00000,0x000000d9faf00000)]
  0x00000292ccb1ae90 JavaThread "pool-12-thread-1" [_thread_in_native, id=14548, stack(0x000000d9fce00000,0x000000d9fcf00000)]
  0x00000292ccc49d80 JavaThread "Simple-Language-Server main thread" daemon [_thread_blocked, id=20136, stack(0x000000d9fcf00000,0x000000d9fd000000)]
  0x00000292ccc5f410 JavaThread "pool-8-thread-1" [_thread_blocked, id=16236, stack(0x000000d9fd000000,0x000000d9fd100000)]
  0x00000292ccc80270 JavaThread "parallel-1" daemon [_thread_blocked, id=3296, stack(0x000000d9fd100000,0x000000d9fd200000)]
  0x00000292ccc80740 JavaThread "parallel-2" daemon [_thread_blocked, id=11188, stack(0x000000d9fd200000,0x000000d9fd300000)]
  0x00000292ccc99f20 JavaThread "parallel-3" daemon [_thread_blocked, id=10796, stack(0x000000d9fd300000,0x000000d9fd400000)]
  0x00000292ccc9a3f0 JavaThread "parallel-4" daemon [_thread_blocked, id=9800, stack(0x000000d9fd400000,0x000000d9fd500000)]
  0x00000292ccc9c0d0 JavaThread "parallel-5" daemon [_thread_blocked, id=5520, stack(0x000000d9fd500000,0x000000d9fd600000)]
  0x00000292ccc9ca70 JavaThread "ForkJoinPool.commonPool-worker-1" daemon [_thread_blocked, id=3644, stack(0x000000d9fd600000,0x000000d9fd700000)]
  0x00000292ccc9a8c0 JavaThread "parallel-6" daemon [_thread_blocked, id=9844, stack(0x000000d9fd700000,0x000000d9fd800000)]
  0x00000292ccc9ad90 JavaThread "Reconciler-1" daemon [_thread_blocked, id=19952, stack(0x000000d9fd800000,0x000000d9fd900000)]
  0x00000292ccc9b730 JavaThread "ClassGraph-worker-0" daemon [_thread_blocked, id=16980, stack(0x000000d9fd900000,0x000000d9fda00000)]
  0x00000292ccc9c5a0 JavaThread "ClassGraph-worker-1" daemon [_thread_blocked, id=9424, stack(0x000000d9fda00000,0x000000d9fdb00000)]
  0x00000292ccc9d410 JavaThread "ClassGraph-worker-2" daemon [_thread_blocked, id=17432, stack(0x000000d9fdb00000,0x000000d9fdc00000)]
  0x00000292ccc9b260 JavaThread "ClassGraph-worker-3" daemon [_thread_blocked, id=12188, stack(0x000000d9fdc00000,0x000000d9fdd00000)]
  0x00000292ccc9bc00 JavaThread "ClassGraph-worker-4" daemon [_thread_blocked, id=1316, stack(0x000000d9fdd00000,0x000000d9fde00000)]
  0x00000292ccc9cf40 JavaThread "ClassGraph-worker-5" daemon [_thread_blocked, id=15236, stack(0x000000d9fde00000,0x000000d9fdf00000)]
  0x00000292ccc99a50 JavaThread "ClassGraph-worker-6" daemon [_thread_blocked, id=19768, stack(0x000000d9fdf00000,0x000000d9fe000000)]
  0x00000292ccd502f0 JavaThread "ClassGraph-worker-7" daemon [_thread_blocked, id=15412, stack(0x000000d9fe000000,0x000000d9fe100000)]
  0x00000292ccd52e40 JavaThread "ClassGraph-worker-8" daemon [_thread_blocked, id=18708, stack(0x000000d9fe100000,0x000000d9fe200000)]
  0x00000292ccd51fd0 JavaThread "ClassGraph-worker-9" daemon [_thread_blocked, id=19912, stack(0x000000d9fe200000,0x000000d9fe300000)]
  0x00000292ccd507c0 JavaThread "ClassGraph-worker-10" daemon [_thread_blocked, id=4052, stack(0x000000d9fe300000,0x000000d9fe400000)]
  0x00000292ccd56800 JavaThread "ClassGraph-worker-11" daemon [_thread_blocked, id=6108, stack(0x000000d9fe400000,0x000000d9fe500000)]
  0x00000292ccd52970 JavaThread "ClassGraph-worker-12" daemon [_thread_blocked, id=13948, stack(0x000000d9fe500000,0x000000d9fe600000)]
  0x00000292ccd56cd0 JavaThread "ClassGraph-worker-13" daemon [_thread_blocked, id=9728, stack(0x000000d9fe600000,0x000000d9fe700000)]

Other Threads:
=>0x00000292caa55a10 VMThread "VM Thread" [stack: 0x000000d9fb400000,0x000000d9fb500000] [id=17568]
  0x00000292bd7193e0 WatcherThread [stack: 0x000000d9fbe00000,0x000000d9fbf00000] [id=19292]
  0x00000292bd6ffbf0 GCTaskThread "GC Thread#0" [stack: 0x000000d9faf00000,0x000000d9fb000000] [id=17196]
  0x00000292cc1d4850 GCTaskThread "GC Thread#1" [stack: 0x000000d9fc300000,0x000000d9fc400000] [id=17664]
  0x00000292cc1d4b00 GCTaskThread "GC Thread#2" [stack: 0x000000d9fc400000,0x000000d9fc500000] [id=7488]
  0x00000292cc1bd0e0 GCTaskThread "GC Thread#3" [stack: 0x000000d9fc500000,0x000000d9fc600000] [id=5300]
  0x00000292cc1e3ff0 GCTaskThread "GC Thread#4" [stack: 0x000000d9fc600000,0x000000d9fc700000] [id=14444]
  0x00000292cc1e42a0 GCTaskThread "GC Thread#5" [stack: 0x000000d9fc700000,0x000000d9fc800000] [id=7132]
  0x00000292cc3ea7e0 GCTaskThread "GC Thread#6" [stack: 0x000000d9fc800000,0x000000d9fc900000] [id=9232]
  0x00000292cc3eaa90 GCTaskThread "GC Thread#7" [stack: 0x000000d9fc900000,0x000000d9fca00000] [id=18332]
  0x00000292bd710830 ConcurrentGCThread "G1 Main Marker" [stack: 0x000000d9fb000000,0x000000d9fb100000] [id=15760]
  0x00000292bd7119e0 ConcurrentGCThread "G1 Conc#0" [stack: 0x000000d9fb100000,0x000000d9fb200000] [id=16032]
  0x00000292cc619410 ConcurrentGCThread "G1 Conc#1" [stack: 0x000000d9fcb00000,0x000000d9fcc00000] [id=19840]
  0x00000292bd75ec10 ConcurrentGCThread "G1 Refine#0" [stack: 0x000000d9fb200000,0x000000d9fb300000] [id=12548]
  0x00000292ccf9eb80 ConcurrentGCThread "G1 Refine#1" [stack: 0x000000d9fe700000,0x000000d9fe800000] [id=17016]
  0x00000292cd0204e0 ConcurrentGCThread "G1 Refine#2" [stack: 0x000000d9fe800000,0x000000d9fe900000] [id=18824]
  0x00000292cce8c020 ConcurrentGCThread "G1 Refine#3" [stack: 0x000000d9fe900000,0x000000d9fea00000] [id=4600]
  0x00000292cce8c5e0 ConcurrentGCThread "G1 Refine#4" [stack: 0x000000d9fea00000,0x000000d9feb00000] [id=3276]
  0x00000292cce8ba60 ConcurrentGCThread "G1 Refine#5" [stack: 0x000000d9feb00000,0x000000d9fec00000] [id=1848]
  0x00000292cce8c300 ConcurrentGCThread "G1 Refine#6" [stack: 0x000000d9fec00000,0x000000d9fed00000] [id=8568]
  0x00000292ca8bec60 ConcurrentGCThread "G1 Service" [stack: 0x000000d9fb300000,0x000000d9fb400000] [id=15112]

Threads with active compile tasks:

VM state: at safepoint (normal execution)

VM Mutex/Monitor currently owned by a thread:  ([mutex/lock_event])
[0x00000292bb549af0] Threads_lock - owner thread: 0x00000292caa55a10
[0x00000292bd698000] Heap_lock - owner thread: 0x00000292ccd507c0

Heap address: 0x0000000081800000, size: 2024 MB, Compressed Oops mode: 32-bit

CDS archive(s) not mapped
Compressed class space mapped at: 0x0000000100000000-0x0000000140000000, reserved size: 1073741824
Narrow klass base: 0x0000000000000000, Narrow klass shift: 3, Narrow klass range: 0x140000000

GC Precious Log:
 CPUs: 8 total, 8 available
 Memory: 8091M
 Large Page Support: Disabled
 NUMA Support: Disabled
 Compressed Oops: Enabled (32-bit)
 Heap Region Size: 1M
 Heap Min Capacity: 8M
 Heap Initial Capacity: 128M
 Heap Max Capacity: 2024M
 Pre-touch: Disabled
 Parallel Workers: 8
 Concurrent Workers: 2
 Concurrent Refinement Workers: 8
 Periodic GC: Disabled

Heap:
 garbage-first heap   total 183296K, used 75231K [0x0000000081800000, 0x0000000100000000)
  region size 1024K, 6 young (6144K), 6 survivors (6144K)
 Metaspace       used 35868K, committed 36224K, reserved 1081344K
  class space    used 4644K, committed 4800K, reserved 1048576K

Heap Regions: E=young(eden), S=young(survivor), O=old, HS=humongous(starts), HC=humongous(continues), CS=collection set, F=free, OA=open archive, CA=closed archive, TAMS=top-at-mark-start (previous, next)
|   0|0x0000000081800000, 0x0000000081900000, 0x0000000081900000|100%| O|  |TAMS 0x0000000081900000, 0x0000000081800000| Untracked 
|   1|0x0000000081900000, 0x0000000081a00000, 0x0000000081a00000|100%| O|  |TAMS 0x0000000081a00000, 0x0000000081900000| Untracked 
|   2|0x0000000081a00000, 0x0000000081b00000, 0x0000000081b00000|100%| O|  |TAMS 0x0000000081b00000, 0x0000000081a00000| Untracked 
|   3|0x0000000081b00000, 0x0000000081c00000, 0x0000000081c00000|100%| O|  |TAMS 0x0000000081c00000, 0x0000000081b00000| Untracked 
|   4|0x0000000081c00000, 0x0000000081d00000, 0x0000000081d00000|100%| O|  |TAMS 0x0000000081d00000, 0x0000000081c00000| Untracked 
|   5|0x0000000081d00000, 0x0000000081e00000, 0x0000000081e00000|100%| O|  |TAMS 0x0000000081e00000, 0x0000000081d00000| Untracked 
|   6|0x0000000081e00000, 0x0000000081f00000, 0x0000000081f00000|100%| O|  |TAMS 0x0000000081f00000, 0x0000000081e00000| Untracked 
|   7|0x0000000081f00000, 0x0000000082000000, 0x0000000082000000|100%| O|  |TAMS 0x0000000082000000, 0x0000000081f00000| Untracked 
|   8|0x0000000082000000, 0x000000008203b200, 0x0000000082100000| 23%| O|  |TAMS 0x000000008203b200, 0x0000000082000000| Untracked 
|   9|0x0000000082100000, 0x0000000082200000, 0x0000000082200000|100%| O|  |TAMS 0x0000000082200000, 0x0000000082100000| Untracked 
|  10|0x0000000082200000, 0x0000000082300000, 0x0000000082300000|100%| O|  |TAMS 0x0000000082300000, 0x0000000082200000| Untracked 
|  11|0x0000000082300000, 0x0000000082400000, 0x0000000082400000|100%| O|  |TAMS 0x0000000082400000, 0x0000000082300000| Untracked 
|  12|0x0000000082400000, 0x0000000082500000, 0x0000000082500000|100%| O|  |TAMS 0x0000000082500000, 0x0000000082400000| Untracked 
|  13|0x0000000082500000, 0x0000000082600000, 0x0000000082600000|100%| O|  |TAMS 0x0000000082600000, 0x0000000082500000| Untracked 
|  14|0x0000000082600000, 0x0000000082700000, 0x0000000082700000|100%| O|  |TAMS 0x0000000082700000, 0x0000000082600000| Untracked 
|  15|0x0000000082700000, 0x0000000082800000, 0x0000000082800000|100%| O|  |TAMS 0x0000000082800000, 0x0000000082700000| Untracked 
|  16|0x0000000082800000, 0x0000000082900000, 0x0000000082900000|100%| O|  |TAMS 0x0000000082900000, 0x0000000082800000| Untracked 
|  17|0x0000000082900000, 0x0000000082a00000, 0x0000000082a00000|100%| O|  |TAMS 0x0000000082a00000, 0x0000000082900000| Untracked 
|  18|0x0000000082a00000, 0x0000000082b00000, 0x0000000082b00000|100%| O|  |TAMS 0x0000000082b00000, 0x0000000082a00000| Untracked 
|  19|0x0000000082b00000, 0x0000000082c00000, 0x0000000082c00000|100%| O|  |TAMS 0x0000000082c00000, 0x0000000082b00000| Untracked 
|  20|0x0000000082c00000, 0x0000000082d00000, 0x0000000082d00000|100%| O|  |TAMS 0x0000000082d00000, 0x0000000082c00000| Untracked 
|  21|0x0000000082d00000, 0x0000000082e00000, 0x0000000082e00000|100%| O|  |TAMS 0x0000000082e00000, 0x0000000082d00000| Untracked 
|  22|0x0000000082e00000, 0x0000000082f00000, 0x0000000082f00000|100%| O|  |TAMS 0x0000000082f00000, 0x0000000082e00000| Untracked 
|  23|0x0000000082f00000, 0x0000000083000000, 0x0000000083000000|100%| O|  |TAMS 0x0000000083000000, 0x0000000082f00000| Untracked 
|  24|0x0000000083000000, 0x0000000083100000, 0x0000000083100000|100%| O|  |TAMS 0x0000000083100000, 0x0000000083000000| Untracked 
|  25|0x0000000083100000, 0x0000000083200000, 0x0000000083200000|100%| O|  |TAMS 0x0000000083200000, 0x0000000083100000| Untracked 
|  26|0x0000000083200000, 0x0000000083300000, 0x0000000083300000|100%| O|  |TAMS 0x0000000083300000, 0x0000000083200000| Untracked 
|  27|0x0000000083300000, 0x0000000083400000, 0x0000000083400000|100%| O|  |TAMS 0x0000000083400000, 0x0000000083300000| Untracked 
|  28|0x0000000083400000, 0x0000000083500000, 0x0000000083500000|100%| O|  |TAMS 0x0000000083500000, 0x0000000083400000| Untracked 
|  29|0x0000000083500000, 0x0000000083600000, 0x0000000083600000|100%| O|  |TAMS 0x0000000083600000, 0x0000000083500000| Untracked 
|  30|0x0000000083600000, 0x0000000083700000, 0x0000000083700000|100%| O|  |TAMS 0x0000000083700000, 0x0000000083600000| Untracked 
|  31|0x0000000083700000, 0x0000000083800000, 0x0000000083800000|100%| O|  |TAMS 0x0000000083800000, 0x0000000083700000| Untracked 
|  32|0x0000000083800000, 0x0000000083900000, 0x0000000083900000|100%| O|  |TAMS 0x0000000083900000, 0x0000000083800000| Untracked 
|  33|0x0000000083900000, 0x0000000083a00000, 0x0000000083a00000|100%| O|  |TAMS 0x0000000083a00000, 0x0000000083900000| Untracked 
|  34|0x0000000083a00000, 0x0000000083b00000, 0x0000000083b00000|100%| O|  |TAMS 0x0000000083b00000, 0x0000000083a00000| Untracked 
|  35|0x0000000083b00000, 0x0000000083c00000, 0x0000000083c00000|100%| O|  |TAMS 0x0000000083c00000, 0x0000000083b00000| Untracked 
|  36|0x0000000083c00000, 0x0000000083d00000, 0x0000000083d00000|100%| O|  |TAMS 0x0000000083d00000, 0x0000000083c00000| Untracked 
|  37|0x0000000083d00000, 0x0000000083e00000, 0x0000000083e00000|100%| O|  |TAMS 0x0000000083e00000, 0x0000000083d00000| Untracked 
|  38|0x0000000083e00000, 0x0000000083f00000, 0x0000000083f00000|100%| O|  |TAMS 0x0000000083f00000, 0x0000000083e00000| Untracked 
|  39|0x0000000083f00000, 0x0000000084000000, 0x0000000084000000|100%| O|  |TAMS 0x0000000083fc3600, 0x0000000083f00000| Untracked 
|  40|0x0000000084000000, 0x0000000084100000, 0x0000000084100000|100%| O|  |TAMS 0x0000000084000000, 0x0000000084000000| Untracked 
|  41|0x0000000084100000, 0x0000000084200000, 0x0000000084200000|100%| O|  |TAMS 0x0000000084100000, 0x0000000084100000| Untracked 
|  42|0x0000000084200000, 0x0000000084300000, 0x0000000084300000|100%| O|  |TAMS 0x0000000084200000, 0x0000000084200000| Untracked 
|  43|0x0000000084300000, 0x0000000084400000, 0x0000000084400000|100%| O|  |TAMS 0x0000000084300000, 0x0000000084300000| Untracked 
|  44|0x0000000084400000, 0x0000000084500000, 0x0000000084500000|100%| O|  |TAMS 0x0000000084400000, 0x0000000084400000| Untracked 
|  45|0x0000000084500000, 0x0000000084600000, 0x0000000084600000|100%| O|  |TAMS 0x0000000084500000, 0x0000000084500000| Untracked 
|  46|0x0000000084600000, 0x0000000084700000, 0x0000000084700000|100%|HS|  |TAMS 0x0000000084600000, 0x0000000084600000| Complete 
|  47|0x0000000084700000, 0x0000000084800000, 0x0000000084800000|100%| O|  |TAMS 0x0000000084700000, 0x0000000084700000| Untracked 
|  48|0x0000000084800000, 0x0000000084900000, 0x0000000084900000|100%| O|  |TAMS 0x0000000084800000, 0x0000000084800000| Untracked 
|  49|0x0000000084900000, 0x0000000084a00000, 0x0000000084a00000|100%| O|  |TAMS 0x0000000084900000, 0x0000000084900000| Untracked 
|  50|0x0000000084a00000, 0x0000000084b00000, 0x0000000084b00000|100%| O|  |TAMS 0x0000000084a00000, 0x0000000084a00000| Untracked 
|  51|0x0000000084b00000, 0x0000000084c00000, 0x0000000084c00000|100%| O|  |TAMS 0x0000000084b00000, 0x0000000084b00000| Untracked 
|  52|0x0000000084c00000, 0x0000000084d00000, 0x0000000084d00000|100%| O|  |TAMS 0x0000000084c00000, 0x0000000084c00000| Untracked 
|  53|0x0000000084d00000, 0x0000000084e00000, 0x0000000084e00000|100%| O|  |TAMS 0x0000000084d00000, 0x0000000084d00000| Untracked 
|  54|0x0000000084e00000, 0x0000000084f00000, 0x0000000084f00000|100%|HS|  |TAMS 0x0000000084e00000, 0x0000000084e00000| Complete 
|  55|0x0000000084f00000, 0x0000000085000000, 0x0000000085000000|100%| O|  |TAMS 0x0000000084f00000, 0x0000000084f00000| Untracked 
|  56|0x0000000085000000, 0x0000000085100000, 0x0000000085100000|100%| O|  |TAMS 0x0000000085000000, 0x0000000085000000| Untracked 
|  57|0x0000000085100000, 0x0000000085200000, 0x0000000085200000|100%| O|  |TAMS 0x0000000085100000, 0x0000000085100000| Untracked 
|  58|0x0000000085200000, 0x0000000085300000, 0x0000000085300000|100%| O|  |TAMS 0x0000000085200000, 0x0000000085200000| Untracked 
|  59|0x0000000085300000, 0x0000000085400000, 0x0000000085400000|100%| O|  |TAMS 0x0000000085300000, 0x0000000085300000| Untracked 
|  60|0x0000000085400000, 0x0000000085500000, 0x0000000085500000|100%| O|  |TAMS 0x0000000085400000, 0x0000000085400000| Untracked 
|  61|0x0000000085500000, 0x0000000085600000, 0x0000000085600000|100%| O|  |TAMS 0x0000000085500000, 0x0000000085500000| Untracked 
|  62|0x0000000085600000, 0x0000000085700000, 0x0000000085700000|100%| O|  |TAMS 0x0000000085600000, 0x0000000085600000| Untracked 
|  63|0x0000000085700000, 0x0000000085800000, 0x0000000085800000|100%| O|  |TAMS 0x0000000085700000, 0x0000000085700000| Untracked 
|  64|0x0000000085800000, 0x0000000085900000, 0x0000000085900000|100%| O|  |TAMS 0x0000000085800000, 0x0000000085800000| Untracked 
|  65|0x0000000085900000, 0x0000000085a00000, 0x0000000085a00000|100%| O|  |TAMS 0x0000000085900000, 0x0000000085900000| Untracked 
|  66|0x0000000085a00000, 0x0000000085b00000, 0x0000000085b00000|100%| O|  |TAMS 0x0000000085a00000, 0x0000000085a00000| Untracked 
|  67|0x0000000085b00000, 0x0000000085c00000, 0x0000000085c00000|100%| O|  |TAMS 0x0000000085b00000, 0x0000000085b00000| Untracked 
|  68|0x0000000085c00000, 0x0000000085ce9200, 0x0000000085d00000| 91%| O|  |TAMS 0x0000000085c00000, 0x0000000085c00000| Untracked 
|  69|0x0000000085d00000, 0x0000000085d00000, 0x0000000085e00000|  0%| F|  |TAMS 0x0000000085d00000, 0x0000000085d00000| Untracked 
|  70|0x0000000085e00000, 0x0000000085e00000, 0x0000000085f00000|  0%| F|  |TAMS 0x0000000085e00000, 0x0000000085e00000| Untracked 
|  71|0x0000000085f00000, 0x0000000085f00000, 0x0000000086000000|  0%| F|  |TAMS 0x0000000085f00000, 0x0000000085f00000| Untracked 
|  72|0x0000000086000000, 0x0000000086000000, 0x0000000086100000|  0%| F|  |TAMS 0x0000000086000000, 0x0000000086000000| Untracked 
|  73|0x0000000086100000, 0x0000000086100000, 0x0000000086200000|  0%| F|  |TAMS 0x0000000086100000, 0x0000000086100000| Untracked 
|  74|0x0000000086200000, 0x0000000086200000, 0x0000000086300000|  0%| F|  |TAMS 0x0000000086200000, 0x0000000086200000| Untracked 
|  75|0x0000000086300000, 0x0000000086300000, 0x0000000086400000|  0%| F|  |TAMS 0x0000000086300000, 0x0000000086300000| Untracked 
|  76|0x0000000086400000, 0x0000000086400000, 0x0000000086500000|  0%| F|  |TAMS 0x0000000086400000, 0x0000000086400000| Untracked 
|  77|0x0000000086500000, 0x0000000086500000, 0x0000000086600000|  0%| F|  |TAMS 0x0000000086500000, 0x0000000086500000| Untracked 
|  78|0x0000000086600000, 0x0000000086600000, 0x0000000086700000|  0%| F|  |TAMS 0x0000000086600000, 0x0000000086600000| Untracked 
|  79|0x0000000086700000, 0x0000000086700000, 0x0000000086800000|  0%| F|  |TAMS 0x0000000086700000, 0x0000000086700000| Untracked 
|  80|0x0000000086800000, 0x0000000086800000, 0x0000000086900000|  0%| F|  |TAMS 0x0000000086800000, 0x0000000086800000| Untracked 
|  81|0x0000000086900000, 0x0000000086900000, 0x0000000086a00000|  0%| F|  |TAMS 0x0000000086900000, 0x0000000086900000| Untracked 
|  82|0x0000000086a00000, 0x0000000086a00000, 0x0000000086b00000|  0%| F|  |TAMS 0x0000000086a00000, 0x0000000086a00000| Untracked 
|  83|0x0000000086b00000, 0x0000000086b00000, 0x0000000086c00000|  0%| F|  |TAMS 0x0000000086b00000, 0x0000000086b00000| Untracked 
|  84|0x0000000086c00000, 0x0000000086c00000, 0x0000000086d00000|  0%| F|  |TAMS 0x0000000086c00000, 0x0000000086c00000| Untracked 
|  85|0x0000000086d00000, 0x0000000086d00000, 0x0000000086e00000|  0%| F|  |TAMS 0x0000000086d00000, 0x0000000086d00000| Untracked 
|  86|0x0000000086e00000, 0x0000000086e00000, 0x0000000086f00000|  0%| F|  |TAMS 0x0000000086e00000, 0x0000000086e00000| Untracked 
|  87|0x0000000086f00000, 0x0000000086f00000, 0x0000000087000000|  0%| F|  |TAMS 0x0000000086f00000, 0x0000000086f00000| Untracked 
|  88|0x0000000087000000, 0x0000000087000000, 0x0000000087100000|  0%| F|  |TAMS 0x0000000087000000, 0x0000000087000000| Untracked 
|  89|0x0000000087100000, 0x0000000087100000, 0x0000000087200000|  0%| F|  |TAMS 0x0000000087100000, 0x0000000087100000| Untracked 
|  90|0x0000000087200000, 0x0000000087200000, 0x0000000087300000|  0%| F|  |TAMS 0x0000000087200000, 0x0000000087200000| Untracked 
|  91|0x0000000087300000, 0x0000000087300000, 0x0000000087400000|  0%| F|  |TAMS 0x0000000087300000, 0x0000000087300000| Untracked 
|  92|0x0000000087400000, 0x0000000087400000, 0x0000000087500000|  0%| F|  |TAMS 0x0000000087400000, 0x0000000087400000| Untracked 
|  93|0x0000000087500000, 0x0000000087500000, 0x0000000087600000|  0%| F|  |TAMS 0x0000000087500000, 0x0000000087500000| Untracked 
|  94|0x0000000087600000, 0x0000000087600000, 0x0000000087700000|  0%| F|  |TAMS 0x0000000087600000, 0x0000000087600000| Untracked 
|  95|0x0000000087700000, 0x0000000087700000, 0x0000000087800000|  0%| F|  |TAMS 0x0000000087700000, 0x0000000087700000| Untracked 
|  96|0x0000000087800000, 0x0000000087800000, 0x0000000087900000|  0%| F|  |TAMS 0x0000000087800000, 0x0000000087800000| Untracked 
|  97|0x0000000087900000, 0x0000000087900000, 0x0000000087a00000|  0%| F|  |TAMS 0x0000000087900000, 0x0000000087900000| Untracked 
|  98|0x0000000087a00000, 0x0000000087a00000, 0x0000000087b00000|  0%| F|  |TAMS 0x0000000087a00000, 0x0000000087a00000| Untracked 
|  99|0x0000000087b00000, 0x0000000087b00000, 0x0000000087c00000|  0%| F|  |TAMS 0x0000000087b00000, 0x0000000087b00000| Untracked 
| 100|0x0000000087c00000, 0x0000000087c00000, 0x0000000087d00000|  0%| F|  |TAMS 0x0000000087c00000, 0x0000000087c00000| Untracked 
| 101|0x0000000087d00000, 0x0000000087d00000, 0x0000000087e00000|  0%| F|  |TAMS 0x0000000087d00000, 0x0000000087d00000| Untracked 
| 102|0x0000000087e00000, 0x0000000087e00000, 0x0000000087f00000|  0%| F|  |TAMS 0x0000000087e00000, 0x0000000087e00000| Untracked 
| 103|0x0000000087f00000, 0x0000000087f00000, 0x0000000088000000|  0%| F|  |TAMS 0x0000000087f00000, 0x0000000087f00000| Untracked 
| 104|0x0000000088000000, 0x0000000088000000, 0x0000000088100000|  0%| F|  |TAMS 0x0000000088000000, 0x0000000088000000| Untracked 
| 105|0x0000000088100000, 0x0000000088153a48, 0x0000000088200000| 32%| S|CS|TAMS 0x0000000088100000, 0x0000000088100000| Complete 
| 106|0x0000000088200000, 0x0000000088300000, 0x0000000088300000|100%| S|CS|TAMS 0x0000000088200000, 0x0000000088200000| Complete 
| 107|0x0000000088300000, 0x0000000088400000, 0x0000000088400000|100%| S|CS|TAMS 0x0000000088300000, 0x0000000088300000| Complete 
| 108|0x0000000088400000, 0x0000000088500000, 0x0000000088500000|100%| S|CS|TAMS 0x0000000088400000, 0x0000000088400000| Complete 
| 109|0x0000000088500000, 0x0000000088600000, 0x0000000088600000|100%| S|CS|TAMS 0x0000000088500000, 0x0000000088500000| Complete 
| 110|0x0000000088600000, 0x0000000088600000, 0x0000000088700000|  0%| F|  |TAMS 0x0000000088600000, 0x0000000088600000| Untracked 
| 111|0x0000000088700000, 0x0000000088700000, 0x0000000088800000|  0%| F|  |TAMS 0x0000000088700000, 0x0000000088700000| Untracked 
| 112|0x0000000088800000, 0x0000000088800000, 0x0000000088900000|  0%| F|  |TAMS 0x0000000088800000, 0x0000000088800000| Untracked 
| 113|0x0000000088900000, 0x0000000088900000, 0x0000000088a00000|  0%| F|  |TAMS 0x0000000088900000, 0x0000000088900000| Untracked 
| 114|0x0000000088a00000, 0x0000000088a00000, 0x0000000088b00000|  0%| F|  |TAMS 0x0000000088a00000, 0x0000000088a00000| Untracked 
| 115|0x0000000088b00000, 0x0000000088b00000, 0x0000000088c00000|  0%| F|  |TAMS 0x0000000088b00000, 0x0000000088b00000| Untracked 
| 116|0x0000000088c00000, 0x0000000088d00000, 0x0000000088d00000|100%| S|CS|TAMS 0x0000000088c00000, 0x0000000088c00000| Complete 
| 117|0x0000000088d00000, 0x0000000088d00000, 0x0000000088e00000|  0%| F|  |TAMS 0x0000000088d00000, 0x0000000088d00000| Untracked 
| 118|0x0000000088e00000, 0x0000000088e00000, 0x0000000088f00000|  0%| F|  |TAMS 0x0000000088e00000, 0x0000000088e00000| Untracked 
| 119|0x0000000088f00000, 0x0000000088f00000, 0x0000000089000000|  0%| F|  |TAMS 0x0000000088f00000, 0x0000000088f00000| Untracked 
| 120|0x0000000089000000, 0x0000000089000000, 0x0000000089100000|  0%| F|  |TAMS 0x0000000089000000, 0x0000000089000000| Untracked 
| 121|0x0000000089100000, 0x0000000089100000, 0x0000000089200000|  0%| F|  |TAMS 0x0000000089100000, 0x0000000089100000| Untracked 
| 122|0x0000000089200000, 0x0000000089200000, 0x0000000089300000|  0%| F|  |TAMS 0x0000000089200000, 0x0000000089200000| Untracked 
| 123|0x0000000089300000, 0x0000000089300000, 0x0000000089400000|  0%| F|  |TAMS 0x0000000089300000, 0x0000000089300000| Untracked 
| 124|0x0000000089400000, 0x0000000089400000, 0x0000000089500000|  0%| F|  |TAMS 0x0000000089400000, 0x0000000089400000| Untracked 
| 125|0x0000000089500000, 0x0000000089500000, 0x0000000089600000|  0%| F|  |TAMS 0x0000000089500000, 0x0000000089500000| Untracked 
| 126|0x0000000089600000, 0x0000000089600000, 0x0000000089700000|  0%| F|  |TAMS 0x0000000089600000, 0x0000000089600000| Untracked 
| 127|0x0000000089700000, 0x0000000089700000, 0x0000000089800000|  0%| F|  |TAMS 0x0000000089700000, 0x0000000089700000| Untracked 
| 128|0x0000000089800000, 0x0000000089800000, 0x0000000089900000|  0%| F|  |TAMS 0x0000000089800000, 0x0000000089800000| Untracked 
| 129|0x0000000089900000, 0x0000000089900000, 0x0000000089a00000|  0%| F|  |TAMS 0x0000000089900000, 0x0000000089900000| Untracked 
| 130|0x0000000089a00000, 0x0000000089a00000, 0x0000000089b00000|  0%| F|  |TAMS 0x0000000089a00000, 0x0000000089a00000| Untracked 
| 131|0x0000000089b00000, 0x0000000089b00000, 0x0000000089c00000|  0%| F|  |TAMS 0x0000000089b00000, 0x0000000089b00000| Untracked 
| 132|0x0000000089c00000, 0x0000000089c00000, 0x0000000089d00000|  0%| F|  |TAMS 0x0000000089c00000, 0x0000000089c00000| Untracked 
| 133|0x0000000089d00000, 0x0000000089d00000, 0x0000000089e00000|  0%| F|  |TAMS 0x0000000089d00000, 0x0000000089d00000| Untracked 
| 134|0x0000000089e00000, 0x0000000089e00000, 0x0000000089f00000|  0%| F|  |TAMS 0x0000000089e00000, 0x0000000089e00000| Untracked 
| 135|0x0000000089f00000, 0x0000000089f00000, 0x000000008a000000|  0%| F|  |TAMS 0x0000000089f00000, 0x0000000089f00000| Untracked 
| 136|0x000000008a000000, 0x000000008a000000, 0x000000008a100000|  0%| F|  |TAMS 0x000000008a000000, 0x000000008a000000| Untracked 
| 137|0x000000008a100000, 0x000000008a100000, 0x000000008a200000|  0%| F|  |TAMS 0x000000008a100000, 0x000000008a100000| Untracked 
| 138|0x000000008a200000, 0x000000008a200000, 0x000000008a300000|  0%| F|  |TAMS 0x000000008a200000, 0x000000008a200000| Untracked 
| 139|0x000000008a300000, 0x000000008a300000, 0x000000008a400000|  0%| F|  |TAMS 0x000000008a300000, 0x000000008a300000| Untracked 
| 140|0x000000008a400000, 0x000000008a400000, 0x000000008a500000|  0%| F|  |TAMS 0x000000008a400000, 0x000000008a400000| Untracked 
| 141|0x000000008a500000, 0x000000008a500000, 0x000000008a600000|  0%| F|  |TAMS 0x000000008a500000, 0x000000008a500000| Untracked 
| 142|0x000000008a600000, 0x000000008a600000, 0x000000008a700000|  0%| F|  |TAMS 0x000000008a600000, 0x000000008a600000| Untracked 
| 143|0x000000008a700000, 0x000000008a700000, 0x000000008a800000|  0%| F|  |TAMS 0x000000008a700000, 0x000000008a700000| Untracked 
| 144|0x000000008a800000, 0x000000008a800000, 0x000000008a900000|  0%| F|  |TAMS 0x000000008a800000, 0x000000008a800000| Untracked 
| 145|0x000000008a900000, 0x000000008a900000, 0x000000008aa00000|  0%| F|  |TAMS 0x000000008a900000, 0x000000008a900000| Untracked 
| 146|0x000000008aa00000, 0x000000008aa00000, 0x000000008ab00000|  0%| F|  |TAMS 0x000000008aa00000, 0x000000008aa00000| Untracked 
| 147|0x000000008ab00000, 0x000000008ab00000, 0x000000008ac00000|  0%| F|  |TAMS 0x000000008ab00000, 0x000000008ab00000| Untracked 
| 148|0x000000008ac00000, 0x000000008ac00000, 0x000000008ad00000|  0%| F|  |TAMS 0x000000008ac00000, 0x000000008ac00000| Untracked 
| 149|0x000000008ad00000, 0x000000008ad00000, 0x000000008ae00000|  0%| F|  |TAMS 0x000000008ad00000, 0x000000008ad00000| Untracked 
| 150|0x000000008ae00000, 0x000000008ae00000, 0x000000008af00000|  0%| F|  |TAMS 0x000000008ae00000, 0x000000008ae00000| Untracked 
| 151|0x000000008af00000, 0x000000008af00000, 0x000000008b000000|  0%| F|  |TAMS 0x000000008af00000, 0x000000008af00000| Untracked 
| 152|0x000000008b000000, 0x000000008b000000, 0x000000008b100000|  0%| F|  |TAMS 0x000000008b000000, 0x000000008b000000| Untracked 
| 153|0x000000008b100000, 0x000000008b100000, 0x000000008b200000|  0%| F|  |TAMS 0x000000008b100000, 0x000000008b100000| Untracked 
| 154|0x000000008b200000, 0x000000008b200000, 0x000000008b300000|  0%| F|  |TAMS 0x000000008b200000, 0x000000008b200000| Untracked 
| 155|0x000000008b300000, 0x000000008b300000, 0x000000008b400000|  0%| F|  |TAMS 0x000000008b300000, 0x000000008b300000| Untracked 
| 156|0x000000008b400000, 0x000000008b400000, 0x000000008b500000|  0%| F|  |TAMS 0x000000008b400000, 0x000000008b400000| Untracked 
| 157|0x000000008b500000, 0x000000008b500000, 0x000000008b600000|  0%| F|  |TAMS 0x000000008b500000, 0x000000008b500000| Untracked 
| 158|0x000000008b600000, 0x000000008b600000, 0x000000008b700000|  0%| F|  |TAMS 0x000000008b600000, 0x000000008b600000| Untracked 
| 159|0x000000008b700000, 0x000000008b700000, 0x000000008b800000|  0%| F|  |TAMS 0x000000008b700000, 0x000000008b700000| Untracked 
| 160|0x000000008b800000, 0x000000008b800000, 0x000000008b900000|  0%| F|  |TAMS 0x000000008b800000, 0x000000008b800000| Untracked 
| 161|0x000000008b900000, 0x000000008b900000, 0x000000008ba00000|  0%| F|  |TAMS 0x000000008b900000, 0x000000008b900000| Untracked 
| 162|0x000000008ba00000, 0x000000008ba00000, 0x000000008bb00000|  0%| F|  |TAMS 0x000000008ba00000, 0x000000008ba00000| Untracked 
| 163|0x000000008bb00000, 0x000000008bb00000, 0x000000008bc00000|  0%| F|  |TAMS 0x000000008bb00000, 0x000000008bb00000| Untracked 
| 164|0x000000008bc00000, 0x000000008bc00000, 0x000000008bd00000|  0%| F|  |TAMS 0x000000008bc00000, 0x000000008bc00000| Untracked 
| 165|0x000000008bd00000, 0x000000008bd00000, 0x000000008be00000|  0%| F|  |TAMS 0x000000008bd00000, 0x000000008bd00000| Untracked 
| 166|0x000000008be00000, 0x000000008be00000, 0x000000008bf00000|  0%| F|  |TAMS 0x000000008be00000, 0x000000008be00000| Untracked 
| 167|0x000000008bf00000, 0x000000008bf00000, 0x000000008c000000|  0%| F|  |TAMS 0x000000008bf00000, 0x000000008bf00000| Untracked 
| 168|0x000000008c000000, 0x000000008c000000, 0x000000008c100000|  0%| F|  |TAMS 0x000000008c000000, 0x000000008c000000| Untracked 
| 169|0x000000008c100000, 0x000000008c100000, 0x000000008c200000|  0%| F|  |TAMS 0x000000008c100000, 0x000000008c100000| Untracked 
| 170|0x000000008c200000, 0x000000008c200000, 0x000000008c300000|  0%| F|  |TAMS 0x000000008c200000, 0x000000008c200000| Untracked 
| 171|0x000000008c300000, 0x000000008c300000, 0x000000008c400000|  0%| F|  |TAMS 0x000000008c300000, 0x000000008c300000| Untracked 
| 172|0x000000008c400000, 0x000000008c400000, 0x000000008c500000|  0%| F|  |TAMS 0x000000008c400000, 0x000000008c400000| Untracked 
| 173|0x000000008c500000, 0x000000008c500000, 0x000000008c600000|  0%| F|  |TAMS 0x000000008c500000, 0x000000008c500000| Untracked 
| 174|0x000000008c600000, 0x000000008c600000, 0x000000008c700000|  0%| F|  |TAMS 0x000000008c600000, 0x000000008c600000| Untracked 
| 175|0x000000008c700000, 0x000000008c700000, 0x000000008c800000|  0%| F|  |TAMS 0x000000008c700000, 0x000000008c700000| Untracked 
| 176|0x000000008c800000, 0x000000008c800000, 0x000000008c900000|  0%| F|  |TAMS 0x000000008c800000, 0x000000008c800000| Untracked 
| 177|0x000000008c900000, 0x000000008c900000, 0x000000008ca00000|  0%| F|  |TAMS 0x000000008c900000, 0x000000008c900000| Untracked 
| 178|0x000000008ca00000, 0x000000008ca00000, 0x000000008cb00000|  0%| F|  |TAMS 0x000000008ca00000, 0x000000008ca00000| Untracked 

Card table byte_map: [0x00000292c3830000,0x00000292c3c30000] _byte_map_base: 0x00000292c3424000

Marking Bits (Prev, Next): (CMBitMap*) 0x00000292bd700200, (CMBitMap*) 0x00000292bd700240
 Prev Bits: [0x00000292c4030000, 0x00000292c5fd0000)
 Next Bits: [0x00000292c5fd0000, 0x00000292c7f70000)

Polling page: 0x00000292bb640000

Metaspace:

Usage:
  Non-class:     30.49 MB used.
      Class:      4.54 MB used.
       Both:     35.03 MB used.

Virtual space:
  Non-class space:       32.00 MB reserved,      30.69 MB ( 96%) committed,  4 nodes.
      Class space:        1.00 GB reserved,       4.69 MB ( <1%) committed,  1 nodes.
             Both:        1.03 GB reserved,      35.38 MB (  3%) committed. 

Chunk freelists:
   Non-Class:  1.34 MB
       Class:  3.29 MB
        Both:  4.63 MB

MaxMetaspaceSize: unlimited
CompressedClassSpaceSize: 1.00 GB
Initial GC threshold: 21.00 MB
Current GC threshold: 58.75 MB
CDS: off
MetaspaceReclaimPolicy: balanced
 - commit_granule_bytes: 65536.
 - commit_granule_words: 8192.
 - virtual_space_node_default_size: 1048576.
 - enlarge_chunks_in_place: 1.
 - new_chunks_are_fully_committed: 0.
 - uncommit_free_chunks: 1.
 - use_allocation_guard: 0.
 - handle_deallocations: 1.


Internal statistics:

num_allocs_failed_limit: 3.
num_arena_births: 344.
num_arena_deaths: 0.
num_vsnodes_births: 5.
num_vsnodes_deaths: 0.
num_space_committed: 566.
num_space_uncommitted: 0.
num_chunks_returned_to_freelist: 3.
num_chunks_taken_from_freelist: 1387.
num_chunk_merges: 3.
num_chunk_splits: 923.
num_chunks_enlarged: 708.
num_purges: 0.
num_inconsistent_stats: 0.

CodeCache: size=49152Kb used=9186Kb max_used=9186Kb free=39965Kb
 bounds [0x00000292c0320000, 0x00000292c0c20000, 0x00000292c3320000]
 total_blobs=4289 nmethods=3767 adapters=447
 compilation: enabled
              stopped_count=0, restarted_count=0
 full_count=0

Compilation events (20 events):
Event: 4.074 Thread 0x00000292cc170020 nmethod 3747 0x00000292c0c0cb90 code [0x00000292c0c0cd60, 0x00000292c0c0d058]
Event: 4.074 Thread 0x00000292cbfdb020 nmethod 3746 0x00000292c0c0d210 code [0x00000292c0c0d3e0, 0x00000292c0c0d738]
Event: 4.074 Thread 0x00000292cc170020 3749       1       jdk.internal.module.SystemModuleFinders$SystemModuleReader::open (15 bytes)
Event: 4.074 Thread 0x00000292cbfdb020 3756       1       jdk.internal.module.SystemModuleFinders$SystemModuleReader$$Lambda$132/0x00000001001e9f30::apply (12 bytes)
Event: 4.074 Thread 0x00000292cbfdb020 nmethod 3756 0x00000292c0c0d910 code [0x00000292c0c0daa0, 0x00000292c0c0dbc8]
Event: 4.074 Thread 0x00000292cbfdb020 3758   !   1       jdk.internal.module.SystemModuleFinders$SystemModuleReader::toInputStream (43 bytes)
Event: 4.074 Thread 0x00000292bd6a90a0 nmethod 3760 0x00000292c0c0dc90 code [0x00000292c0c0e000, 0x00000292c0c0ee68]
Event: 4.074 Thread 0x00000292bd6a90a0 3757       1       java.nio.HeapByteBuffer::get (64 bytes)
Event: 4.075 Thread 0x00000292cbfdb020 nmethod 3758 0x00000292c0c0f710 code [0x00000292c0c0f900, 0x00000292c0c0fe28]
Event: 4.075 Thread 0x00000292cc170020 nmethod 3749 0x00000292c0c10110 code [0x00000292c0c10320, 0x00000292c0c108e8]
Event: 4.075 Thread 0x00000292bd6a90a0 nmethod 3757 0x00000292c0c10c10 code [0x00000292c0c10e00, 0x00000292c0c11198]
Event: 4.075 Thread 0x00000292caa7e8f0 nmethod 3759 0x00000292c0c11390 code [0x00000292c0c118a0, 0x00000292c0c131c8]
Event: 4.078 Thread 0x00000292caa7e8f0 3764       1       io.github.classgraph.Classfile::extendScanningUpwards (585 bytes)
Event: 4.142 Thread 0x00000292cc170020 3765  s!   1       jdk.internal.loader.URLClassPath::getLoader (196 bytes)
Event: 4.144 Thread 0x00000292cc170020 nmethod 3765 0x00000292c0c14790 code [0x00000292c0c14a40, 0x00000292c0c15458]
Event: 4.166 Thread 0x00000292caa7e8f0 nmethod 3764 0x00000292c0c16110 code [0x00000292c0c16580, 0x00000292c0c17488]
Event: 4.188 Thread 0x00000292caa7e8f0 3766       1       java.util.concurrent.ConcurrentHashMap::resizeStamp (9 bytes)
Event: 4.188 Thread 0x00000292caa7e8f0 nmethod 3766 0x00000292c0c18010 code [0x00000292c0c181a0, 0x00000292c0c18268]
Event: 4.189 Thread 0x00000292cc170020 3767       1       java.util.concurrent.ConcurrentHashMap::helpTransfer (123 bytes)
Event: 4.189 Thread 0x00000292cc170020 nmethod 3767 0x00000292c0c18310 code [0x00000292c0c184c0, 0x00000292c0c18738]

GC Heap History (20 events):
Event: 3.404 GC heap after
{Heap after GC invocations=9 (full 0):
 garbage-first heap   total 61440K, used 24655K [0x0000000081800000, 0x0000000100000000)
  region size 1024K, 4 young (4096K), 4 survivors (4096K)
 Metaspace       used 35602K, committed 35904K, reserved 1081344K
  class space    used 4602K, committed 4736K, reserved 1048576K
}
Event: 3.487 GC heap before
{Heap before GC invocations=9 (full 0):
 garbage-first heap   total 61440K, used 43087K [0x0000000081800000, 0x0000000100000000)
  region size 1024K, 23 young (23552K), 4 survivors (4096K)
 Metaspace       used 35719K, committed 36096K, reserved 1081344K
  class space    used 4620K, committed 4800K, reserved 1048576K
}
Event: 3.492 GC heap after
{Heap after GC invocations=10 (full 0):
 garbage-first heap   total 61440K, used 28785K [0x0000000081800000, 0x0000000100000000)
  region size 1024K, 3 young (3072K), 3 survivors (3072K)
 Metaspace       used 35719K, committed 36096K, reserved 1081344K
  class space    used 4620K, committed 4800K, reserved 1048576K
}
Event: 3.543 GC heap before
{Heap before GC invocations=10 (full 0):
 garbage-first heap   total 61440K, used 45169K [0x0000000081800000, 0x0000000100000000)
  region size 1024K, 19 young (19456K), 3 survivors (3072K)
 Metaspace       used 35719K, committed 36096K, reserved 1081344K
  class space    used 4620K, committed 4800K, reserved 1048576K
}
Event: 3.547 GC heap after
{Heap after GC invocations=11 (full 0):
 garbage-first heap   total 80896K, used 32174K [0x0000000081800000, 0x0000000100000000)
  region size 1024K, 3 young (3072K), 3 survivors (3072K)
 Metaspace       used 35719K, committed 36096K, reserved 1081344K
  class space    used 4620K, committed 4800K, reserved 1048576K
}
Event: 3.634 GC heap before
{Heap before GC invocations=11 (full 0):
 garbage-first heap   total 80896K, used 58798K [0x0000000081800000, 0x0000000100000000)
  region size 1024K, 29 young (29696K), 3 survivors (3072K)
 Metaspace       used 35723K, committed 36096K, reserved 1081344K
  class space    used 4620K, committed 4800K, reserved 1048576K
}
Event: 3.639 GC heap after
{Heap after GC invocations=12 (full 0):
 garbage-first heap   total 80896K, used 37012K [0x0000000081800000, 0x0000000100000000)
  region size 1024K, 4 young (4096K), 4 survivors (4096K)
 Metaspace       used 35723K, committed 36096K, reserved 1081344K
  class space    used 4620K, committed 4800K, reserved 1048576K
}
Event: 3.699 GC heap before
{Heap before GC invocations=12 (full 0):
 garbage-first heap   total 80896K, used 59540K [0x0000000081800000, 0x0000000100000000)
  region size 1024K, 27 young (27648K), 4 survivors (4096K)
 Metaspace       used 35723K, committed 36096K, reserved 1081344K
  class space    used 4620K, committed 4800K, reserved 1048576K
}
Event: 3.706 GC heap after
{Heap after GC invocations=13 (full 0):
 garbage-first heap   total 80896K, used 44026K [0x0000000081800000, 0x0000000100000000)
  region size 1024K, 4 young (4096K), 4 survivors (4096K)
 Metaspace       used 35723K, committed 36096K, reserved 1081344K
  class space    used 4620K, committed 4800K, reserved 1048576K
}
Event: 3.906 GC heap before
{Heap before GC invocations=13 (full 0):
 garbage-first heap   total 80896K, used 60410K [0x0000000081800000, 0x0000000100000000)
  region size 1024K, 21 young (21504K), 4 survivors (4096K)
 Metaspace       used 35723K, committed 36096K, reserved 1081344K
  class space    used 4620K, committed 4800K, reserved 1048576K
}
Event: 3.913 GC heap after
{Heap after GC invocations=14 (full 0):
 garbage-first heap   total 80896K, used 48937K [0x0000000081800000, 0x0000000100000000)
  region size 1024K, 3 young (3072K), 3 survivors (3072K)
 Metaspace       used 35723K, committed 36096K, reserved 1081344K
  class space    used 4620K, committed 4800K, reserved 1048576K
}
Event: 3.979 GC heap before
{Heap before GC invocations=14 (full 0):
 garbage-first heap   total 101376K, used 62249K [0x0000000081800000, 0x0000000100000000)
  region size 1024K, 16 young (16384K), 3 survivors (3072K)
 Metaspace       used 35725K, committed 36096K, reserved 1081344K
  class space    used 4621K, committed 4800K, reserved 1048576K
}
Event: 3.987 GC heap after
{Heap after GC invocations=15 (full 0):
 garbage-first heap   total 183296K, used 55667K [0x0000000081800000, 0x0000000100000000)
  region size 1024K, 2 young (2048K), 2 survivors (2048K)
 Metaspace       used 35725K, committed 36096K, reserved 1081344K
  class space    used 4621K, committed 4800K, reserved 1048576K
}
Event: 4.099 GC heap before
{Heap before GC invocations=16 (full 0):
 garbage-first heap   total 183296K, used 122227K [0x0000000081800000, 0x0000000100000000)
  region size 1024K, 67 young (68608K), 2 survivors (2048K)
 Metaspace       used 35797K, committed 36160K, reserved 1081344K
  class space    used 4635K, committed 4800K, reserved 1048576K
}
Event: 4.128 GC heap after
{Heap after GC invocations=17 (full 0):
 garbage-first heap   total 183296K, used 67085K [0x0000000081800000, 0x0000000100000000)
  region size 1024K, 9 young (9216K), 9 survivors (9216K)
 Metaspace       used 35797K, committed 36160K, reserved 1081344K
  class space    used 4635K, committed 4800K, reserved 1048576K
}
Event: 4.155 GC heap before
{Heap before GC invocations=17 (full 0):
 garbage-first heap   total 183296K, used 126477K [0x0000000081800000, 0x0000000100000000)
  region size 1024K, 68 young (69632K), 9 survivors (9216K)
 Metaspace       used 35868K, committed 36224K, reserved 1081344K
  class space    used 4644K, committed 4800K, reserved 1048576K
}
Event: 4.164 GC heap after
{Heap after GC invocations=18 (full 0):
 garbage-first heap   total 183296K, used 70666K [0x0000000081800000, 0x0000000100000000)
  region size 1024K, 4 young (4096K), 4 survivors (4096K)
 Metaspace       used 35868K, committed 36224K, reserved 1081344K
  class space    used 4644K, committed 4800K, reserved 1048576K
}
Event: 4.192 GC heap before
{Heap before GC invocations=18 (full 0):
 garbage-first heap   total 183296K, used 130058K [0x0000000081800000, 0x0000000100000000)
  region size 1024K, 63 young (64512K), 4 survivors (4096K)
 Metaspace       used 35868K, committed 36224K, reserved 1081344K
  class space    used 4644K, committed 4800K, reserved 1048576K
}
Event: 4.198 GC heap after
{Heap after GC invocations=19 (full 0):
 garbage-first heap   total 183296K, used 72449K [0x0000000081800000, 0x0000000100000000)
  region size 1024K, 6 young (6144K), 6 survivors (6144K)
 Metaspace       used 35868K, committed 36224K, reserved 1081344K
  class space    used 4644K, committed 4800K, reserved 1048576K
}
Event: 4.224 GC heap before
{Heap before GC invocations=19 (full 0):
 garbage-first heap   total 183296K, used 134913K [0x0000000081800000, 0x0000000100000000)
  region size 1024K, 68 young (69632K), 6 survivors (6144K)
 Metaspace       used 35868K, committed 36224K, reserved 1081344K
  class space    used 4644K, committed 4800K, reserved 1048576K
}

Dll operation events (8 events):
Event: 0.012 Loaded shared library c:\Users\Madhav\.vscode\extensions\redhat.java-1.13.0-win32-x64\jre\17.0.5-win32-x86_64\bin\java.dll
Event: 0.282 Loaded shared library C:\Users\Madhav\.vscode\extensions\redhat.java-1.13.0-win32-x64\jre\17.0.5-win32-x86_64\bin\net.dll
Event: 0.285 Loaded shared library C:\Users\Madhav\.vscode\extensions\redhat.java-1.13.0-win32-x64\jre\17.0.5-win32-x86_64\bin\nio.dll
Event: 0.294 Loaded shared library C:\Users\Madhav\.vscode\extensions\redhat.java-1.13.0-win32-x64\jre\17.0.5-win32-x86_64\bin\zip.dll
Event: 0.433 Loaded shared library c:\Users\Madhav\.vscode\extensions\redhat.java-1.13.0-win32-x64\jre\17.0.5-win32-x86_64\bin\verify.dll
Event: 0.441 Loaded shared library C:\Users\Madhav\.vscode\extensions\redhat.java-1.13.0-win32-x64\jre\17.0.5-win32-x86_64\bin\jimage.dll
Event: 1.387 Loaded shared library C:\Users\Madhav\.vscode\extensions\redhat.java-1.13.0-win32-x64\jre\17.0.5-win32-x86_64\bin\management.dll
Event: 1.390 Loaded shared library C:\Users\Madhav\.vscode\extensions\redhat.java-1.13.0-win32-x64\jre\17.0.5-win32-x86_64\bin\management_ext.dll

Deoptimization events (12 events):
Event: 1.606 Thread 0x00000292bd6a81e0 DEOPT PACKING pc=0x00000292c087dc19 sp=0x000000d9faefd1a0
Event: 1.606 Thread 0x00000292bd6a81e0 DEOPT UNPACKING pc=0x00000292c0372b43 sp=0x000000d9faefc680 mode 3
Event: 2.738 Thread 0x00000292bd6a81e0 DEOPT PACKING pc=0x00000292c09f8619 sp=0x000000d9faefc580
Event: 2.738 Thread 0x00000292bd6a81e0 DEOPT UNPACKING pc=0x00000292c0372b43 sp=0x000000d9faefba60 mode 3
Event: 3.120 Thread 0x00000292ccc49d80 DEOPT PACKING pc=0x00000292c0aafab5 sp=0x000000d9fcffd5e0
Event: 3.120 Thread 0x00000292ccc49d80 DEOPT UNPACKING pc=0x00000292c0372b43 sp=0x000000d9fcffcb08 mode 3
Event: 3.155 Thread 0x00000292ccb1ae90 DEOPT PACKING pc=0x00000292c087a601 sp=0x000000d9fcefdc70
Event: 3.155 Thread 0x00000292ccb1ae90 DEOPT UNPACKING pc=0x00000292c0372b43 sp=0x000000d9fcefd100 mode 3
Event: 3.156 Thread 0x00000292ccc5f410 DEOPT PACKING pc=0x00000292c0878117 sp=0x000000d9fd0fecc0
Event: 3.156 Thread 0x00000292ccc5f410 DEOPT UNPACKING pc=0x00000292c0372b43 sp=0x000000d9fd0fe118 mode 3
Event: 3.249 Thread 0x00000292ccc9ca70 DEOPT PACKING pc=0x00000292c0ad9fab sp=0x000000d9fd6fe7f0
Event: 3.249 Thread 0x00000292ccc9ca70 DEOPT UNPACKING pc=0x00000292c0372b43 sp=0x000000d9fd6fdd38 mode 3

Classes unloaded (0 events):
No events

Classes redefined (0 events):
No events

Internal exceptions (20 events):
Event: 3.283 Thread 0x00000292ccc9c5a0 Exception <a 'sun/nio/fs/WindowsException'{0x0000000083e4f170}> (0x0000000083e4f170) 
thrown [s\src\hotspot\share\prims\jni.cpp, line 516]
Event: 3.283 Thread 0x00000292ccc9c5a0 Exception <a 'sun/nio/fs/WindowsException'{0x0000000083e4f550}> (0x0000000083e4f550) 
thrown [s\src\hotspot\share\prims\jni.cpp, line 516]
Event: 3.284 Thread 0x00000292ccc9c5a0 Exception <a 'sun/nio/fs/WindowsException'{0x0000000083e4ffa0}> (0x0000000083e4ffa0) 
thrown [s\src\hotspot\share\prims\jni.cpp, line 516]
Event: 3.284 Thread 0x00000292ccc9c5a0 Exception <a 'sun/nio/fs/WindowsException'{0x0000000083e503b0}> (0x0000000083e503b0) 
thrown [s\src\hotspot\share\prims\jni.cpp, line 516]
Event: 3.284 Thread 0x00000292ccc9c5a0 Exception <a 'sun/nio/fs/WindowsException'{0x0000000083e50dd8}> (0x0000000083e50dd8) 
thrown [s\src\hotspot\share\prims\jni.cpp, line 516]
Event: 3.285 Thread 0x00000292ccc9c5a0 Exception <a 'sun/nio/fs/WindowsException'{0x0000000083e511b8}> (0x0000000083e511b8) 
thrown [s\src\hotspot\share\prims\jni.cpp, line 516]
Event: 3.285 Thread 0x00000292ccc9c5a0 Exception <a 'sun/nio/fs/WindowsException'{0x0000000083e51bb8}> (0x0000000083e51bb8) 
thrown [s\src\hotspot\share\prims\jni.cpp, line 516]
Event: 3.285 Thread 0x00000292ccc9c5a0 Exception <a 'sun/nio/fs/WindowsException'{0x0000000083e51f68}> (0x0000000083e51f68) 
thrown [s\src\hotspot\share\prims\jni.cpp, line 516]
Event: 3.285 Thread 0x00000292ccc9c5a0 Exception <a 'sun/nio/fs/WindowsException'{0x0000000083e52970}> (0x0000000083e52970) 
thrown [s\src\hotspot\share\prims\jni.cpp, line 516]
Event: 3.285 Thread 0x00000292ccc9c5a0 Exception <a 'sun/nio/fs/WindowsException'{0x0000000083e52d30}> (0x0000000083e52d30) 
thrown [s\src\hotspot\share\prims\jni.cpp, line 516]
Event: 3.285 Thread 0x00000292ccc9c5a0 Exception <a 'sun/nio/fs/WindowsException'{0x0000000083e53730}> (0x0000000083e53730) 
thrown [s\src\hotspot\share\prims\jni.cpp, line 516]
Event: 3.285 Thread 0x00000292ccc9c5a0 Exception <a 'sun/nio/fs/WindowsException'{0x0000000083e53ae0}> (0x0000000083e53ae0) 
thrown [s\src\hotspot\share\prims\jni.cpp, line 516]
Event: 3.286 Thread 0x00000292ccc9c5a0 Exception <a 'sun/nio/fs/WindowsException'{0x0000000083e544e8}> (0x0000000083e544e8) 
thrown [s\src\hotspot\share\prims\jni.cpp, line 516]
Event: 3.286 Thread 0x00000292ccc9c5a0 Exception <a 'sun/nio/fs/WindowsException'{0x0000000083e548a8}> (0x0000000083e548a8) 
thrown [s\src\hotspot\share\prims\jni.cpp, line 516]
Event: 3.286 Thread 0x00000292ccc9c5a0 Exception <a 'sun/nio/fs/WindowsException'{0x0000000083e552d0}> (0x0000000083e552d0) 
thrown [s\src\hotspot\share\prims\jni.cpp, line 516]
Event: 3.286 Thread 0x00000292ccc9c5a0 Exception <a 'sun/nio/fs/WindowsException'{0x0000000083e556b0}> (0x0000000083e556b0) 
thrown [s\src\hotspot\share\prims\jni.cpp, line 516]
Event: 3.286 Thread 0x00000292ccc9c5a0 Exception <a 'sun/nio/fs/WindowsException'{0x0000000083e560e8}> (0x0000000083e560e8) 
thrown [s\src\hotspot\share\prims\jni.cpp, line 516]
Event: 3.286 Thread 0x00000292ccc9c5a0 Exception <a 'sun/nio/fs/WindowsException'{0x0000000083e564d8}> (0x0000000083e564d8) 
thrown [s\src\hotspot\share\prims\jni.cpp, line 516]
Event: 3.287 Thread 0x00000292ccc9c5a0 Exception <a 'sun/nio/fs/WindowsException'{0x0000000083e56f08}> (0x0000000083e56f08) 
thrown [s\src\hotspot\share\prims\jni.cpp, line 516]
Event: 3.287 Thread 0x00000292ccc9c5a0 Exception <a 'sun/nio/fs/WindowsException'{0x0000000083e572f8}> (0x0000000083e572f8) 
thrown [s\src\hotspot\share\prims\jni.cpp, line 516]

VM Operations (20 events):
Event: 3.989 Executing VM operation: G1Concurrent done
Event: 4.079 Executing VM operation: HandshakeAllThreads
Event: 4.096 Executing VM operation: HandshakeAllThreads done
Event: 4.098 Executing VM operation: G1CollectForAllocation
Event: 4.098 Executing VM operation: G1CollectForAllocation done
Event: 4.098 Executing VM operation: G1CollectForAllocation
Event: 4.128 Executing VM operation: G1CollectForAllocation done
Event: 4.131 Executing VM operation: HandshakeAllThreads
Event: 4.131 Executing VM operation: HandshakeAllThreads done
Event: 4.154 Executing VM operation: G1CollectForAllocation
Event: 4.155 Executing VM operation: G1CollectForAllocation done
Event: 4.155 Executing VM operation: G1CollectForAllocation
Event: 4.164 Executing VM operation: G1CollectForAllocation done
Event: 4.191 Executing VM operation: G1CollectForAllocation
Event: 4.192 Executing VM operation: G1CollectForAllocation done
Event: 4.192 Executing VM operation: G1CollectForAllocation
Event: 4.198 Executing VM operation: G1CollectForAllocation done
Event: 4.223 Executing VM operation: G1CollectForAllocation
Event: 4.223 Executing VM operation: G1CollectForAllocation done
Event: 4.223 Executing VM operation: G1CollectForAllocation

Events (20 events):
Event: 3.454 loading class java/util/stream/Collectors$1PairBox
Event: 3.454 loading class java/util/stream/Collectors$1PairBox done
Event: 3.454 loading class java/util/concurrent/locks/AbstractQueuedSynchronizer$SharedNode
Event: 3.454 loading class java/util/concurrent/locks/AbstractQueuedSynchronizer$SharedNode done
Event: 3.454 loading class jdk/internal/module/SystemModuleFinders$ModuleContentSpliterator
Event: 3.454 loading class jdk/internal/module/SystemModuleFinders$ModuleContentSpliterator done
Event: 3.455 loading class jdk/internal/jimage/ImageReader$Directory
Event: 3.455 loading class jdk/internal/jimage/ImageReader$Node
Event: 3.455 loading class jdk/internal/jimage/ImageReader$Node done
Event: 3.455 loading class jdk/internal/jimage/ImageReader$Directory done
Event: 3.455 loading class jdk/internal/jimage/ImageReader$SharedImageReader$LocationVisitor
Event: 3.455 loading class jdk/internal/jimage/ImageReader$SharedImageReader$LocationVisitor done
Event: 3.455 loading class java/nio/ByteBufferAsIntBufferL
Event: 3.456 loading class java/nio/ByteBufferAsIntBufferL done
Event: 3.456 loading class jdk/internal/jimage/ImageReader$Resource
Event: 3.456 loading class jdk/internal/jimage/ImageReader$Resource done
Event: 3.457 loading class java/util/stream/LongStream
Event: 3.457 loading class java/util/stream/LongStream done
Event: 3.457 loading class java/util/stream/DoubleStream
Event: 3.457 loading class java/util/stream/DoubleStream done


Dynamic libraries:
0x00007ff6c80a0000 - 0x00007ff6c80ae000 	c:\Users\Madhav\.vscode\extensions\redhat.java-1.13.0-win32-x64\jre\17.0.5-win32-x86_64\bin\java.exe
0x00007ffec4f10000 - 0x00007ffec5108000 	C:\Windows\SYSTEM32\ntdll.dll
0x00007ffec2fd0000 - 0x00007ffec308d000 	C:\Windows\System32\KERNEL32.DLL
0x00007ffec2bf0000 - 0x00007ffec2ebe000 	C:\Windows\System32\KERNELBASE.dll
0x00007ffebfe50000 - 0x00007ffebfee0000 	C:\Windows\SYSTEM32\apphelp.dll
0x00007ffec2750000 - 0x00007ffec2850000 	C:\Windows\System32\ucrtbase.dll
0x00007ffeac790000 - 0x00007ffeac7a9000 	c:\Users\Madhav\.vscode\extensions\redhat.java-1.13.0-win32-x64\jre\17.0.5-win32-x86_64\bin\VCRUNTIME140.dll
0x00007ffeaa7e0000 - 0x00007ffeaa7f7000 	c:\Users\Madhav\.vscode\extensions\redhat.java-1.13.0-win32-x64\jre\17.0.5-win32-x86_64\bin\jli.dll
0x00007ffec40f0000 - 0x00007ffec4290000 	C:\Windows\System32\USER32.dll
0x00007ffec2680000 - 0x00007ffec26a2000 	C:\Windows\System32\win32u.dll
0x00007ffec4400000 - 0x00007ffec442a000 	C:\Windows\System32\GDI32.dll
0x00007ffeac930000 - 0x00007ffeacbca000 	C:\Windows\WinSxS\amd64_microsoft.windows.common-controls_6595b64144ccf1df_6.0.19041.1110_none_60b5254171f9507e\COMCTL32.dll
0x00007ffec2a50000 - 0x00007ffec2b5b000 	C:\Windows\System32\gdi32full.dll
0x00007ffec4360000 - 0x00007ffec43fe000 	C:\Windows\System32\msvcrt.dll
0x00007ffec29b0000 - 0x00007ffec2a4d000 	C:\Windows\System32\msvcp_win.dll
0x00007ffec30a0000 - 0x00007ffec30d0000 	C:\Windows\System32\IMM32.DLL
0x00007ffeb1dc0000 - 0x00007ffeb1dcc000 	c:\Users\Madhav\.vscode\extensions\redhat.java-1.13.0-win32-x64\jre\17.0.5-win32-x86_64\bin\vcruntime140_1.dll
0x00007ffe907d0000 - 0x00007ffe90861000 	c:\Users\Madhav\.vscode\extensions\redhat.java-1.13.0-win32-x64\jre\17.0.5-win32-x86_64\bin\msvcp140.dll
0x00007ffe6b270000 - 0x00007ffe6beb4000 	c:\Users\Madhav\.vscode\extensions\redhat.java-1.13.0-win32-x64\jre\17.0.5-win32-x86_64\bin\server\jvm.dll
0x00007ffec3310000 - 0x00007ffec33be000 	C:\Windows\System32\ADVAPI32.dll
0x00007ffec4960000 - 0x00007ffec49fc000 	C:\Windows\System32\sechost.dll
0x00007ffec4c40000 - 0x00007ffec4d65000 	C:\Windows\System32\RPCRT4.dll
0x00007ffea63f0000 - 0x00007ffea63f9000 	C:\Windows\SYSTEM32\WSOCK32.dll
0x00007ffec4e60000 - 0x00007ffec4ecb000 	C:\Windows\System32\WS2_32.dll
0x00007ffeb43f0000 - 0x00007ffeb4417000 	C:\Windows\SYSTEM32\WINMM.dll
0x00007ffebce90000 - 0x00007ffebce9a000 	C:\Windows\SYSTEM32\VERSION.dll
0x00007ffec0510000 - 0x00007ffec0522000 	C:\Windows\SYSTEM32\kernel.appcore.dll
0x00007ffead620000 - 0x00007ffead62a000 	c:\Users\Madhav\.vscode\extensions\redhat.java-1.13.0-win32-x64\jre\17.0.5-win32-x86_64\bin\jimage.dll
0x00007ffeb1fd0000 - 0x00007ffeb21b4000 	C:\Windows\SYSTEM32\DBGHELP.DLL
0x00007ffea7be0000 - 0x00007ffea7c0c000 	C:\Windows\SYSTEM32\dbgcore.DLL
0x00007ffec2b60000 - 0x00007ffec2be2000 	C:\Windows\System32\bcryptPrimitives.dll
0x00007ffe9be10000 - 0x00007ffe9be35000 	c:\Users\Madhav\.vscode\extensions\redhat.java-1.13.0-win32-x64\jre\17.0.5-win32-x86_64\bin\java.dll
0x00007ffe9bce0000 - 0x00007ffe9bcf8000 	c:\Users\Madhav\.vscode\extensions\redhat.java-1.13.0-win32-x64\jre\17.0.5-win32-x86_64\bin\zip.dll
0x00007ffec3880000 - 0x00007ffec3fc4000 	C:\Windows\System32\SHELL32.dll
0x00007ffec0710000 - 0x00007ffec0ea4000 	C:\Windows\SYSTEM32\windows.storage.dll
0x00007ffec3520000 - 0x00007ffec3874000 	C:\Windows\System32\combase.dll
0x00007ffec1f40000 - 0x00007ffec1f70000 	C:\Windows\SYSTEM32\Wldp.dll
0x00007ffec4b90000 - 0x00007ffec4c3d000 	C:\Windows\System32\SHCORE.dll
0x00007ffec4a00000 - 0x00007ffec4a55000 	C:\Windows\System32\shlwapi.dll
0x00007ffec2570000 - 0x00007ffec258f000 	C:\Windows\SYSTEM32\profapi.dll
0x00007ffe9baa0000 - 0x00007ffe9bab9000 	C:\Users\Madhav\.vscode\extensions\redhat.java-1.13.0-win32-x64\jre\17.0.5-win32-x86_64\bin\net.dll
0x00007ffeb3a70000 - 0x00007ffeb3b7a000 	C:\Windows\SYSTEM32\WINHTTP.dll
0x00007ffec1cc0000 - 0x00007ffec1d2a000 	C:\Windows\system32\mswsock.dll
0x00007ffe9ba20000 - 0x00007ffe9ba35000 	C:\Users\Madhav\.vscode\extensions\redhat.java-1.13.0-win32-x64\jre\17.0.5-win32-x86_64\bin\nio.dll
0x00007ffeacbd0000 - 0x00007ffeacbe0000 	c:\Users\Madhav\.vscode\extensions\redhat.java-1.13.0-win32-x64\jre\17.0.5-win32-x86_64\bin\verify.dll
0x00007ffeb3e20000 - 0x00007ffeb3e29000 	C:\Users\Madhav\.vscode\extensions\redhat.java-1.13.0-win32-x64\jre\17.0.5-win32-x86_64\bin\management.dll
0x00007ffeb3e10000 - 0x00007ffeb3e1b000 	C:\Users\Madhav\.vscode\extensions\redhat.java-1.13.0-win32-x64\jre\17.0.5-win32-x86_64\bin\management_ext.dll
0x00007ffec4d70000 - 0x00007ffec4d78000 	C:\Windows\System32\PSAPI.DLL
0x00007ffeaf280000 - 0x00007ffeaf297000 	C:\Windows\system32\napinsp.dll
0x00007ffeaf260000 - 0x00007ffeaf27b000 	C:\Windows\system32\pnrpnsp.dll
0x00007ffebba70000 - 0x00007ffebba85000 	C:\Windows\system32\wshbth.dll
0x00007ffebde60000 - 0x00007ffebde7d000 	C:\Windows\system32\NLAapi.dll
0x00007ffec19d0000 - 0x00007ffec1a0b000 	C:\Windows\SYSTEM32\IPHLPAPI.DLL
0x00007ffec1a10000 - 0x00007ffec1adb000 	C:\Windows\SYSTEM32\DNSAPI.dll
0x00007ffec3090000 - 0x00007ffec3098000 	C:\Windows\System32\NSI.dll
0x00007ffeaf240000 - 0x00007ffeaf252000 	C:\Windows\System32\winrnr.dll
0x000000006c450000 - 0x000000006c476000 	C:\Program Files\Bonjour\mdnsNSP.dll
0x00007ffebb180000 - 0x00007ffebb18a000 	C:\Windows\System32\rasadhlp.dll
0x00007ffeafe40000 - 0x00007ffeafec0000 	C:\Windows\System32\fwpuclnt.dll
0x00007ffec2720000 - 0x00007ffec2747000 	C:\Windows\System32\bcrypt.dll
0x00007ffec22e0000 - 0x00007ffec22f8000 	C:\Windows\SYSTEM32\CRYPTSP.dll
0x00007ffec1660000 - 0x00007ffec1694000 	C:\Windows\system32\rsaenh.dll
0x00007ffec2530000 - 0x00007ffec255e000 	C:\Windows\SYSTEM32\USERENV.dll
0x00007ffec1e50000 - 0x00007ffec1e5c000 	C:\Windows\SYSTEM32\CRYPTBASE.dll
0x00007ffeba860000 - 0x00007ffeba877000 	C:\Windows\SYSTEM32\dhcpcsvc6.DLL
0x00007ffeb8190000 - 0x00007ffeb81ad000 	C:\Windows\SYSTEM32\dhcpcsvc.DLL

dbghelp: loaded successfully - version: 4.0.5 - missing functions: none
symbol engine: initialized successfully - sym options: 0x614 - pdb path: .;c:\Users\Madhav\.vscode\extensions\redhat.java-1.13.0-win32-x64\jre\17.0.5-win32-x86_64\bin;C:\Windows\SYSTEM32;C:\Windows\WinSxS\amd64_microsoft.windows.common-controls_6595b64144ccf1df_6.0.19041.1110_none_60b5254171f9507e;c:\Users\Madhav\.vscode\extensions\redhat.java-1.13.0-win32-x64\jre\17.0.5-win32-x86_64\bin\server;C:\Program Files\Bonjour

VM Arguments:
jvm_args: -Dsts.lsp.client=vscode -Dsts.log.file=/dev/null -XX:TieredStopAtLevel=1 -Xlog:jni+resolve=off -Dspring.config.location=file:c:\Users\Madhav\.vscode\extensions\pivotal.vscode-spring-boot-1.42.0\language-server\BOOT-INF\classes\application.properties 
java_command: org.springframework.ide.vscode.boot.app.BootLanguageServerBootApp
java_class_path (initial): c:\Users\Madhav\.vscode\extensions\pivotal.vscode-spring-boot-1.42.0\language-server\BOOT-INF\classes;c:\Users\Madhav\.vscode\extensions\pivotal.vscode-spring-boot-1.42.0\language-server\BOOT-INF\lib\annotations-23.1.0.jar;c:\Users\Madhav\.vscode\extensions\pivotal.vscode-spring-boot-1.42.0\language-server\BOOT-INF\lib\ant-1.10.12.jar;c:\Users\Madhav\.vscode\extensions\pivotal.vscode-spring-boot-1.42.0\language-server\BOOT-INF\lib\ant-launcher-1.10.12.jar;c:\Users\Madhav\.vscode\extensions\pivotal.vscode-spring-boot-1.42.0\language-server\BOOT-INF\lib\antlr-runtime-3.5.2.jar;c:\Users\Madhav\.vscode\extensions\pivotal.vscode-spring-boot-1.42.0\language-server\BOOT-INF\lib\antlr4-4.9.3.jar;c:\Users\Madhav\.vscode\extensions\pivotal.vscode-spring-boot-1.42.0\language-server\BOOT-INF\lib\antlr4-runtime-4.9.3.jar;c:\Users\Madhav\.vscode\extensions\pivotal.vscode-spring-boot-1.42.0\language-server\BOOT-INF\lib\apiguardian-api-1.1.2.jar;c:\Users\Madhav\.vscode\extensions\pivotal.vscode-spring-boot-1.42.0\language-server\BOOT-INF\lib\asm-9.4.jar;c:\Users\Madhav\.vscode\extensions\pivotal.vscode-spring-boot-1.42.0\language-server\BOOT-INF\lib\asm-analysis-9.4.jar;c:\Users\Madhav\.vscode\extensions\pivotal.vscode-spring-boot-1.42.0\language-server\BOOT-INF\lib\asm-tree-9.4.jar;c:\Users\Madhav\.vscode\extensions\pivotal.vscode-spring-boot-1.42.0\language-server\BOOT-INF\lib\asm-util-9.4.jar;c:\Users\Madhav\.vscode\extensions\pivotal.vscode-spring-boot-1.42.0\language-server\BOOT-INF\lib\caffeine-2.9.3.jar;c:\Users\Madhav\.vscode\extensions\pivotal.vscode-spring-boot-1.42.0\language-server\BOOT-INF\lib\checker-qual-3.12.0.jar;c:\Users\Madhav\.vscode\extensions\pivotal.vscode-spring-boot-1.42.0\language-server\BOOT-INF\lib\ci-environment-9.1.0.jar;c:\Users\Madhav\.vscode\extensions\pivotal.vscode-spring-boot-1.42.0\language-server\BOOT-INF\lib\classgraph-4.8.149.jar;c:\Users\Madhav\.vscode\extensions\pivotal.vscode-spring-boot-1.42.0\language-server\
Launcher Type: SUN_STANDARD

[Global flags]
     intx CICompilerCount                          = 4                                         {product} {ergonomic}
     uint ConcGCThreads                            = 2                                         {product} {ergonomic}
     uint G1ConcRefinementThreads                  = 8                                         {product} {ergonomic}
   size_t G1HeapRegionSize                         = 1048576                                   {product} {ergonomic}
    uintx GCDrainStackTargetSize                   = 64                                        {product} {ergonomic}
   size_t InitialHeapSize                          = 134217728                                 {product} {ergonomic}
   size_t MarkStackSize                            = 4194304                                   {product} {ergonomic}
   size_t MaxHeapSize                              = 2122317824                                {product} {ergonomic}
   size_t MaxNewSize                               = 1272971264                                {product} {ergonomic}
   size_t MinHeapDeltaBytes                        = 1048576                                   {product} {ergonomic}
   size_t MinHeapSize                              = 8388608                                   {product} {ergonomic}
    uintx NonProfiledCodeHeapSize                  = 0                                      {pd product} {ergonomic}
     bool ProfileInterpreter                       = false                                  {pd product} {command line}
    uintx ProfiledCodeHeapSize                     = 0                                      {pd product} {ergonomic}
   size_t SoftMaxHeapSize                          = 2122317824                             {manageable} {ergonomic}
     intx TieredStopAtLevel                        = 1                                         {product} {command line}
     bool UseCompressedClassPointers               = true                           {product lp64_product} {ergonomic}
     bool UseCompressedOops                        = true                           {product lp64_product} {ergonomic}
     bool UseG1GC                                  = true                                      {product} {ergonomic}
     bool UseLargePagesIndividualAllocation        = false                                  {pd product} {ergonomic}

Logging:
Log output configuration:
 #0: stdout all=warning,jni+resolve=off uptime,level,tags
 #1: stderr all=off uptime,level,tags

Environment Variables:
PATH=C:\Users\Madhav\AppData\Local\cloud-code\installer\google-cloud-sdk\bin;C:\Python311\Scripts\;C:\Python311\;C:\Python310\Scripts\;C:\Python310\;C:\Program Files\Eclipse Adoptium\jdk-17.0.2.8-hotspot\bin;C:\Program Files\Common Files\Oracle\Java\javapath;C:\Windows\system32;C:\Windows;C:\Windows\System32\Wbem;C:\Windows\System32\WindowsPowerShell\v1.0\;C:\Windows\System32\OpenSSH\;C:\Program Files\NVIDIA Corporation\NVIDIA NvDLISR;C:\Program Files (x86)\NVIDIA Corporation\PhysX\Common;C:\Program Files\Git\cmd;C:\ProgramData\chocolatey\bin;C:\Program Files\nodejs\;C:\Program Files\Docker\Docker\resources\bin;C:\Program Files\MySQL\MySQL Shell 8.0\bin\;C:\Users\Madhav\AppData\Local\Microsoft\WindowsApps;C:\Users\Madhav\AppData\Local\Programs\Microsoft VS Code\bin;C:\src\flutter\bin;C:\Users\Madhav\AppData\Roaming\npm;C:\Users\Madhav\AppData\Local\Google\Cloud SDK\google-cloud-sdk\bin;C:\Program Files (x86)\Google\Cloud SDK\google-cloud-sdk\bin;C:\Program Files\Google\Cloud SDK\google-cloud-sdk\bin
USERNAME=Madhav
OS=Windows_NT
PROCESSOR_IDENTIFIER=AMD64 Family 21 Model 2 Stepping 0, AuthenticAMD
TMP=C:\Users\Madhav\AppData\Local\Temp
TEMP=C:\Users\Madhav\AppData\Local\Temp



---------------  S Y S T E M  ---------------

OS:
 Windows 10 , 64 bit Build 19041 (10.0.19041.1806)
OS uptime: 7 days 6:43 hours
Hyper-V role detected

CPU: total 8 (initial active 8) (8 cores per cpu, 1 threads per core) family 21 model 2 stepping 0 microcode 0x0, cx8, cmov, fxsr, mmx, 3dnowpref, sse, sse2, sse3, ssse3, sse4a, sse4.1, sse4.2, popcnt, lzcnt, tsc, tscinvbit, avx, aes, clmul, bmi1, fma, vzeroupper, clflush, hv

Memory: 4k page, system-wide physical 8091M (960M free)
TotalPageFile size 20091M (AvailPageFile size 186M)
current process WorkingSet (physical memory assigned to process): 262M, peak: 262M
current process commit charge ("private bytes"): 322M, peak: 538M

vm_info: OpenJDK 64-Bit Server VM (17.0.5+8) for windows-amd64 JRE (17.0.5+8), built on Oct 19 2022 04:48:13 by "temurin" with MS VC++ 16.7 (VS2019)

END.
