#
# There is insufficient memory for the Java Runtime Environment to continue.
# Native memory allocation (mmap) failed to map 374341632 bytes for G1 virtual space
# Possible reasons:
#   The system is out of physical RAM or swap space
#   The process is running with CompressedOops enabled, and the Java Heap may be blocking the growth of the native heap
# Possible solutions:
#   Reduce memory load on the system
#   Increase physical memory or swap space
#   Check if swap backing store is full
#   Decrease Java heap size (-Xmx/-Xms)
#   Decrease number of Java threads
#   Decrease Java thread stack sizes (-Xss)
#   Set larger code cache with -XX:ReservedCodeCacheSize=
#   JVM is running with Unscaled Compressed Oops mode in which the Java heap is
#     placed in the first 4GB address space. The Java Heap base address is the
#     maximum limit for the native heap growth. Please use -XX:HeapBaseMinAddress
#     to set the Java Heap base and to place the Java Heap above 4GB virtual address.
# This output file may be truncated or incomplete.
#
#  Out of Memory Error (os_windows.cpp:3548), pid=15908, tid=16560
#
# JRE version: OpenJDK Runtime Environment Temurin-17.0.5+8 (17.0.5+8) (build 17.0.5+8)
# Java VM: OpenJDK 64-Bit Server VM Temurin-17.0.5+8 (17.0.5+8, mixed mode, emulated-client, tiered, compressed oops, compressed class ptrs, g1 gc, windows-amd64)
# No core dump will be written. Minidumps are not enabled by default on client versions of Windows
#

---------------  S U M M A R Y ------------

Command Line: -Dsts.lsp.client=vscode -Dsts.log.file=/dev/null -XX:TieredStopAtLevel=1 -Xlog:jni+resolve=off -Dspring.config.location=file:c:\Users\Madhav\.vscode\extensions\pivotal.vscode-spring-boot-1.42.0\language-server\BOOT-INF\classes\application.properties org.springframework.ide.vscode.boot.app.BootLanguageServerBootApp

Host: AMD FX(tm)-8320 Eight-Core Processor           , 8 cores, 7G,  Windows 10 , 64 bit Build 19041 (10.0.19041.1806)
Time: Sat Dec 24 17:12:36 2022 India Standard Time elapsed time: 4.587737 seconds (0d 0h 0m 4s)

---------------  T H R E A D  ---------------

Current thread (0x0000020660bf44a0):  VMThread "VM Thread" [stack: 0x000000f9bf300000,0x000000f9bf400000] [id=16560]

Stack: [0x000000f9bf300000,0x000000f9bf400000]
Native frames: (J=compiled Java code, j=interpreted, Vv=VM code, C=native code)
V  [jvm.dll+0x676b3a]
V  [jvm.dll+0x831444]
V  [jvm.dll+0x832bee]
V  [jvm.dll+0x833253]
V  [jvm.dll+0x244ce5]
V  [jvm.dll+0x673a49]
V  [jvm.dll+0x66811a]
V  [jvm.dll+0x303ceb]
V  [jvm.dll+0x30b1e6]
V  [jvm.dll+0x35adbe]
V  [jvm.dll+0x35afef]
V  [jvm.dll+0x2dab88]
V  [jvm.dll+0x2d8e3c]
V  [jvm.dll+0x2d840c]
V  [jvm.dll+0x31c31b]
V  [jvm.dll+0x8376fb]
V  [jvm.dll+0x838434]
V  [jvm.dll+0x83894c]
V  [jvm.dll+0x838d24]
V  [jvm.dll+0x838df0]
V  [jvm.dll+0x7e17ea]
V  [jvm.dll+0x6759e5]
C  [ucrtbase.dll+0x21bb2]
C  [KERNEL32.DLL+0x17034]
C  [ntdll.dll+0x52651]

VM_Operation (0x000000f9c1cfe220): G1CollectForAllocation, mode: safepoint, requested by thread 0x0000020662eb9fc0


---------------  P R O C E S S  ---------------

Threads class SMR info:
_java_thread_list=0x00000206655bbe00, length=44, elements={
0x00000206618012d0, 0x0000020661802140, 0x0000020660c1d250, 0x000002066183f010,
0x000002066183f8d0, 0x0000020661840190, 0x0000020661841b10, 0x0000020661843150,
0x0000020661a41220, 0x0000020661a41980, 0x00000206538c78d0, 0x00000206623a05a0,
0x00000206623a0ab0, 0x000002066290c850, 0x0000020662c88600, 0x0000020662c88ad0,
0x00000206538c6870, 0x0000020662cba8f0, 0x0000020662e7d780, 0x0000020662e98050,
0x0000020662ea4cd0, 0x0000020662ea91b0, 0x0000020662eba490, 0x0000020662eb7470,
0x0000020662eb7e10, 0x0000020662eb9620, 0x0000020662eb82e0, 0x0000020662eb87b0,
0x0000020662eb8c80, 0x0000020662eb9150, 0x0000020662eb9af0, 0x0000020662eb7940,
0x0000020662eb9fc0, 0x0000020662eba960, 0x0000020662ebae30, 0x0000020662fb1d80,
0x0000020662fb2250, 0x0000020662fb3f30, 0x0000020662fb0f10, 0x0000020662fb0a40,
0x0000020662fb0570, 0x0000020662fb00a0, 0x0000020662fb3a60, 0x0000020662fb3590
}

Java Threads: ( => current thread )
  0x00000206618012d0 JavaThread "Reference Handler" daemon [_thread_blocked, id=14932, stack(0x000000f9bf400000,0x000000f9bf500000)]
  0x0000020661802140 JavaThread "Finalizer" daemon [_thread_blocked, id=18436, stack(0x000000f9bf500000,0x000000f9bf600000)]
  0x0000020660c1d250 JavaThread "Signal Dispatcher" daemon [_thread_blocked, id=19776, stack(0x000000f9bf600000,0x000000f9bf700000)]
  0x000002066183f010 JavaThread "Attach Listener" daemon [_thread_blocked, id=14900, stack(0x000000f9bf700000,0x000000f9bf800000)]
  0x000002066183f8d0 JavaThread "Service Thread" daemon [_thread_blocked, id=14456, stack(0x000000f9bf800000,0x000000f9bf900000)]
  0x0000020661840190 JavaThread "Monitor Deflation Thread" daemon [_thread_blocked, id=16992, stack(0x000000f9bf900000,0x000000f9bfa00000)]
  0x0000020661841b10 JavaThread "C1 CompilerThread0" daemon [_thread_blocked, id=18600, stack(0x000000f9bfa00000,0x000000f9bfb00000)]
  0x0000020661843150 JavaThread "Sweeper thread" daemon [_thread_blocked, id=16356, stack(0x000000f9bfb00000,0x000000f9bfc00000)]
  0x0000020661a41220 JavaThread "Notification Thread" daemon [_thread_blocked, id=4224, stack(0x000000f9bfc00000,0x000000f9bfd00000)]
  0x0000020661a41980 JavaThread "Common-Cleaner" daemon [_thread_blocked, id=7580, stack(0x000000f9bfe00000,0x000000f9bff00000)]
  0x00000206538c78d0 JavaThread "C1 CompilerThread1" daemon [_thread_blocked, id=7924, stack(0x000000f9bff00000,0x000000f9c0000000)]
  0x00000206623a05a0 JavaThread "C1 CompilerThread2" daemon [_thread_blocked, id=17612, stack(0x000000f9c0000000,0x000000f9c0100000)]
  0x00000206623a0ab0 JavaThread "C1 CompilerThread3" daemon [_thread_blocked, id=10000, stack(0x000000f9c0100000,0x000000f9c0200000)]
  0x000002066290c850 JavaThread "boundedElastic-evictor-1" daemon [_thread_blocked, id=440, stack(0x000000f9c0900000,0x000000f9c0a00000)]
  0x0000020662c88600 JavaThread "pool-11-thread-1" [_thread_blocked, id=8436, stack(0x000000f9c0b00000,0x000000f9c0c00000)]
  0x0000020662c88ad0 JavaThread "LanguageServerApp-lifecycle" [_thread_blocked, id=19772, stack(0x000000f9c0c00000,0x000000f9c0d00000)]
  0x00000206538c6870 JavaThread "DestroyJavaVM" [_thread_blocked, id=17208, stack(0x000000f9bed00000,0x000000f9bee00000)]
  0x0000020662cba8f0 JavaThread "pool-12-thread-1" [_thread_in_native, id=15396, stack(0x000000f9c0d00000,0x000000f9c0e00000)]
  0x0000020662e7d780 JavaThread "Simple-Language-Server main thread" daemon [_thread_blocked, id=16360, stack(0x000000f9c0e00000,0x000000f9c0f00000)]
  0x0000020662e98050 JavaThread "pool-8-thread-1" [_thread_blocked, id=15440, stack(0x000000f9c0f00000,0x000000f9c1000000)]
  0x0000020662ea4cd0 JavaThread "parallel-1" daemon [_thread_blocked, id=19884, stack(0x000000f9c1000000,0x000000f9c1100000)]
  0x0000020662ea91b0 JavaThread "parallel-2" daemon [_thread_blocked, id=19576, stack(0x000000f9c1100000,0x000000f9c1200000)]
  0x0000020662eba490 JavaThread "parallel-3" daemon [_thread_blocked, id=14940, stack(0x000000f9c1200000,0x000000f9c1300000)]
  0x0000020662eb7470 JavaThread "parallel-4" daemon [_thread_blocked, id=16704, stack(0x000000f9c1300000,0x000000f9c1400000)]
  0x0000020662eb7e10 JavaThread "parallel-5" daemon [_thread_blocked, id=11300, stack(0x000000f9c1400000,0x000000f9c1500000)]
  0x0000020662eb9620 JavaThread "ForkJoinPool.commonPool-worker-1" daemon [_thread_blocked, id=20236, stack(0x000000f9c1500000,0x000000f9c1600000)]
  0x0000020662eb82e0 JavaThread "parallel-6" daemon [_thread_blocked, id=13624, stack(0x000000f9c1600000,0x000000f9c1700000)]
  0x0000020662eb87b0 JavaThread "Reconciler-1" daemon [_thread_blocked, id=3016, stack(0x000000f9c1700000,0x000000f9c1800000)]
  0x0000020662eb8c80 JavaThread "ClassGraph-worker-0" daemon [_thread_blocked, id=1872, stack(0x000000f9c1800000,0x000000f9c1900000)]
  0x0000020662eb9150 JavaThread "ClassGraph-worker-1" daemon [_thread_blocked, id=17924, stack(0x000000f9c1900000,0x000000f9c1a00000)]
  0x0000020662eb9af0 JavaThread "ClassGraph-worker-2" daemon [_thread_blocked, id=19084, stack(0x000000f9c1a00000,0x000000f9c1b00000)]
  0x0000020662eb7940 JavaThread "ClassGraph-worker-3" daemon [_thread_blocked, id=17720, stack(0x000000f9c1b00000,0x000000f9c1c00000)]
  0x0000020662eb9fc0 JavaThread "ClassGraph-worker-4" daemon [_thread_blocked, id=14876, stack(0x000000f9c1c00000,0x000000f9c1d00000)]
  0x0000020662eba960 JavaThread "ClassGraph-worker-5" daemon [_thread_blocked, id=20180, stack(0x000000f9c1d00000,0x000000f9c1e00000)]
  0x0000020662ebae30 JavaThread "ClassGraph-worker-6" daemon [_thread_blocked, id=18196, stack(0x000000f9c1e00000,0x000000f9c1f00000)]
  0x0000020662fb1d80 JavaThread "ClassGraph-worker-7" daemon [_thread_blocked, id=18932, stack(0x000000f9c1f00000,0x000000f9c2000000)]
  0x0000020662fb2250 JavaThread "ClassGraph-worker-8" daemon [_thread_blocked, id=15044, stack(0x000000f9c2000000,0x000000f9c2100000)]
  0x0000020662fb3f30 JavaThread "ClassGraph-worker-9" daemon [_thread_blocked, id=19472, stack(0x000000f9c2100000,0x000000f9c2200000)]
  0x0000020662fb0f10 JavaThread "ClassGraph-worker-10" daemon [_thread_blocked, id=9060, stack(0x000000f9c2200000,0x000000f9c2300000)]
  0x0000020662fb0a40 JavaThread "ClassGraph-worker-11" daemon [_thread_blocked, id=12488, stack(0x000000f9c2300000,0x000000f9c2400000)]
  0x0000020662fb0570 JavaThread "ClassGraph-worker-12" daemon [_thread_blocked, id=8296, stack(0x000000f9c2400000,0x000000f9c2500000)]
  0x0000020662fb00a0 JavaThread "ClassGraph-worker-13" daemon [_thread_blocked, id=19752, stack(0x000000f9c2500000,0x000000f9c2600000)]
  0x0000020662fb3a60 JavaThread "pool-6-thread-1" [_thread_blocked, id=6320, stack(0x000000f9c2600000,0x000000f9c2700000)]
  0x0000020662fb3590 JavaThread "pool-10-thread-1" [_thread_blocked, id=16232, stack(0x000000f9c2700000,0x000000f9c2800000)]

Other Threads:
=>0x0000020660bf44a0 VMThread "VM Thread" [stack: 0x000000f9bf300000,0x000000f9bf400000] [id=16560]
  0x0000020661a416f0 WatcherThread [stack: 0x000000f9bfd00000,0x000000f9bfe00000] [id=2956]
  0x00000206539204d0 GCTaskThread "GC Thread#0" [stack: 0x000000f9bee00000,0x000000f9bef00000] [id=4360]
  0x00000206624891a0 GCTaskThread "GC Thread#1" [stack: 0x000000f9c0200000,0x000000f9c0300000] [id=16020]
  0x00000206624ad420 GCTaskThread "GC Thread#2" [stack: 0x000000f9c0300000,0x000000f9c0400000] [id=17968]
  0x00000206624cd640 GCTaskThread "GC Thread#3" [stack: 0x000000f9c0400000,0x000000f9c0500000] [id=10048]
  0x00000206624cdd00 GCTaskThread "GC Thread#4" [stack: 0x000000f9c0500000,0x000000f9c0600000] [id=10716]
  0x00000206624ce9d0 GCTaskThread "GC Thread#5" [stack: 0x000000f9c0600000,0x000000f9c0700000] [id=7716]
  0x00000206626e1ea0 GCTaskThread "GC Thread#6" [stack: 0x000000f9c0700000,0x000000f9c0800000] [id=18088]
  0x00000206626e2150 GCTaskThread "GC Thread#7" [stack: 0x000000f9c0800000,0x000000f9c0900000] [id=16616]
  0x00000206539318b0 ConcurrentGCThread "G1 Main Marker" [stack: 0x000000f9bef00000,0x000000f9bf000000] [id=10968]
  0x00000206539322c0 ConcurrentGCThread "G1 Conc#0" [stack: 0x000000f9bf000000,0x000000f9bf100000] [id=16708]
  0x0000020662780460 ConcurrentGCThread "G1 Conc#1" [stack: 0x000000f9c0a00000,0x000000f9c0b00000] [id=2080]
  0x0000020660a624d0 ConcurrentGCThread "G1 Refine#0" [stack: 0x000000f9bf100000,0x000000f9bf200000] [id=19164]
  0x0000020665655cb0 ConcurrentGCThread "G1 Refine#1" [stack: 0x000000f9c2800000,0x000000f9c2900000] [id=17176]
  0x0000020660a62ef0 ConcurrentGCThread "G1 Service" [stack: 0x000000f9bf200000,0x000000f9bf300000] [id=16808]

Threads with active compile tasks:

VM state: at safepoint (normal execution)

VM Mutex/Monitor currently owned by a thread:  ([mutex/lock_event])
[0x00000206517273c0] Threads_lock - owner thread: 0x0000020660bf44a0
[0x00000206538c45d0] Heap_lock - owner thread: 0x0000020662eb9fc0

Heap address: 0x0000000081800000, size: 2024 MB, Compressed Oops mode: 32-bit

CDS archive(s) not mapped
Compressed class space mapped at: 0x0000000100000000-0x0000000140000000, reserved size: 1073741824
Narrow klass base: 0x0000000000000000, Narrow klass shift: 3, Narrow klass range: 0x140000000

GC Precious Log:
 CPUs: 8 total, 8 available
 Memory: 8091M
 Large Page Support: Disabled
 NUMA Support: Disabled
 Compressed Oops: Enabled (32-bit)
 Heap Region Size: 1M
 Heap Min Capacity: 8M
 Heap Initial Capacity: 128M
 Heap Max Capacity: 2024M
 Pre-touch: Disabled
 Parallel Workers: 8
 Concurrent Workers: 2
 Concurrent Refinement Workers: 8
 Periodic GC: Disabled

Heap:
 garbage-first heap   total 304128K, used 90869K [0x0000000081800000, 0x0000000100000000)
  region size 1024K, 15 young (15360K), 15 survivors (15360K)
 Metaspace       used 39626K, committed 40000K, reserved 1089536K
  class space    used 5006K, committed 5184K, reserved 1048576K

Heap Regions: E=young(eden), S=young(survivor), O=old, HS=humongous(starts), HC=humongous(continues), CS=collection set, F=free, OA=open archive, CA=closed archive, TAMS=top-at-mark-start (previous, next)
|   0|0x0000000081800000, 0x0000000081900000, 0x0000000081900000|100%| O|  |TAMS 0x0000000081900000, 0x0000000081900000| Untracked 
|   1|0x0000000081900000, 0x0000000081a00000, 0x0000000081a00000|100%| O|  |TAMS 0x0000000081a00000, 0x0000000081a00000| Untracked 
|   2|0x0000000081a00000, 0x0000000081b00000, 0x0000000081b00000|100%| O|  |TAMS 0x0000000081b00000, 0x0000000081b00000| Untracked 
|   3|0x0000000081b00000, 0x0000000081c00000, 0x0000000081c00000|100%| O|  |TAMS 0x0000000081c00000, 0x0000000081c00000| Untracked 
|   4|0x0000000081c00000, 0x0000000081d00000, 0x0000000081d00000|100%| O|  |TAMS 0x0000000081d00000, 0x0000000081d00000| Untracked 
|   5|0x0000000081d00000, 0x0000000081e00000, 0x0000000081e00000|100%| O|  |TAMS 0x0000000081e00000, 0x0000000081e00000| Untracked 
|   6|0x0000000081e00000, 0x0000000081f00000, 0x0000000081f00000|100%| O|  |TAMS 0x0000000081f00000, 0x0000000081f00000| Untracked 
|   7|0x0000000081f00000, 0x0000000082000000, 0x0000000082000000|100%| O|  |TAMS 0x0000000082000000, 0x0000000082000000| Untracked 
|   8|0x0000000082000000, 0x0000000082100000, 0x0000000082100000|100%| O|  |TAMS 0x0000000082000000, 0x0000000082100000| Untracked 
|   9|0x0000000082100000, 0x0000000082200000, 0x0000000082200000|100%| O|  |TAMS 0x0000000082200000, 0x0000000082200000| Untracked 
|  10|0x0000000082200000, 0x0000000082300000, 0x0000000082300000|100%| O|  |TAMS 0x0000000082300000, 0x0000000082300000| Untracked 
|  11|0x0000000082300000, 0x0000000082400000, 0x0000000082400000|100%| O|  |TAMS 0x0000000082400000, 0x0000000082400000| Untracked 
|  12|0x0000000082400000, 0x0000000082500000, 0x0000000082500000|100%|HS|  |TAMS 0x0000000082400000, 0x0000000082400000| Complete 
|  13|0x0000000082500000, 0x0000000082600000, 0x0000000082600000|100%| O|  |TAMS 0x0000000082600000, 0x0000000082600000| Untracked 
|  14|0x0000000082600000, 0x0000000082700000, 0x0000000082700000|100%| O|  |TAMS 0x0000000082700000, 0x0000000082700000| Untracked 
|  15|0x0000000082700000, 0x0000000082800000, 0x0000000082800000|100%| O|  |TAMS 0x0000000082800000, 0x0000000082800000| Untracked 
|  16|0x0000000082800000, 0x0000000082900000, 0x0000000082900000|100%| O|  |TAMS 0x0000000082900000, 0x0000000082900000| Untracked 
|  17|0x0000000082900000, 0x0000000082a00000, 0x0000000082a00000|100%| O|  |TAMS 0x0000000082a00000, 0x0000000082a00000| Untracked 
|  18|0x0000000082a00000, 0x0000000082b00000, 0x0000000082b00000|100%| O|  |TAMS 0x0000000082b00000, 0x0000000082b00000| Untracked 
|  19|0x0000000082b00000, 0x0000000082c00000, 0x0000000082c00000|100%| O|  |TAMS 0x0000000082c00000, 0x0000000082c00000| Untracked 
|  20|0x0000000082c00000, 0x0000000082d00000, 0x0000000082d00000|100%| O|  |TAMS 0x0000000082d00000, 0x0000000082d00000| Untracked 
|  21|0x0000000082d00000, 0x0000000082e00000, 0x0000000082e00000|100%| O|  |TAMS 0x0000000082e00000, 0x0000000082e00000| Untracked 
|  22|0x0000000082e00000, 0x0000000082f00000, 0x0000000082f00000|100%| O|  |TAMS 0x0000000082f00000, 0x0000000082f00000| Untracked 
|  23|0x0000000082f00000, 0x0000000083000000, 0x0000000083000000|100%| O|  |TAMS 0x0000000083000000, 0x0000000083000000| Untracked 
|  24|0x0000000083000000, 0x0000000083100000, 0x0000000083100000|100%| O|  |TAMS 0x0000000083100000, 0x0000000083100000| Untracked 
|  25|0x0000000083100000, 0x0000000083200000, 0x0000000083200000|100%| O|  |TAMS 0x0000000083200000, 0x0000000083200000| Untracked 
|  26|0x0000000083200000, 0x0000000083300000, 0x0000000083300000|100%| O|  |TAMS 0x0000000083300000, 0x0000000083300000| Untracked 
|  27|0x0000000083300000, 0x0000000083400000, 0x0000000083400000|100%| O|  |TAMS 0x0000000083400000, 0x0000000083400000| Untracked 
|  28|0x0000000083400000, 0x0000000083500000, 0x0000000083500000|100%| O|  |TAMS 0x0000000083500000, 0x0000000083500000| Untracked 
|  29|0x0000000083500000, 0x0000000083600000, 0x0000000083600000|100%| O|  |TAMS 0x0000000083600000, 0x0000000083600000| Untracked 
|  30|0x0000000083600000, 0x0000000083700000, 0x0000000083700000|100%| O|  |TAMS 0x0000000083700000, 0x0000000083700000| Untracked 
|  31|0x0000000083700000, 0x0000000083800000, 0x0000000083800000|100%| O|  |TAMS 0x0000000083800000, 0x0000000083800000| Untracked 
|  32|0x0000000083800000, 0x0000000083900000, 0x0000000083900000|100%| O|  |TAMS 0x0000000083900000, 0x0000000083900000| Untracked 
|  33|0x0000000083900000, 0x0000000083a00000, 0x0000000083a00000|100%| O|  |TAMS 0x0000000083a00000, 0x0000000083a00000| Untracked 
|  34|0x0000000083a00000, 0x0000000083b00000, 0x0000000083b00000|100%| O|  |TAMS 0x0000000083b00000, 0x0000000083b00000| Untracked 
|  35|0x0000000083b00000, 0x0000000083c00000, 0x0000000083c00000|100%| O|  |TAMS 0x0000000083c00000, 0x0000000083c00000| Untracked 
|  36|0x0000000083c00000, 0x0000000083d00000, 0x0000000083d00000|100%| O|  |TAMS 0x0000000083d00000, 0x0000000083d00000| Untracked 
|  37|0x0000000083d00000, 0x0000000083e00000, 0x0000000083e00000|100%| O|  |TAMS 0x0000000083e00000, 0x0000000083e00000| Untracked 
|  38|0x0000000083e00000, 0x0000000083f00000, 0x0000000083f00000|100%| O|  |TAMS 0x0000000083f00000, 0x0000000083f00000| Untracked 
|  39|0x0000000083f00000, 0x0000000084000000, 0x0000000084000000|100%| O|  |TAMS 0x0000000084000000, 0x0000000084000000| Untracked 
|  40|0x0000000084000000, 0x0000000084100000, 0x0000000084100000|100%| O|  |TAMS 0x0000000084100000, 0x0000000084100000| Untracked 
|  41|0x0000000084100000, 0x0000000084200000, 0x0000000084200000|100%| O|  |TAMS 0x0000000084200000, 0x0000000084200000| Untracked 
|  42|0x0000000084200000, 0x0000000084300000, 0x0000000084300000|100%|HS|  |TAMS 0x0000000084200000, 0x0000000084200000| Complete 
|  43|0x0000000084300000, 0x0000000084400000, 0x0000000084400000|100%| O|  |TAMS 0x0000000084300000, 0x0000000084400000| Untracked 
|  44|0x0000000084400000, 0x0000000084500000, 0x0000000084500000|100%|HS|  |TAMS 0x0000000084400000, 0x0000000084500000| Complete 
|  45|0x0000000084500000, 0x0000000084600000, 0x0000000084600000|100%| O|  |TAMS 0x0000000084500000, 0x0000000084600000| Untracked 
|  46|0x0000000084600000, 0x0000000084700000, 0x0000000084700000|100%| O|  |TAMS 0x0000000084600000, 0x0000000084700000| Untracked 
|  47|0x0000000084700000, 0x0000000084800000, 0x0000000084800000|100%| O|  |TAMS 0x0000000084700000, 0x0000000084800000| Untracked 
|  48|0x0000000084800000, 0x0000000084900000, 0x0000000084900000|100%| O|  |TAMS 0x0000000084800000, 0x0000000084900000| Untracked 
|  49|0x0000000084900000, 0x0000000084a00000, 0x0000000084a00000|100%| O|  |TAMS 0x0000000084900000, 0x0000000084a00000| Untracked 
|  50|0x0000000084a00000, 0x0000000084b00000, 0x0000000084b00000|100%| O|  |TAMS 0x0000000084a00000, 0x0000000084b00000| Untracked 
|  51|0x0000000084b00000, 0x0000000084c00000, 0x0000000084c00000|100%| O|  |TAMS 0x0000000084b00000, 0x0000000084c00000| Untracked 
|  52|0x0000000084c00000, 0x0000000084d00000, 0x0000000084d00000|100%| O|  |TAMS 0x0000000084c00000, 0x0000000084d00000| Untracked 
|  53|0x0000000084d00000, 0x0000000084e00000, 0x0000000084e00000|100%| O|  |TAMS 0x0000000084d00000, 0x0000000084e00000| Untracked 
|  54|0x0000000084e00000, 0x0000000084f00000, 0x0000000084f00000|100%| O|  |TAMS 0x0000000084e00000, 0x0000000084e5ba00| Untracked 
|  55|0x0000000084f00000, 0x0000000085000000, 0x0000000085000000|100%| O|  |TAMS 0x0000000084f00000, 0x0000000084f00000| Untracked 
|  56|0x0000000085000000, 0x0000000085100000, 0x0000000085100000|100%| O|  |TAMS 0x0000000085000000, 0x0000000085000000| Untracked 
|  57|0x0000000085100000, 0x0000000085200000, 0x0000000085200000|100%| O|  |TAMS 0x0000000085100000, 0x0000000085100000| Untracked 
|  58|0x0000000085200000, 0x0000000085300000, 0x0000000085300000|100%| O|  |TAMS 0x0000000085200000, 0x0000000085200000| Untracked 
|  59|0x0000000085300000, 0x0000000085400000, 0x0000000085400000|100%| O|  |TAMS 0x0000000085300000, 0x0000000085300000| Untracked 
|  60|0x0000000085400000, 0x0000000085500000, 0x0000000085500000|100%| O|  |TAMS 0x0000000085400000, 0x0000000085400000| Untracked 
|  61|0x0000000085500000, 0x0000000085600000, 0x0000000085600000|100%| O|  |TAMS 0x0000000085500000, 0x0000000085500000| Untracked 
|  62|0x0000000085600000, 0x0000000085700000, 0x0000000085700000|100%| O|  |TAMS 0x0000000085600000, 0x0000000085600000| Untracked 
|  63|0x0000000085700000, 0x0000000085800000, 0x0000000085800000|100%| O|  |TAMS 0x0000000085700000, 0x0000000085700000| Untracked 
|  64|0x0000000085800000, 0x0000000085900000, 0x0000000085900000|100%| O|  |TAMS 0x0000000085800000, 0x0000000085800000| Untracked 
|  65|0x0000000085900000, 0x0000000085a00000, 0x0000000085a00000|100%| O|  |TAMS 0x0000000085900000, 0x0000000085900000| Untracked 
|  66|0x0000000085a00000, 0x0000000085b00000, 0x0000000085b00000|100%| O|  |TAMS 0x0000000085a00000, 0x0000000085a00000| Untracked 
|  67|0x0000000085b00000, 0x0000000085c00000, 0x0000000085c00000|100%| O|  |TAMS 0x0000000085b00000, 0x0000000085b00000| Untracked 
|  68|0x0000000085c00000, 0x0000000085d00000, 0x0000000085d00000|100%| O|  |TAMS 0x0000000085c00000, 0x0000000085c00000| Untracked 
|  69|0x0000000085d00000, 0x0000000085e00000, 0x0000000085e00000|100%| O|  |TAMS 0x0000000085d00000, 0x0000000085d00000| Untracked 
|  70|0x0000000085e00000, 0x0000000085f00000, 0x0000000085f00000|100%| O|  |TAMS 0x0000000085e00000, 0x0000000085e00000| Untracked 
|  71|0x0000000085f00000, 0x0000000086000000, 0x0000000086000000|100%| O|  |TAMS 0x0000000085f00000, 0x0000000085f00000| Untracked 
|  72|0x0000000086000000, 0x0000000086100000, 0x0000000086100000|100%| O|  |TAMS 0x0000000086000000, 0x0000000086000000| Untracked 
|  73|0x0000000086100000, 0x0000000086200000, 0x0000000086200000|100%| O|  |TAMS 0x0000000086100000, 0x0000000086100000| Untracked 
|  74|0x0000000086200000, 0x000000008628f000, 0x0000000086300000| 55%| O|  |TAMS 0x0000000086200000, 0x0000000086200000| Untracked 
|  75|0x0000000086300000, 0x0000000086300000, 0x0000000086400000|  0%| F|  |TAMS 0x0000000086300000, 0x0000000086300000| Untracked 
|  76|0x0000000086400000, 0x0000000086400000, 0x0000000086500000|  0%| F|  |TAMS 0x0000000086400000, 0x0000000086400000| Untracked 
|  77|0x0000000086500000, 0x0000000086500000, 0x0000000086600000|  0%| F|  |TAMS 0x0000000086500000, 0x0000000086500000| Untracked 
|  78|0x0000000086600000, 0x0000000086600000, 0x0000000086700000|  0%| F|  |TAMS 0x0000000086600000, 0x0000000086600000| Untracked 
|  79|0x0000000086700000, 0x0000000086700000, 0x0000000086800000|  0%| F|  |TAMS 0x0000000086700000, 0x0000000086700000| Untracked 
|  80|0x0000000086800000, 0x0000000086800000, 0x0000000086900000|  0%| F|  |TAMS 0x0000000086800000, 0x0000000086800000| Untracked 
|  81|0x0000000086900000, 0x0000000086900000, 0x0000000086a00000|  0%| F|  |TAMS 0x0000000086900000, 0x0000000086900000| Untracked 
|  82|0x0000000086a00000, 0x0000000086a00000, 0x0000000086b00000|  0%| F|  |TAMS 0x0000000086a00000, 0x0000000086a00000| Untracked 
|  83|0x0000000086b00000, 0x0000000086b00000, 0x0000000086c00000|  0%| F|  |TAMS 0x0000000086b00000, 0x0000000086b00000| Untracked 
|  84|0x0000000086c00000, 0x0000000086c00000, 0x0000000086d00000|  0%| F|  |TAMS 0x0000000086c00000, 0x0000000086c00000| Untracked 
|  85|0x0000000086d00000, 0x0000000086d00000, 0x0000000086e00000|  0%| F|  |TAMS 0x0000000086d00000, 0x0000000086d00000| Untracked 
|  86|0x0000000086e00000, 0x0000000086e00000, 0x0000000086f00000|  0%| F|  |TAMS 0x0000000086e00000, 0x0000000086e00000| Untracked 
|  87|0x0000000086f00000, 0x0000000086f00000, 0x0000000087000000|  0%| F|  |TAMS 0x0000000086f00000, 0x0000000086f00000| Untracked 
|  88|0x0000000087000000, 0x0000000087000000, 0x0000000087100000|  0%| F|  |TAMS 0x0000000087000000, 0x0000000087000000| Untracked 
|  89|0x0000000087100000, 0x0000000087100000, 0x0000000087200000|  0%| F|  |TAMS 0x0000000087100000, 0x0000000087100000| Untracked 
|  90|0x0000000087200000, 0x0000000087200000, 0x0000000087300000|  0%| F|  |TAMS 0x0000000087200000, 0x0000000087200000| Untracked 
|  91|0x0000000087300000, 0x0000000087300000, 0x0000000087400000|  0%| F|  |TAMS 0x0000000087300000, 0x0000000087300000| Untracked 
|  92|0x0000000087400000, 0x0000000087400000, 0x0000000087500000|  0%| F|  |TAMS 0x0000000087400000, 0x0000000087400000| Untracked 
|  93|0x0000000087500000, 0x0000000087500000, 0x0000000087600000|  0%| F|  |TAMS 0x0000000087500000, 0x0000000087500000| Untracked 
|  94|0x0000000087600000, 0x0000000087600000, 0x0000000087700000|  0%| F|  |TAMS 0x0000000087600000, 0x0000000087600000| Untracked 
|  95|0x0000000087700000, 0x0000000087700000, 0x0000000087800000|  0%| F|  |TAMS 0x0000000087700000, 0x0000000087700000| Untracked 
|  96|0x0000000087800000, 0x0000000087800000, 0x0000000087900000|  0%| F|  |TAMS 0x0000000087800000, 0x0000000087800000| Untracked 
|  97|0x0000000087900000, 0x0000000087900000, 0x0000000087a00000|  0%| F|  |TAMS 0x0000000087900000, 0x0000000087900000| Untracked 
|  98|0x0000000087a00000, 0x0000000087a00000, 0x0000000087b00000|  0%| F|  |TAMS 0x0000000087a00000, 0x0000000087a00000| Untracked 
|  99|0x0000000087b00000, 0x0000000087b00000, 0x0000000087c00000|  0%| F|  |TAMS 0x0000000087b00000, 0x0000000087b00000| Untracked 
| 100|0x0000000087c00000, 0x0000000087c00000, 0x0000000087d00000|  0%| F|  |TAMS 0x0000000087c00000, 0x0000000087c00000| Untracked 
| 101|0x0000000087d00000, 0x0000000087d00000, 0x0000000087e00000|  0%| F|  |TAMS 0x0000000087d00000, 0x0000000087d00000| Untracked 
| 102|0x0000000087e00000, 0x0000000087e00000, 0x0000000087f00000|  0%| F|  |TAMS 0x0000000087e00000, 0x0000000087e00000| Untracked 
| 103|0x0000000087f00000, 0x0000000087f00000, 0x0000000088000000|  0%| F|  |TAMS 0x0000000087f00000, 0x0000000087f00000| Untracked 
| 104|0x0000000088000000, 0x0000000088000000, 0x0000000088100000|  0%| F|  |TAMS 0x0000000088000000, 0x0000000088000000| Untracked 
| 105|0x0000000088100000, 0x0000000088100000, 0x0000000088200000|  0%| F|  |TAMS 0x0000000088100000, 0x0000000088100000| Untracked 
| 106|0x0000000088200000, 0x0000000088200000, 0x0000000088300000|  0%| F|  |TAMS 0x0000000088200000, 0x0000000088200000| Untracked 
| 107|0x0000000088300000, 0x0000000088300000, 0x0000000088400000|  0%| F|  |TAMS 0x0000000088300000, 0x0000000088300000| Untracked 
| 108|0x0000000088400000, 0x0000000088400000, 0x0000000088500000|  0%| F|  |TAMS 0x0000000088400000, 0x0000000088400000| Untracked 
| 109|0x0000000088500000, 0x0000000088500000, 0x0000000088600000|  0%| F|  |TAMS 0x0000000088500000, 0x0000000088500000| Untracked 
| 110|0x0000000088600000, 0x0000000088600000, 0x0000000088700000|  0%| F|  |TAMS 0x0000000088600000, 0x0000000088600000| Untracked 
| 111|0x0000000088700000, 0x0000000088700000, 0x0000000088800000|  0%| F|  |TAMS 0x0000000088700000, 0x0000000088700000| Untracked 
| 112|0x0000000088800000, 0x0000000088800000, 0x0000000088900000|  0%| F|  |TAMS 0x0000000088800000, 0x0000000088800000| Untracked 
| 113|0x0000000088900000, 0x0000000088900000, 0x0000000088a00000|  0%| F|  |TAMS 0x0000000088900000, 0x0000000088900000| Untracked 
| 114|0x0000000088a00000, 0x0000000088a00000, 0x0000000088b00000|  0%| F|  |TAMS 0x0000000088a00000, 0x0000000088a00000| Untracked 
| 115|0x0000000088b00000, 0x0000000088b00000, 0x0000000088c00000|  0%| F|  |TAMS 0x0000000088b00000, 0x0000000088b00000| Untracked 
| 116|0x0000000088c00000, 0x0000000088c00000, 0x0000000088d00000|  0%| F|  |TAMS 0x0000000088c00000, 0x0000000088c00000| Untracked 
| 117|0x0000000088d00000, 0x0000000088d00000, 0x0000000088e00000|  0%| F|  |TAMS 0x0000000088d00000, 0x0000000088d00000| Untracked 
| 118|0x0000000088e00000, 0x0000000088e00000, 0x0000000088f00000|  0%| F|  |TAMS 0x0000000088e00000, 0x0000000088e00000| Untracked 
| 119|0x0000000088f00000, 0x0000000088f00000, 0x0000000089000000|  0%| F|  |TAMS 0x0000000088f00000, 0x0000000088f00000| Untracked 
| 120|0x0000000089000000, 0x0000000089000000, 0x0000000089100000|  0%| F|  |TAMS 0x0000000089000000, 0x0000000089000000| Untracked 
| 121|0x0000000089100000, 0x0000000089100000, 0x0000000089200000|  0%| F|  |TAMS 0x0000000089100000, 0x0000000089100000| Untracked 
| 122|0x0000000089200000, 0x0000000089200000, 0x0000000089300000|  0%| F|  |TAMS 0x0000000089200000, 0x0000000089200000| Untracked 
| 123|0x0000000089300000, 0x0000000089300000, 0x0000000089400000|  0%| F|  |TAMS 0x0000000089300000, 0x0000000089300000| Untracked 
| 124|0x0000000089400000, 0x0000000089400000, 0x0000000089500000|  0%| F|  |TAMS 0x0000000089400000, 0x0000000089400000| Untracked 
| 125|0x0000000089500000, 0x0000000089500000, 0x0000000089600000|  0%| F|  |TAMS 0x0000000089500000, 0x0000000089500000| Untracked 
| 126|0x0000000089600000, 0x0000000089600000, 0x0000000089700000|  0%| F|  |TAMS 0x0000000089600000, 0x0000000089600000| Untracked 
| 127|0x0000000089700000, 0x0000000089700000, 0x0000000089800000|  0%| F|  |TAMS 0x0000000089700000, 0x0000000089700000| Untracked 
| 128|0x0000000089800000, 0x0000000089800000, 0x0000000089900000|  0%| F|  |TAMS 0x0000000089800000, 0x0000000089800000| Untracked 
| 129|0x0000000089900000, 0x0000000089900000, 0x0000000089a00000|  0%| F|  |TAMS 0x0000000089900000, 0x0000000089900000| Untracked 
| 130|0x0000000089a00000, 0x0000000089a00000, 0x0000000089b00000|  0%| F|  |TAMS 0x0000000089a00000, 0x0000000089a00000| Untracked 
| 131|0x0000000089b00000, 0x0000000089b00000, 0x0000000089c00000|  0%| F|  |TAMS 0x0000000089b00000, 0x0000000089b00000| Untracked 
| 132|0x0000000089c00000, 0x0000000089c00000, 0x0000000089d00000|  0%| F|  |TAMS 0x0000000089c00000, 0x0000000089c00000| Untracked 
| 133|0x0000000089d00000, 0x0000000089d00000, 0x0000000089e00000|  0%| F|  |TAMS 0x0000000089d00000, 0x0000000089d00000| Untracked 
| 134|0x0000000089e00000, 0x0000000089e00000, 0x0000000089f00000|  0%| F|  |TAMS 0x0000000089e00000, 0x0000000089e00000| Untracked 
| 135|0x0000000089f00000, 0x0000000089f00000, 0x000000008a000000|  0%| F|  |TAMS 0x0000000089f00000, 0x0000000089f00000| Untracked 
| 136|0x000000008a000000, 0x000000008a000000, 0x000000008a100000|  0%| F|  |TAMS 0x000000008a000000, 0x000000008a000000| Untracked 
| 137|0x000000008a100000, 0x000000008a100000, 0x000000008a200000|  0%| F|  |TAMS 0x000000008a100000, 0x000000008a100000| Untracked 
| 138|0x000000008a200000, 0x000000008a200000, 0x000000008a300000|  0%| F|  |TAMS 0x000000008a200000, 0x000000008a200000| Untracked 
| 139|0x000000008a300000, 0x000000008a300000, 0x000000008a400000|  0%| F|  |TAMS 0x000000008a300000, 0x000000008a300000| Untracked 
| 140|0x000000008a400000, 0x000000008a400000, 0x000000008a500000|  0%| F|  |TAMS 0x000000008a400000, 0x000000008a400000| Untracked 
| 141|0x000000008a500000, 0x000000008a500000, 0x000000008a600000|  0%| F|  |TAMS 0x000000008a500000, 0x000000008a500000| Untracked 
| 142|0x000000008a600000, 0x000000008a62e450, 0x000000008a700000| 18%| S|CS|TAMS 0x000000008a600000, 0x000000008a600000| Complete 
| 143|0x000000008a700000, 0x000000008a800000, 0x000000008a800000|100%| S|CS|TAMS 0x000000008a700000, 0x000000008a700000| Complete 
| 144|0x000000008a800000, 0x000000008a900000, 0x000000008a900000|100%| S|CS|TAMS 0x000000008a800000, 0x000000008a800000| Complete 
| 145|0x000000008a900000, 0x000000008aa00000, 0x000000008aa00000|100%| S|CS|TAMS 0x000000008a900000, 0x000000008a900000| Complete 
| 146|0x000000008aa00000, 0x000000008ab00000, 0x000000008ab00000|100%| S|CS|TAMS 0x000000008aa00000, 0x000000008aa00000| Complete 
| 147|0x000000008ab00000, 0x000000008ac00000, 0x000000008ac00000|100%| S|CS|TAMS 0x000000008ab00000, 0x000000008ab00000| Complete 
| 148|0x000000008ac00000, 0x000000008ad00000, 0x000000008ad00000|100%| S|CS|TAMS 0x000000008ac00000, 0x000000008ac00000| Complete 
| 149|0x000000008ad00000, 0x000000008ae00000, 0x000000008ae00000|100%| S|CS|TAMS 0x000000008ad00000, 0x000000008ad00000| Complete 
| 150|0x000000008ae00000, 0x000000008af00000, 0x000000008af00000|100%| S|CS|TAMS 0x000000008ae00000, 0x000000008ae00000| Complete 
| 151|0x000000008af00000, 0x000000008b000000, 0x000000008b000000|100%| S|CS|TAMS 0x000000008af00000, 0x000000008af00000| Complete 
| 152|0x000000008b000000, 0x000000008b100000, 0x000000008b100000|100%| S|CS|TAMS 0x000000008b000000, 0x000000008b000000| Complete 
| 153|0x000000008b100000, 0x000000008b200000, 0x000000008b200000|100%| S|CS|TAMS 0x000000008b100000, 0x000000008b100000| Complete 
| 154|0x000000008b200000, 0x000000008b300000, 0x000000008b300000|100%| S|CS|TAMS 0x000000008b200000, 0x000000008b200000| Complete 
| 155|0x000000008b300000, 0x000000008b400000, 0x000000008b400000|100%| S|CS|TAMS 0x000000008b300000, 0x000000008b300000| Complete 
| 156|0x000000008b400000, 0x000000008b500000, 0x000000008b500000|100%| S|CS|TAMS 0x000000008b400000, 0x000000008b400000| Complete 
| 157|0x000000008b500000, 0x000000008b500000, 0x000000008b600000|  0%| F|  |TAMS 0x000000008b500000, 0x000000008b500000| Untracked 
| 158|0x000000008b600000, 0x000000008b600000, 0x000000008b700000|  0%| F|  |TAMS 0x000000008b600000, 0x000000008b600000| Untracked 
| 159|0x000000008b700000, 0x000000008b700000, 0x000000008b800000|  0%| F|  |TAMS 0x000000008b700000, 0x000000008b700000| Untracked 
| 160|0x000000008b800000, 0x000000008b800000, 0x000000008b900000|  0%| F|  |TAMS 0x000000008b800000, 0x000000008b800000| Untracked 
| 161|0x000000008b900000, 0x000000008b900000, 0x000000008ba00000|  0%| F|  |TAMS 0x000000008b900000, 0x000000008b900000| Untracked 
| 162|0x000000008ba00000, 0x000000008ba00000, 0x000000008bb00000|  0%| F|  |TAMS 0x000000008ba00000, 0x000000008ba00000| Untracked 
| 163|0x000000008bb00000, 0x000000008bb00000, 0x000000008bc00000|  0%| F|  |TAMS 0x000000008bb00000, 0x000000008bb00000| Untracked 
| 164|0x000000008bc00000, 0x000000008bc00000, 0x000000008bd00000|  0%| F|  |TAMS 0x000000008bc00000, 0x000000008bc00000| Untracked 
| 165|0x000000008bd00000, 0x000000008bd00000, 0x000000008be00000|  0%| F|  |TAMS 0x000000008bd00000, 0x000000008bd00000| Untracked 
| 166|0x000000008be00000, 0x000000008be00000, 0x000000008bf00000|  0%| F|  |TAMS 0x000000008be00000, 0x000000008be00000| Untracked 
| 167|0x000000008bf00000, 0x000000008bf00000, 0x000000008c000000|  0%| F|  |TAMS 0x000000008bf00000, 0x000000008bf00000| Untracked 
| 168|0x000000008c000000, 0x000000008c000000, 0x000000008c100000|  0%| F|  |TAMS 0x000000008c000000, 0x000000008c000000| Untracked 
| 169|0x000000008c100000, 0x000000008c100000, 0x000000008c200000|  0%| F|  |TAMS 0x000000008c100000, 0x000000008c100000| Untracked 
| 170|0x000000008c200000, 0x000000008c200000, 0x000000008c300000|  0%| F|  |TAMS 0x000000008c200000, 0x000000008c200000| Untracked 
| 171|0x000000008c300000, 0x000000008c300000, 0x000000008c400000|  0%| F|  |TAMS 0x000000008c300000, 0x000000008c300000| Untracked 
| 172|0x000000008c400000, 0x000000008c400000, 0x000000008c500000|  0%| F|  |TAMS 0x000000008c400000, 0x000000008c400000| Untracked 
| 173|0x000000008c500000, 0x000000008c500000, 0x000000008c600000|  0%| F|  |TAMS 0x000000008c500000, 0x000000008c500000| Untracked 
| 174|0x000000008c600000, 0x000000008c600000, 0x000000008c700000|  0%| F|  |TAMS 0x000000008c600000, 0x000000008c600000| Untracked 
| 175|0x000000008c700000, 0x000000008c700000, 0x000000008c800000|  0%| F|  |TAMS 0x000000008c700000, 0x000000008c700000| Untracked 
| 176|0x000000008c800000, 0x000000008c800000, 0x000000008c900000|  0%| F|  |TAMS 0x000000008c800000, 0x000000008c800000| Untracked 
| 177|0x000000008c900000, 0x000000008c900000, 0x000000008ca00000|  0%| F|  |TAMS 0x000000008c900000, 0x000000008c900000| Untracked 
| 178|0x000000008ca00000, 0x000000008ca00000, 0x000000008cb00000|  0%| F|  |TAMS 0x000000008ca00000, 0x000000008ca00000| Untracked 
| 179|0x000000008cb00000, 0x000000008cb00000, 0x000000008cc00000|  0%| F|  |TAMS 0x000000008cb00000, 0x000000008cb00000| Untracked 
| 180|0x000000008cc00000, 0x000000008cc00000, 0x000000008cd00000|  0%| F|  |TAMS 0x000000008cc00000, 0x000000008cc00000| Untracked 
| 181|0x000000008cd00000, 0x000000008cd00000, 0x000000008ce00000|  0%| F|  |TAMS 0x000000008cd00000, 0x000000008cd00000| Untracked 
| 182|0x000000008ce00000, 0x000000008ce00000, 0x000000008cf00000|  0%| F|  |TAMS 0x000000008ce00000, 0x000000008ce00000| Untracked 
| 183|0x000000008cf00000, 0x000000008cf00000, 0x000000008d000000|  0%| F|  |TAMS 0x000000008cf00000, 0x000000008cf00000| Untracked 
| 184|0x000000008d000000, 0x000000008d000000, 0x000000008d100000|  0%| F|  |TAMS 0x000000008d000000, 0x000000008d000000| Untracked 
| 185|0x000000008d100000, 0x000000008d100000, 0x000000008d200000|  0%| F|  |TAMS 0x000000008d100000, 0x000000008d100000| Untracked 
| 186|0x000000008d200000, 0x000000008d200000, 0x000000008d300000|  0%| F|  |TAMS 0x000000008d200000, 0x000000008d200000| Untracked 
| 187|0x000000008d300000, 0x000000008d300000, 0x000000008d400000|  0%| F|  |TAMS 0x000000008d300000, 0x000000008d300000| Untracked 
| 188|0x000000008d400000, 0x000000008d400000, 0x000000008d500000|  0%| F|  |TAMS 0x000000008d400000, 0x000000008d400000| Untracked 
| 189|0x000000008d500000, 0x000000008d500000, 0x000000008d600000|  0%| F|  |TAMS 0x000000008d500000, 0x000000008d500000| Untracked 
| 190|0x000000008d600000, 0x000000008d600000, 0x000000008d700000|  0%| F|  |TAMS 0x000000008d600000, 0x000000008d600000| Untracked 
| 191|0x000000008d700000, 0x000000008d700000, 0x000000008d800000|  0%| F|  |TAMS 0x000000008d700000, 0x000000008d700000| Untracked 
| 192|0x000000008d800000, 0x000000008d800000, 0x000000008d900000|  0%| F|  |TAMS 0x000000008d800000, 0x000000008d800000| Untracked 
| 193|0x000000008d900000, 0x000000008d900000, 0x000000008da00000|  0%| F|  |TAMS 0x000000008d900000, 0x000000008d900000| Untracked 
| 194|0x000000008da00000, 0x000000008da00000, 0x000000008db00000|  0%| F|  |TAMS 0x000000008da00000, 0x000000008da00000| Untracked 
| 195|0x000000008db00000, 0x000000008db00000, 0x000000008dc00000|  0%| F|  |TAMS 0x000000008db00000, 0x000000008db00000| Untracked 
| 196|0x000000008dc00000, 0x000000008dc00000, 0x000000008dd00000|  0%| F|  |TAMS 0x000000008dc00000, 0x000000008dc00000| Untracked 
| 197|0x000000008dd00000, 0x000000008dd00000, 0x000000008de00000|  0%| F|  |TAMS 0x000000008dd00000, 0x000000008dd00000| Untracked 
| 198|0x000000008de00000, 0x000000008de00000, 0x000000008df00000|  0%| F|  |TAMS 0x000000008de00000, 0x000000008de00000| Untracked 
| 199|0x000000008df00000, 0x000000008df00000, 0x000000008e000000|  0%| F|  |TAMS 0x000000008df00000, 0x000000008df00000| Untracked 
| 200|0x000000008e000000, 0x000000008e000000, 0x000000008e100000|  0%| F|  |TAMS 0x000000008e000000, 0x000000008e000000| Untracked 
| 201|0x000000008e100000, 0x000000008e100000, 0x000000008e200000|  0%| F|  |TAMS 0x000000008e100000, 0x000000008e100000| Untracked 
| 202|0x000000008e200000, 0x000000008e200000, 0x000000008e300000|  0%| F|  |TAMS 0x000000008e200000, 0x000000008e200000| Untracked 
| 203|0x000000008e300000, 0x000000008e300000, 0x000000008e400000|  0%| F|  |TAMS 0x000000008e300000, 0x000000008e300000| Untracked 
| 204|0x000000008e400000, 0x000000008e400000, 0x000000008e500000|  0%| F|  |TAMS 0x000000008e400000, 0x000000008e400000| Untracked 
| 205|0x000000008e500000, 0x000000008e500000, 0x000000008e600000|  0%| F|  |TAMS 0x000000008e500000, 0x000000008e500000| Untracked 
| 206|0x000000008e600000, 0x000000008e600000, 0x000000008e700000|  0%| F|  |TAMS 0x000000008e600000, 0x000000008e600000| Untracked 
| 207|0x000000008e700000, 0x000000008e700000, 0x000000008e800000|  0%| F|  |TAMS 0x000000008e700000, 0x000000008e700000| Untracked 
| 208|0x000000008e800000, 0x000000008e800000, 0x000000008e900000|  0%| F|  |TAMS 0x000000008e800000, 0x000000008e800000| Untracked 
| 209|0x000000008e900000, 0x000000008e900000, 0x000000008ea00000|  0%| F|  |TAMS 0x000000008e900000, 0x000000008e900000| Untracked 
| 210|0x000000008ea00000, 0x000000008ea00000, 0x000000008eb00000|  0%| F|  |TAMS 0x000000008ea00000, 0x000000008ea00000| Untracked 
| 211|0x000000008eb00000, 0x000000008eb00000, 0x000000008ec00000|  0%| F|  |TAMS 0x000000008eb00000, 0x000000008eb00000| Untracked 
| 212|0x000000008ec00000, 0x000000008ec00000, 0x000000008ed00000|  0%| F|  |TAMS 0x000000008ec00000, 0x000000008ec00000| Untracked 
| 213|0x000000008ed00000, 0x000000008ed00000, 0x000000008ee00000|  0%| F|  |TAMS 0x000000008ed00000, 0x000000008ed00000| Untracked 
| 214|0x000000008ee00000, 0x000000008ee00000, 0x000000008ef00000|  0%| F|  |TAMS 0x000000008ee00000, 0x000000008ee00000| Untracked 
| 215|0x000000008ef00000, 0x000000008ef00000, 0x000000008f000000|  0%| F|  |TAMS 0x000000008ef00000, 0x000000008ef00000| Untracked 
| 216|0x000000008f000000, 0x000000008f000000, 0x000000008f100000|  0%| F|  |TAMS 0x000000008f000000, 0x000000008f000000| Untracked 
| 217|0x000000008f100000, 0x000000008f100000, 0x000000008f200000|  0%| F|  |TAMS 0x000000008f100000, 0x000000008f100000| Untracked 
| 218|0x000000008f200000, 0x000000008f200000, 0x000000008f300000|  0%| F|  |TAMS 0x000000008f200000, 0x000000008f200000| Untracked 
| 219|0x000000008f300000, 0x000000008f300000, 0x000000008f400000|  0%| F|  |TAMS 0x000000008f300000, 0x000000008f300000| Untracked 
| 220|0x000000008f400000, 0x000000008f400000, 0x000000008f500000|  0%| F|  |TAMS 0x000000008f400000, 0x000000008f400000| Untracked 
| 221|0x000000008f500000, 0x000000008f500000, 0x000000008f600000|  0%| F|  |TAMS 0x000000008f500000, 0x000000008f500000| Untracked 
| 222|0x000000008f600000, 0x000000008f600000, 0x000000008f700000|  0%| F|  |TAMS 0x000000008f600000, 0x000000008f600000| Untracked 
| 223|0x000000008f700000, 0x000000008f700000, 0x000000008f800000|  0%| F|  |TAMS 0x000000008f700000, 0x000000008f700000| Untracked 
| 224|0x000000008f800000, 0x000000008f800000, 0x000000008f900000|  0%| F|  |TAMS 0x000000008f800000, 0x000000008f800000| Untracked 
| 225|0x000000008f900000, 0x000000008f900000, 0x000000008fa00000|  0%| F|  |TAMS 0x000000008f900000, 0x000000008f900000| Untracked 
| 226|0x000000008fa00000, 0x000000008fa00000, 0x000000008fb00000|  0%| F|  |TAMS 0x000000008fa00000, 0x000000008fa00000| Untracked 
| 227|0x000000008fb00000, 0x000000008fb00000, 0x000000008fc00000|  0%| F|  |TAMS 0x000000008fb00000, 0x000000008fb00000| Untracked 
| 228|0x000000008fc00000, 0x000000008fc00000, 0x000000008fd00000|  0%| F|  |TAMS 0x000000008fc00000, 0x000000008fc00000| Untracked 
| 229|0x000000008fd00000, 0x000000008fd00000, 0x000000008fe00000|  0%| F|  |TAMS 0x000000008fd00000, 0x000000008fd00000| Untracked 
| 230|0x000000008fe00000, 0x000000008fe00000, 0x000000008ff00000|  0%| F|  |TAMS 0x000000008fe00000, 0x000000008fe00000| Untracked 
| 231|0x000000008ff00000, 0x000000008ff00000, 0x0000000090000000|  0%| F|  |TAMS 0x000000008ff00000, 0x000000008ff00000| Untracked 
| 232|0x0000000090000000, 0x0000000090000000, 0x0000000090100000|  0%| F|  |TAMS 0x0000000090000000, 0x0000000090000000| Untracked 
| 233|0x0000000090100000, 0x0000000090100000, 0x0000000090200000|  0%| F|  |TAMS 0x0000000090100000, 0x0000000090100000| Untracked 
| 234|0x0000000090200000, 0x0000000090200000, 0x0000000090300000|  0%| F|  |TAMS 0x0000000090200000, 0x0000000090200000| Untracked 
| 235|0x0000000090300000, 0x0000000090300000, 0x0000000090400000|  0%| F|  |TAMS 0x0000000090300000, 0x0000000090300000| Untracked 
| 236|0x0000000090400000, 0x0000000090400000, 0x0000000090500000|  0%| F|  |TAMS 0x0000000090400000, 0x0000000090400000| Untracked 
| 237|0x0000000090500000, 0x0000000090500000, 0x0000000090600000|  0%| F|  |TAMS 0x0000000090500000, 0x0000000090500000| Untracked 
| 238|0x0000000090600000, 0x0000000090600000, 0x0000000090700000|  0%| F|  |TAMS 0x0000000090600000, 0x0000000090600000| Untracked 
| 239|0x0000000090700000, 0x0000000090700000, 0x0000000090800000|  0%| F|  |TAMS 0x0000000090700000, 0x0000000090700000| Untracked 
| 240|0x0000000090800000, 0x0000000090800000, 0x0000000090900000|  0%| F|  |TAMS 0x0000000090800000, 0x0000000090800000| Untracked 
| 241|0x0000000090900000, 0x0000000090900000, 0x0000000090a00000|  0%| F|  |TAMS 0x0000000090900000, 0x0000000090900000| Untracked 
| 242|0x0000000090a00000, 0x0000000090a00000, 0x0000000090b00000|  0%| F|  |TAMS 0x0000000090a00000, 0x0000000090a00000| Untracked 
| 243|0x0000000090b00000, 0x0000000090b00000, 0x0000000090c00000|  0%| F|  |TAMS 0x0000000090b00000, 0x0000000090b00000| Untracked 
| 244|0x0000000090c00000, 0x0000000090c00000, 0x0000000090d00000|  0%| F|  |TAMS 0x0000000090c00000, 0x0000000090c00000| Untracked 
| 245|0x0000000090d00000, 0x0000000090d00000, 0x0000000090e00000|  0%| F|  |TAMS 0x0000000090d00000, 0x0000000090d00000| Untracked 
| 246|0x0000000090e00000, 0x0000000090e00000, 0x0000000090f00000|  0%| F|  |TAMS 0x0000000090e00000, 0x0000000090e00000| Untracked 
| 247|0x0000000090f00000, 0x0000000090f00000, 0x0000000091000000|  0%| F|  |TAMS 0x0000000090f00000, 0x0000000090f00000| Untracked 
| 248|0x0000000091000000, 0x0000000091000000, 0x0000000091100000|  0%| F|  |TAMS 0x0000000091000000, 0x0000000091000000| Untracked 
| 249|0x0000000091100000, 0x0000000091100000, 0x0000000091200000|  0%| F|  |TAMS 0x0000000091100000, 0x0000000091100000| Untracked 
| 250|0x0000000091200000, 0x0000000091200000, 0x0000000091300000|  0%| F|  |TAMS 0x0000000091200000, 0x0000000091200000| Untracked 
| 251|0x0000000091300000, 0x0000000091300000, 0x0000000091400000|  0%| F|  |TAMS 0x0000000091300000, 0x0000000091300000| Untracked 
| 252|0x0000000091400000, 0x0000000091400000, 0x0000000091500000|  0%| F|  |TAMS 0x0000000091400000, 0x0000000091400000| Untracked 
| 253|0x0000000091500000, 0x0000000091500000, 0x0000000091600000|  0%| F|  |TAMS 0x0000000091500000, 0x0000000091500000| Untracked 
| 254|0x0000000091600000, 0x0000000091600000, 0x0000000091700000|  0%| F|  |TAMS 0x0000000091600000, 0x0000000091600000| Untracked 
| 255|0x0000000091700000, 0x0000000091700000, 0x0000000091800000|  0%| F|  |TAMS 0x0000000091700000, 0x0000000091700000| Untracked 
| 256|0x0000000091800000, 0x0000000091800000, 0x0000000091900000|  0%| F|  |TAMS 0x0000000091800000, 0x0000000091800000| Untracked 
| 257|0x0000000091900000, 0x0000000091900000, 0x0000000091a00000|  0%| F|  |TAMS 0x0000000091900000, 0x0000000091900000| Untracked 
| 258|0x0000000091a00000, 0x0000000091a00000, 0x0000000091b00000|  0%| F|  |TAMS 0x0000000091a00000, 0x0000000091a00000| Untracked 
| 259|0x0000000091b00000, 0x0000000091b00000, 0x0000000091c00000|  0%| F|  |TAMS 0x0000000091b00000, 0x0000000091b00000| Untracked 
| 260|0x0000000091c00000, 0x0000000091c00000, 0x0000000091d00000|  0%| F|  |TAMS 0x0000000091c00000, 0x0000000091c00000| Untracked 
| 261|0x0000000091d00000, 0x0000000091d00000, 0x0000000091e00000|  0%| F|  |TAMS 0x0000000091d00000, 0x0000000091d00000| Untracked 
| 262|0x0000000091e00000, 0x0000000091e00000, 0x0000000091f00000|  0%| F|  |TAMS 0x0000000091e00000, 0x0000000091e00000| Untracked 
| 263|0x0000000091f00000, 0x0000000091f00000, 0x0000000092000000|  0%| F|  |TAMS 0x0000000091f00000, 0x0000000091f00000| Untracked 
| 264|0x0000000092000000, 0x0000000092000000, 0x0000000092100000|  0%| F|  |TAMS 0x0000000092000000, 0x0000000092000000| Untracked 
| 265|0x0000000092100000, 0x0000000092100000, 0x0000000092200000|  0%| F|  |TAMS 0x0000000092100000, 0x0000000092100000| Untracked 
| 266|0x0000000092200000, 0x0000000092200000, 0x0000000092300000|  0%| F|  |TAMS 0x0000000092200000, 0x0000000092200000| Untracked 
| 267|0x0000000092300000, 0x0000000092300000, 0x0000000092400000|  0%| F|  |TAMS 0x0000000092300000, 0x0000000092300000| Untracked 
| 268|0x0000000092400000, 0x0000000092400000, 0x0000000092500000|  0%| F|  |TAMS 0x0000000092400000, 0x0000000092400000| Untracked 
| 269|0x0000000092500000, 0x0000000092500000, 0x0000000092600000|  0%| F|  |TAMS 0x0000000092500000, 0x0000000092500000| Untracked 
| 270|0x0000000092600000, 0x0000000092600000, 0x0000000092700000|  0%| F|  |TAMS 0x0000000092600000, 0x0000000092600000| Untracked 
| 271|0x0000000092700000, 0x0000000092700000, 0x0000000092800000|  0%| F|  |TAMS 0x0000000092700000, 0x0000000092700000| Untracked 
| 272|0x0000000092800000, 0x0000000092800000, 0x0000000092900000|  0%| F|  |TAMS 0x0000000092800000, 0x0000000092800000| Untracked 
| 273|0x0000000092900000, 0x0000000092900000, 0x0000000092a00000|  0%| F|  |TAMS 0x0000000092900000, 0x0000000092900000| Untracked 
| 274|0x0000000092a00000, 0x0000000092a00000, 0x0000000092b00000|  0%| F|  |TAMS 0x0000000092a00000, 0x0000000092a00000| Untracked 
| 275|0x0000000092b00000, 0x0000000092b00000, 0x0000000092c00000|  0%| F|  |TAMS 0x0000000092b00000, 0x0000000092b00000| Untracked 
| 276|0x0000000092c00000, 0x0000000092c00000, 0x0000000092d00000|  0%| F|  |TAMS 0x0000000092c00000, 0x0000000092c00000| Untracked 
| 277|0x0000000092d00000, 0x0000000092d00000, 0x0000000092e00000|  0%| F|  |TAMS 0x0000000092d00000, 0x0000000092d00000| Untracked 
| 278|0x0000000092e00000, 0x0000000092e00000, 0x0000000092f00000|  0%| F|  |TAMS 0x0000000092e00000, 0x0000000092e00000| Untracked 
| 279|0x0000000092f00000, 0x0000000092f00000, 0x0000000093000000|  0%| F|  |TAMS 0x0000000092f00000, 0x0000000092f00000| Untracked 
| 280|0x0000000093000000, 0x0000000093000000, 0x0000000093100000|  0%| F|  |TAMS 0x0000000093000000, 0x0000000093000000| Untracked 
| 281|0x0000000093100000, 0x0000000093100000, 0x0000000093200000|  0%| F|  |TAMS 0x0000000093100000, 0x0000000093100000| Untracked 
| 282|0x0000000093200000, 0x0000000093200000, 0x0000000093300000|  0%| F|  |TAMS 0x0000000093200000, 0x0000000093200000| Untracked 
| 283|0x0000000093300000, 0x0000000093300000, 0x0000000093400000|  0%| F|  |TAMS 0x0000000093300000, 0x0000000093300000| Untracked 
| 284|0x0000000093400000, 0x0000000093400000, 0x0000000093500000|  0%| F|  |TAMS 0x0000000093400000, 0x0000000093400000| Untracked 
| 285|0x0000000093500000, 0x0000000093500000, 0x0000000093600000|  0%| F|  |TAMS 0x0000000093500000, 0x0000000093500000| Untracked 
| 286|0x0000000093600000, 0x0000000093600000, 0x0000000093700000|  0%| F|  |TAMS 0x0000000093600000, 0x0000000093600000| Untracked 
| 287|0x0000000093700000, 0x0000000093700000, 0x0000000093800000|  0%| F|  |TAMS 0x0000000093700000, 0x0000000093700000| Untracked 
| 288|0x0000000093800000, 0x0000000093800000, 0x0000000093900000|  0%| F|  |TAMS 0x0000000093800000, 0x0000000093800000| Untracked 
| 289|0x0000000093900000, 0x0000000093900000, 0x0000000093a00000|  0%| F|  |TAMS 0x0000000093900000, 0x0000000093900000| Untracked 
| 290|0x0000000093a00000, 0x0000000093a00000, 0x0000000093b00000|  0%| F|  |TAMS 0x0000000093a00000, 0x0000000093a00000| Untracked 
| 291|0x0000000093b00000, 0x0000000093b00000, 0x0000000093c00000|  0%| F|  |TAMS 0x0000000093b00000, 0x0000000093b00000| Untracked 
| 292|0x0000000093c00000, 0x0000000093c00000, 0x0000000093d00000|  0%| F|  |TAMS 0x0000000093c00000, 0x0000000093c00000| Untracked 
| 293|0x0000000093d00000, 0x0000000093d00000, 0x0000000093e00000|  0%| F|  |TAMS 0x0000000093d00000, 0x0000000093d00000| Untracked 
| 294|0x0000000093e00000, 0x0000000093e00000, 0x0000000093f00000|  0%| F|  |TAMS 0x0000000093e00000, 0x0000000093e00000| Untracked 
| 295|0x0000000093f00000, 0x0000000093f00000, 0x0000000094000000|  0%| F|  |TAMS 0x0000000093f00000, 0x0000000093f00000| Untracked 
| 296|0x0000000094000000, 0x0000000094000000, 0x0000000094100000|  0%| F|  |TAMS 0x0000000094000000, 0x0000000094000000| Untracked 

Card table byte_map: [0x0000020659a50000,0x0000020659e50000] _byte_map_base: 0x0000020659644000

Marking Bits (Prev, Next): (CMBitMap*) 0x0000020653920ae0, (CMBitMap*) 0x0000020653920b20
 Prev Bits: [0x000002065a250000, 0x000002065c1f0000)
 Next Bits: [0x000002065c1f0000, 0x000002065e190000)

Polling page: 0x0000020651810000

Metaspace:

Usage:
  Non-class:     33.81 MB used.
      Class:      4.89 MB used.
       Both:     38.70 MB used.

Virtual space:
  Non-class space:       40.00 MB reserved,      34.00 MB ( 85%) committed,  5 nodes.
      Class space:        1.00 GB reserved,       5.06 MB ( <1%) committed,  1 nodes.
             Both:        1.04 GB reserved,      39.06 MB (  4%) committed. 

Chunk freelists:
   Non-Class:  1.25 MB
       Class:  2.98 MB
        Both:  4.23 MB

MaxMetaspaceSize: unlimited
CompressedClassSpaceSize: 1.00 GB
Initial GC threshold: 21.00 MB
Current GC threshold: 63.25 MB
CDS: off
MetaspaceReclaimPolicy: balanced
 - commit_granule_bytes: 65536.
 - commit_granule_words: 8192.
 - virtual_space_node_default_size: 1048576.
 - enlarge_chunks_in_place: 1.
 - new_chunks_are_fully_committed: 0.
 - uncommit_free_chunks: 1.
 - use_allocation_guard: 0.
 - handle_deallocations: 1.


Internal statistics:

num_allocs_failed_limit: 8.
num_arena_births: 378.
num_arena_deaths: 0.
num_vsnodes_births: 6.
num_vsnodes_deaths: 0.
num_space_committed: 625.
num_space_uncommitted: 0.
num_chunks_returned_to_freelist: 8.
num_chunks_taken_from_freelist: 1559.
num_chunk_merges: 8.
num_chunk_splits: 1060.
num_chunks_enlarged: 820.
num_purges: 0.
num_inconsistent_stats: 0.

CodeCache: size=49152Kb used=9830Kb max_used=9830Kb free=39321Kb
 bounds [0x0000020656540000, 0x0000020656ee0000, 0x0000020659540000]
 total_blobs=4717 nmethods=4182 adapters=460
 compilation: enabled
              stopped_count=0, restarted_count=0
 full_count=0

Compilation events (20 events):
Event: 4.504 Thread 0x00000206538c78d0 4173       1       java.util.concurrent.locks.ReentrantLock$NonfairSync::tryAcquire (27 bytes)
Event: 4.510 Thread 0x00000206538c78d0 nmethod 4173 0x0000020656ed6890 code [0x0000020656ed6a20, 0x0000020656ed6b98]
Event: 4.538 Thread 0x0000020661841b10 4174       1       java.util.concurrent.ConcurrentHashMap::resizeStamp (9 bytes)
Event: 4.539 Thread 0x0000020661841b10 nmethod 4174 0x0000020656ed6c10 code [0x0000020656ed6da0, 0x0000020656ed6e68]
Event: 4.540 Thread 0x00000206623a0ab0 4175       1       java.lang.System::checkKey (34 bytes)
Event: 4.541 Thread 0x00000206623a0ab0 nmethod 4175 0x0000020656ed6f10 code [0x0000020656ed70c0, 0x0000020656ed72b8]
Event: 4.541 Thread 0x00000206623a05a0 4176       1       org.slf4j.impl.StaticLoggerBinder::getSingleton (4 bytes)
Event: 4.541 Thread 0x00000206623a05a0 nmethod 4176 0x0000020656ed7410 code [0x0000020656ed75a0, 0x0000020656ed7658]
Event: 4.541 Thread 0x00000206623a0ab0 4177       1       org.slf4j.impl.StaticLoggerBinder::getLoggerFactory (45 bytes)
Event: 4.542 Thread 0x00000206623a0ab0 nmethod 4177 0x0000020656ed7710 code [0x0000020656ed78c0, 0x0000020656ed7aa8]
Event: 4.542 Thread 0x00000206623a05a0 4178       1       ch.qos.logback.classic.selector.DefaultContextSelector::getLoggerContext (5 bytes)
Event: 4.542 Thread 0x00000206623a05a0 nmethod 4178 0x0000020656ed7c10 code [0x0000020656ed7da0, 0x0000020656ed7e78]
Event: 4.542 Thread 0x00000206623a05a0 4179       1       jdk.xml.internal.XMLSecurityManager$Limit::systemProperty (5 bytes)
Event: 4.542 Thread 0x00000206623a05a0 nmethod 4179 0x0000020656ed7f10 code [0x0000020656ed80a0, 0x0000020656ed8178]
Event: 4.544 Thread 0x00000206538c78d0 4180   !   1       ch.qos.logback.classic.LoggerContext::getLogger (164 bytes)
Event: 4.544 Thread 0x00000206623a05a0 4181       1       java.lang.System::getProperty (25 bytes)
Event: 4.544 Thread 0x00000206623a05a0 nmethod 4181 0x0000020656ed8210 code [0x0000020656ed83e0, 0x0000020656ed8658]
Event: 4.544 Thread 0x00000206538c78d0 nmethod 4180 0x0000020656ed8810 code [0x0000020656ed8a20, 0x0000020656ed8ef8]
Event: 4.553 Thread 0x00000206538c78d0 4182       1       java.util.concurrent.locks.AbstractQueuedSynchronizer::acquireInterruptibly (36 bytes)
Event: 4.554 Thread 0x00000206538c78d0 nmethod 4182 0x0000020656ed9210 code [0x0000020656ed93e0, 0x0000020656ed9638]

GC Heap History (20 events):
Event: 3.750 GC heap after
{Heap after GC invocations=13 (full 0):
 garbage-first heap   total 95232K, used 33568K [0x0000000081800000, 0x0000000100000000)
  region size 1024K, 3 young (3072K), 3 survivors (3072K)
 Metaspace       used 37301K, committed 37632K, reserved 1081344K
  class space    used 4767K, committed 4928K, reserved 1048576K
}
Event: 3.853 GC heap before
{Heap before GC invocations=14 (full 0):
 garbage-first heap   total 95232K, used 66336K [0x0000000081800000, 0x0000000100000000)
  region size 1024K, 36 young (36864K), 3 survivors (3072K)
 Metaspace       used 38054K, committed 38336K, reserved 1089536K
  class space    used 4808K, committed 4928K, reserved 1048576K
}
Event: 3.861 GC heap after
{Heap after GC invocations=15 (full 0):
 garbage-first heap   total 95232K, used 42062K [0x0000000081800000, 0x0000000100000000)
  region size 1024K, 5 young (5120K), 5 survivors (5120K)
 Metaspace       used 38054K, committed 38336K, reserved 1089536K
  class space    used 4808K, committed 4928K, reserved 1048576K
}
Event: 3.863 GC heap before
{Heap before GC invocations=15 (full 0):
 garbage-first heap   total 95232K, used 43086K [0x0000000081800000, 0x0000000100000000)
  region size 1024K, 6 young (6144K), 5 survivors (5120K)
 Metaspace       used 38054K, committed 38336K, reserved 1089536K
  class space    used 4808K, committed 4928K, reserved 1048576K
}
Event: 3.868 GC heap after
{Heap after GC invocations=16 (full 0):
 garbage-first heap   total 95232K, used 43256K [0x0000000081800000, 0x0000000100000000)
  region size 1024K, 1 young (1024K), 1 survivors (1024K)
 Metaspace       used 38054K, committed 38336K, reserved 1089536K
  class space    used 4808K, committed 4928K, reserved 1048576K
}
Event: 3.918 GC heap before
{Heap before GC invocations=16 (full 0):
 garbage-first heap   total 95232K, used 67832K [0x0000000081800000, 0x0000000100000000)
  region size 1024K, 26 young (26624K), 1 survivors (1024K)
 Metaspace       used 38103K, committed 38336K, reserved 1089536K
  class space    used 4812K, committed 4928K, reserved 1048576K
}
Event: 3.923 GC heap after
{Heap after GC invocations=17 (full 0):
 garbage-first heap   total 95232K, used 48968K [0x0000000081800000, 0x0000000100000000)
  region size 1024K, 4 young (4096K), 4 survivors (4096K)
 Metaspace       used 38103K, committed 38336K, reserved 1089536K
  class space    used 4812K, committed 4928K, reserved 1048576K
}
Event: 4.150 GC heap before
{Heap before GC invocations=18 (full 0):
 garbage-first heap   total 101376K, used 71496K [0x0000000081800000, 0x0000000100000000)
  region size 1024K, 26 young (26624K), 4 survivors (4096K)
 Metaspace       used 38867K, committed 39168K, reserved 1089536K
  class space    used 4910K, committed 5056K, reserved 1048576K
}
Event: 4.155 GC heap after
{Heap after GC invocations=19 (full 0):
 garbage-first heap   total 101376K, used 54340K [0x0000000081800000, 0x0000000100000000)
  region size 1024K, 4 young (4096K), 4 survivors (4096K)
 Metaspace       used 38867K, committed 39168K, reserved 1089536K
  class space    used 4910K, committed 5056K, reserved 1048576K
}
Event: 4.164 GC heap before
{Heap before GC invocations=19 (full 0):
 garbage-first heap   total 101376K, used 55364K [0x0000000081800000, 0x0000000100000000)
  region size 1024K, 5 young (5120K), 4 survivors (4096K)
 Metaspace       used 38867K, committed 39168K, reserved 1089536K
  class space    used 4910K, committed 5056K, reserved 1048576K
}
Event: 4.168 GC heap after
{Heap after GC invocations=20 (full 0):
 garbage-first heap   total 101376K, used 54638K [0x0000000081800000, 0x0000000100000000)
  region size 1024K, 1 young (1024K), 1 survivors (1024K)
 Metaspace       used 38867K, committed 39168K, reserved 1089536K
  class space    used 4910K, committed 5056K, reserved 1048576K
}
Event: 4.194 GC heap before
{Heap before GC invocations=20 (full 0):
 garbage-first heap   total 101376K, used 57710K [0x0000000081800000, 0x0000000100000000)
  region size 1024K, 6 young (6144K), 1 survivors (1024K)
 Metaspace       used 38867K, committed 39168K, reserved 1089536K
  class space    used 4910K, committed 5056K, reserved 1048576K
}
Event: 4.199 GC heap after
{Heap after GC invocations=21 (full 0):
 garbage-first heap   total 304128K, used 56678K [0x0000000081800000, 0x0000000100000000)
  region size 1024K, 3 young (3072K), 3 survivors (3072K)
 Metaspace       used 38867K, committed 39168K, reserved 1089536K
  class space    used 4910K, committed 5056K, reserved 1048576K
}
Event: 4.383 GC heap before
{Heap before GC invocations=21 (full 0):
 garbage-first heap   total 304128K, used 165222K [0x0000000081800000, 0x0000000100000000)
  region size 1024K, 108 young (110592K), 3 survivors (3072K)
 Metaspace       used 39185K, committed 39552K, reserved 1089536K
  class space    used 4960K, committed 5120K, reserved 1048576K
}
Event: 4.420 GC heap after
{Heap after GC invocations=22 (full 0):
 garbage-first heap   total 304128K, used 75989K [0x0000000081800000, 0x0000000100000000)
  region size 1024K, 14 young (14336K), 14 survivors (14336K)
 Metaspace       used 39185K, committed 39552K, reserved 1089536K
  class space    used 4960K, committed 5120K, reserved 1048576K
}
Event: 4.464 GC heap before
{Heap before GC invocations=22 (full 0):
 garbage-first heap   total 304128K, used 182485K [0x0000000081800000, 0x0000000100000000)
  region size 1024K, 119 young (121856K), 14 survivors (14336K)
 Metaspace       used 39240K, committed 39616K, reserved 1089536K
  class space    used 4964K, committed 5120K, reserved 1048576K
}
Event: 4.475 GC heap after
{Heap after GC invocations=23 (full 0):
 garbage-first heap   total 304128K, used 81468K [0x0000000081800000, 0x0000000100000000)
  region size 1024K, 5 young (5120K), 5 survivors (5120K)
 Metaspace       used 39240K, committed 39616K, reserved 1089536K
  class space    used 4964K, committed 5120K, reserved 1048576K
}
Event: 4.511 GC heap before
{Heap before GC invocations=23 (full 0):
 garbage-first heap   total 304128K, used 192060K [0x0000000081800000, 0x0000000100000000)
  region size 1024K, 115 young (117760K), 5 survivors (5120K)
 Metaspace       used 39459K, committed 39808K, reserved 1089536K
  class space    used 4991K, committed 5120K, reserved 1048576K
}
Event: 4.518 GC heap after
{Heap after GC invocations=24 (full 0):
 garbage-first heap   total 304128K, used 85068K [0x0000000081800000, 0x0000000100000000)
  region size 1024K, 9 young (9216K), 9 survivors (9216K)
 Metaspace       used 39459K, committed 39808K, reserved 1089536K
  class space    used 4991K, committed 5120K, reserved 1048576K
}
Event: 4.569 GC heap before
{Heap before GC invocations=24 (full 0):
 garbage-first heap   total 304128K, used 218188K [0x0000000081800000, 0x0000000100000000)
  region size 1024K, 140 young (143360K), 9 survivors (9216K)
 Metaspace       used 39626K, committed 40000K, reserved 1089536K
  class space    used 5006K, committed 5184K, reserved 1048576K
}

Dll operation events (8 events):
Event: 0.008 Loaded shared library c:\Users\Madhav\.vscode\extensions\redhat.java-1.13.0-win32-x64\jre\17.0.5-win32-x86_64\bin\java.dll
Event: 0.300 Loaded shared library C:\Users\Madhav\.vscode\extensions\redhat.java-1.13.0-win32-x64\jre\17.0.5-win32-x86_64\bin\net.dll
Event: 0.303 Loaded shared library C:\Users\Madhav\.vscode\extensions\redhat.java-1.13.0-win32-x64\jre\17.0.5-win32-x86_64\bin\nio.dll
Event: 0.312 Loaded shared library C:\Users\Madhav\.vscode\extensions\redhat.java-1.13.0-win32-x64\jre\17.0.5-win32-x86_64\bin\zip.dll
Event: 0.482 Loaded shared library c:\Users\Madhav\.vscode\extensions\redhat.java-1.13.0-win32-x64\jre\17.0.5-win32-x86_64\bin\verify.dll
Event: 0.492 Loaded shared library C:\Users\Madhav\.vscode\extensions\redhat.java-1.13.0-win32-x64\jre\17.0.5-win32-x86_64\bin\jimage.dll
Event: 1.554 Loaded shared library C:\Users\Madhav\.vscode\extensions\redhat.java-1.13.0-win32-x64\jre\17.0.5-win32-x86_64\bin\management.dll
Event: 1.557 Loaded shared library C:\Users\Madhav\.vscode\extensions\redhat.java-1.13.0-win32-x64\jre\17.0.5-win32-x86_64\bin\management_ext.dll

Deoptimization events (10 events):
Event: 1.781 Thread 0x00000206538c6870 DEOPT PACKING pc=0x0000020656aa0719 sp=0x000000f9bedfd3b0
Event: 1.781 Thread 0x00000206538c6870 DEOPT UNPACKING pc=0x0000020656592b43 sp=0x000000f9bedfc890 mode 3
Event: 3.293 Thread 0x0000020662e7d780 DEOPT PACKING pc=0x0000020656cd3cb5 sp=0x000000f9c0efd190
Event: 3.293 Thread 0x0000020662e7d780 DEOPT UNPACKING pc=0x0000020656592b43 sp=0x000000f9c0efc6b8 mode 3
Event: 3.316 Thread 0x0000020662cba8f0 DEOPT PACKING pc=0x0000020656a9d981 sp=0x000000f9c0dfe120
Event: 3.316 Thread 0x0000020662cba8f0 DEOPT UNPACKING pc=0x0000020656592b43 sp=0x000000f9c0dfd5b0 mode 3
Event: 3.316 Thread 0x0000020662e98050 DEOPT PACKING pc=0x0000020656a9b497 sp=0x000000f9c0ffecd0
Event: 3.316 Thread 0x0000020662e98050 DEOPT UNPACKING pc=0x0000020656592b43 sp=0x000000f9c0ffe128 mode 3
Event: 3.409 Thread 0x0000020662eb9620 DEOPT PACKING pc=0x0000020656cfd8ab sp=0x000000f9c15fe7d0
Event: 3.409 Thread 0x0000020662eb9620 DEOPT UNPACKING pc=0x0000020656592b43 sp=0x000000f9c15fdd18 mode 3

Classes unloaded (0 events):
No events

Classes redefined (0 events):
No events

Internal exceptions (20 events):
Event: 3.444 Thread 0x0000020662eb9150 Exception <a 'sun/nio/fs/WindowsException'{0x0000000083fddbd0}> (0x0000000083fddbd0) 
thrown [s\src\hotspot\share\prims\jni.cpp, line 516]
Event: 3.445 Thread 0x0000020662eb9150 Exception <a 'sun/nio/fs/WindowsException'{0x0000000083fddfb0}> (0x0000000083fddfb0) 
thrown [s\src\hotspot\share\prims\jni.cpp, line 516]
Event: 3.445 Thread 0x0000020662eb9150 Exception <a 'sun/nio/fs/WindowsException'{0x0000000083fde9b0}> (0x0000000083fde9b0) 
thrown [s\src\hotspot\share\prims\jni.cpp, line 516]
Event: 3.445 Thread 0x0000020662eb9150 Exception <a 'sun/nio/fs/WindowsException'{0x0000000083fded60}> (0x0000000083fded60) 
thrown [s\src\hotspot\share\prims\jni.cpp, line 516]
Event: 3.445 Thread 0x0000020662eb9150 Exception <a 'sun/nio/fs/WindowsException'{0x0000000083fdf768}> (0x0000000083fdf768) 
thrown [s\src\hotspot\share\prims\jni.cpp, line 516]
Event: 3.445 Thread 0x0000020662eb9150 Exception <a 'sun/nio/fs/WindowsException'{0x0000000083fdfb28}> (0x0000000083fdfb28) 
thrown [s\src\hotspot\share\prims\jni.cpp, line 516]
Event: 3.445 Thread 0x0000020662eb9150 Exception <a 'sun/nio/fs/WindowsException'{0x0000000083fe0528}> (0x0000000083fe0528) 
thrown [s\src\hotspot\share\prims\jni.cpp, line 516]
Event: 3.446 Thread 0x0000020662eb9150 Exception <a 'sun/nio/fs/WindowsException'{0x0000000083fe08d8}> (0x0000000083fe08d8) 
thrown [s\src\hotspot\share\prims\jni.cpp, line 516]
Event: 3.446 Thread 0x0000020662eb9150 Exception <a 'sun/nio/fs/WindowsException'{0x0000000083fe12e0}> (0x0000000083fe12e0) 
thrown [s\src\hotspot\share\prims\jni.cpp, line 516]
Event: 3.446 Thread 0x0000020662eb9150 Exception <a 'sun/nio/fs/WindowsException'{0x0000000083fe16a0}> (0x0000000083fe16a0) 
thrown [s\src\hotspot\share\prims\jni.cpp, line 516]
Event: 3.446 Thread 0x0000020662eb9150 Exception <a 'sun/nio/fs/WindowsException'{0x0000000083fe20c8}> (0x0000000083fe20c8) 
thrown [s\src\hotspot\share\prims\jni.cpp, line 516]
Event: 3.446 Thread 0x0000020662eb9150 Exception <a 'sun/nio/fs/WindowsException'{0x0000000083fe24a8}> (0x0000000083fe24a8) 
thrown [s\src\hotspot\share\prims\jni.cpp, line 516]
Event: 3.446 Thread 0x0000020662eb9150 Exception <a 'sun/nio/fs/WindowsException'{0x0000000083fe2ee0}> (0x0000000083fe2ee0) 
thrown [s\src\hotspot\share\prims\jni.cpp, line 516]
Event: 3.446 Thread 0x0000020662eb9150 Exception <a 'sun/nio/fs/WindowsException'{0x0000000083fe32d0}> (0x0000000083fe32d0) 
thrown [s\src\hotspot\share\prims\jni.cpp, line 516]
Event: 3.446 Thread 0x0000020662eb9150 Exception <a 'sun/nio/fs/WindowsException'{0x0000000083fe3d00}> (0x0000000083fe3d00) 
thrown [s\src\hotspot\share\prims\jni.cpp, line 516]
Event: 3.447 Thread 0x0000020662eb9150 Exception <a 'sun/nio/fs/WindowsException'{0x0000000083fe40f0}> (0x0000000083fe40f0) 
thrown [s\src\hotspot\share\prims\jni.cpp, line 516]
Event: 3.988 Thread 0x0000020662e7d780 Exception <a 'java/lang/NoSuchMethodError'{0x00000000874223e8}: 'java.lang.Object java.lang.invoke.Invokers$Holder.invoke_MT(java.lang.Object, java.lang.Object, java.lang.Object)'> (0x00000000874223e8) 
thrown [s\src\hotspot\share\interpreter\linkResolver.cpp, line 759]
Event: 4.292 Thread 0x0000020662e7d780 Exception <a 'java/lang/NoSuchMethodError'{0x0000000092abe3d8}: 'java.lang.Object java.lang.invoke.DirectMethodHandle$Holder.newInvokeSpecial(java.lang.Object, java.lang.Object, int)'> (0x0000000092abe3d8) 
thrown [s\src\hotspot\share\interpreter\linkResolver.cpp, line 759]
Event: 4.481 Thread 0x0000020662fb3a60 Exception <a 'java/lang/NoSuchMethodError'{0x00000000936b28e8}: 'java.lang.Object java.lang.invoke.Invokers$Holder.linkToTargetMethod(java.lang.Object, long, java.lang.Object)'> (0x00000000936b28e8) 
thrown [s\src\hotspot\share\interpreter\linkResolver.cpp, line 759]
Event: 4.485 Thread 0x0000020662fb3590 Exception <a 'java/lang/NoSuchMethodError'{0x0000000092faedb8}: 'void java.lang.invoke.DirectMethodHandle$Holder.invokeVirtual(java.lang.Object, java.lang.Object, java.lang.Object, java.lang.Object)'> (0x0000000092faedb8) 
thrown [s\src\hotspot\share\interpreter\linkResolver.cpp, line 759]

VM Operations (20 events):
Event: 4.168 Executing VM operation: G1CollectForAllocation done
Event: 4.193 Executing VM operation: G1TryInitiateConcMark
Event: 4.199 Executing VM operation: G1TryInitiateConcMark done
Event: 4.355 Executing VM operation: HandshakeAllThreads
Event: 4.366 Executing VM operation: HandshakeAllThreads done
Event: 4.367 Executing VM operation: HandshakeAllThreads
Event: 4.382 Executing VM operation: HandshakeAllThreads done
Event: 4.382 Executing VM operation: G1CollectForAllocation
Event: 4.382 Executing VM operation: G1CollectForAllocation done
Event: 4.383 Executing VM operation: G1CollectForAllocation
Event: 4.420 Executing VM operation: G1CollectForAllocation done
Event: 4.460 Executing VM operation: G1CollectForAllocation
Event: 4.464 Executing VM operation: G1CollectForAllocation done
Event: 4.464 Executing VM operation: G1CollectForAllocation
Event: 4.475 Executing VM operation: G1CollectForAllocation done
Event: 4.510 Executing VM operation: G1CollectForAllocation
Event: 4.510 Executing VM operation: G1CollectForAllocation done
Event: 4.511 Executing VM operation: G1CollectForAllocation
Event: 4.518 Executing VM operation: G1CollectForAllocation done
Event: 4.568 Executing VM operation: G1CollectForAllocation

Events (20 events):
Event: 4.477 loading class java/time/temporal/TemporalQueries$5
Event: 4.477 loading class java/time/temporal/TemporalQueries$5 done
Event: 4.477 loading class java/time/temporal/TemporalQueries$6
Event: 4.477 loading class java/time/temporal/TemporalQueries$6 done
Event: 4.477 loading class java/time/temporal/TemporalQueries$7
Event: 4.477 loading class java/time/temporal/TemporalQueries$7 done
Event: 4.477 loading class java/time/format/DateTimeFormatterBuilder$ReducedPrinterParser
Event: 4.478 loading class java/time/format/DateTimeFormatterBuilder$ReducedPrinterParser done
Event: 4.484 loading class java/util/concurrent/locks/ReentrantReadWriteLock
Event: 4.484 loading class java/util/concurrent/locks/ReentrantReadWriteLock done
Event: 4.484 loading class java/util/concurrent/locks/ReentrantReadWriteLock$NonfairSync
Event: 4.484 loading class java/util/concurrent/locks/ReentrantReadWriteLock$Sync
Event: 4.484 loading class java/util/concurrent/locks/ReentrantReadWriteLock$Sync done
Event: 4.485 loading class java/util/concurrent/locks/ReentrantReadWriteLock$NonfairSync done
Event: 4.485 loading class java/util/concurrent/locks/ReentrantReadWriteLock$Sync$ThreadLocalHoldCounter
Event: 4.485 loading class java/util/concurrent/locks/ReentrantReadWriteLock$Sync$ThreadLocalHoldCounter done
Event: 4.485 loading class java/util/concurrent/locks/ReentrantReadWriteLock$ReadLock
Event: 4.485 loading class java/util/concurrent/locks/ReentrantReadWriteLock$ReadLock done
Event: 4.485 loading class java/util/concurrent/locks/ReentrantReadWriteLock$WriteLock
Event: 4.485 loading class java/util/concurrent/locks/ReentrantReadWriteLock$WriteLock done


Dynamic libraries:
0x00007ff6c80a0000 - 0x00007ff6c80ae000 	c:\Users\Madhav\.vscode\extensions\redhat.java-1.13.0-win32-x64\jre\17.0.5-win32-x86_64\bin\java.exe
0x00007ffec4f10000 - 0x00007ffec5108000 	C:\Windows\SYSTEM32\ntdll.dll
0x00007ffec2fd0000 - 0x00007ffec308d000 	C:\Windows\System32\KERNEL32.DLL
0x00007ffec2bf0000 - 0x00007ffec2ebe000 	C:\Windows\System32\KERNELBASE.dll
0x00007ffebfe50000 - 0x00007ffebfee0000 	C:\Windows\SYSTEM32\apphelp.dll
0x00007ffec2750000 - 0x00007ffec2850000 	C:\Windows\System32\ucrtbase.dll
0x00007ffeaa7e0000 - 0x00007ffeaa7f7000 	c:\Users\Madhav\.vscode\extensions\redhat.java-1.13.0-win32-x64\jre\17.0.5-win32-x86_64\bin\jli.dll
0x00007ffeac790000 - 0x00007ffeac7a9000 	c:\Users\Madhav\.vscode\extensions\redhat.java-1.13.0-win32-x64\jre\17.0.5-win32-x86_64\bin\VCRUNTIME140.dll
0x00007ffec40f0000 - 0x00007ffec4290000 	C:\Windows\System32\USER32.dll
0x00007ffeac930000 - 0x00007ffeacbca000 	C:\Windows\WinSxS\amd64_microsoft.windows.common-controls_6595b64144ccf1df_6.0.19041.1110_none_60b5254171f9507e\COMCTL32.dll
0x00007ffec2680000 - 0x00007ffec26a2000 	C:\Windows\System32\win32u.dll
0x00007ffec4360000 - 0x00007ffec43fe000 	C:\Windows\System32\msvcrt.dll
0x00007ffec4400000 - 0x00007ffec442a000 	C:\Windows\System32\GDI32.dll
0x00007ffec2a50000 - 0x00007ffec2b5b000 	C:\Windows\System32\gdi32full.dll
0x00007ffec29b0000 - 0x00007ffec2a4d000 	C:\Windows\System32\msvcp_win.dll
0x00007ffec30a0000 - 0x00007ffec30d0000 	C:\Windows\System32\IMM32.DLL
0x00007ffeb1dc0000 - 0x00007ffeb1dcc000 	c:\Users\Madhav\.vscode\extensions\redhat.java-1.13.0-win32-x64\jre\17.0.5-win32-x86_64\bin\vcruntime140_1.dll
0x00007ffe907d0000 - 0x00007ffe90861000 	c:\Users\Madhav\.vscode\extensions\redhat.java-1.13.0-win32-x64\jre\17.0.5-win32-x86_64\bin\msvcp140.dll
0x00007ffe6b270000 - 0x00007ffe6beb4000 	c:\Users\Madhav\.vscode\extensions\redhat.java-1.13.0-win32-x64\jre\17.0.5-win32-x86_64\bin\server\jvm.dll
0x00007ffec3310000 - 0x00007ffec33be000 	C:\Windows\System32\ADVAPI32.dll
0x00007ffec4960000 - 0x00007ffec49fc000 	C:\Windows\System32\sechost.dll
0x00007ffec4c40000 - 0x00007ffec4d65000 	C:\Windows\System32\RPCRT4.dll
0x00007ffea63f0000 - 0x00007ffea63f9000 	C:\Windows\SYSTEM32\WSOCK32.dll
0x00007ffeb43f0000 - 0x00007ffeb4417000 	C:\Windows\SYSTEM32\WINMM.dll
0x00007ffec4e60000 - 0x00007ffec4ecb000 	C:\Windows\System32\WS2_32.dll
0x00007ffebce90000 - 0x00007ffebce9a000 	C:\Windows\SYSTEM32\VERSION.dll
0x00007ffec0510000 - 0x00007ffec0522000 	C:\Windows\SYSTEM32\kernel.appcore.dll
0x00007ffead620000 - 0x00007ffead62a000 	c:\Users\Madhav\.vscode\extensions\redhat.java-1.13.0-win32-x64\jre\17.0.5-win32-x86_64\bin\jimage.dll
0x00007ffeb1fd0000 - 0x00007ffeb21b4000 	C:\Windows\SYSTEM32\DBGHELP.DLL
0x00007ffea7be0000 - 0x00007ffea7c0c000 	C:\Windows\SYSTEM32\dbgcore.DLL
0x00007ffec2b60000 - 0x00007ffec2be2000 	C:\Windows\System32\bcryptPrimitives.dll
0x00007ffe9be10000 - 0x00007ffe9be35000 	c:\Users\Madhav\.vscode\extensions\redhat.java-1.13.0-win32-x64\jre\17.0.5-win32-x86_64\bin\java.dll
0x00007ffe9bce0000 - 0x00007ffe9bcf8000 	c:\Users\Madhav\.vscode\extensions\redhat.java-1.13.0-win32-x64\jre\17.0.5-win32-x86_64\bin\zip.dll
0x00007ffec3880000 - 0x00007ffec3fc4000 	C:\Windows\System32\SHELL32.dll
0x00007ffec0710000 - 0x00007ffec0ea4000 	C:\Windows\SYSTEM32\windows.storage.dll
0x00007ffec3520000 - 0x00007ffec3874000 	C:\Windows\System32\combase.dll
0x00007ffec1f40000 - 0x00007ffec1f70000 	C:\Windows\SYSTEM32\Wldp.dll
0x00007ffec4b90000 - 0x00007ffec4c3d000 	C:\Windows\System32\SHCORE.dll
0x00007ffec4a00000 - 0x00007ffec4a55000 	C:\Windows\System32\shlwapi.dll
0x00007ffec2570000 - 0x00007ffec258f000 	C:\Windows\SYSTEM32\profapi.dll
0x00007ffe9baa0000 - 0x00007ffe9bab9000 	C:\Users\Madhav\.vscode\extensions\redhat.java-1.13.0-win32-x64\jre\17.0.5-win32-x86_64\bin\net.dll
0x00007ffeb3a70000 - 0x00007ffeb3b7a000 	C:\Windows\SYSTEM32\WINHTTP.dll
0x00007ffec1cc0000 - 0x00007ffec1d2a000 	C:\Windows\system32\mswsock.dll
0x00007ffe9ba20000 - 0x00007ffe9ba35000 	C:\Users\Madhav\.vscode\extensions\redhat.java-1.13.0-win32-x64\jre\17.0.5-win32-x86_64\bin\nio.dll
0x00007ffeacbd0000 - 0x00007ffeacbe0000 	c:\Users\Madhav\.vscode\extensions\redhat.java-1.13.0-win32-x64\jre\17.0.5-win32-x86_64\bin\verify.dll
0x00007ffeb3e20000 - 0x00007ffeb3e29000 	C:\Users\Madhav\.vscode\extensions\redhat.java-1.13.0-win32-x64\jre\17.0.5-win32-x86_64\bin\management.dll
0x00007ffeb3e10000 - 0x00007ffeb3e1b000 	C:\Users\Madhav\.vscode\extensions\redhat.java-1.13.0-win32-x64\jre\17.0.5-win32-x86_64\bin\management_ext.dll
0x00007ffec4d70000 - 0x00007ffec4d78000 	C:\Windows\System32\PSAPI.DLL
0x00007ffeaf280000 - 0x00007ffeaf297000 	C:\Windows\system32\napinsp.dll
0x00007ffeaf260000 - 0x00007ffeaf27b000 	C:\Windows\system32\pnrpnsp.dll
0x00007ffebba70000 - 0x00007ffebba85000 	C:\Windows\system32\wshbth.dll
0x00007ffebde60000 - 0x00007ffebde7d000 	C:\Windows\system32\NLAapi.dll
0x00007ffec19d0000 - 0x00007ffec1a0b000 	C:\Windows\SYSTEM32\IPHLPAPI.DLL
0x00007ffec1a10000 - 0x00007ffec1adb000 	C:\Windows\SYSTEM32\DNSAPI.dll
0x00007ffec3090000 - 0x00007ffec3098000 	C:\Windows\System32\NSI.dll
0x00007ffeaf240000 - 0x00007ffeaf252000 	C:\Windows\System32\winrnr.dll
0x000000006c450000 - 0x000000006c476000 	C:\Program Files\Bonjour\mdnsNSP.dll
0x00007ffebb180000 - 0x00007ffebb18a000 	C:\Windows\System32\rasadhlp.dll
0x00007ffeafe40000 - 0x00007ffeafec0000 	C:\Windows\System32\fwpuclnt.dll
0x00007ffec2720000 - 0x00007ffec2747000 	C:\Windows\System32\bcrypt.dll
0x00007ffec22e0000 - 0x00007ffec22f8000 	C:\Windows\SYSTEM32\CRYPTSP.dll
0x00007ffec1660000 - 0x00007ffec1694000 	C:\Windows\system32\rsaenh.dll
0x00007ffec2530000 - 0x00007ffec255e000 	C:\Windows\SYSTEM32\USERENV.dll
0x00007ffec1e50000 - 0x00007ffec1e5c000 	C:\Windows\SYSTEM32\CRYPTBASE.dll
0x00007ffeba860000 - 0x00007ffeba877000 	C:\Windows\SYSTEM32\dhcpcsvc6.DLL
0x00007ffeb8190000 - 0x00007ffeb81ad000 	C:\Windows\SYSTEM32\dhcpcsvc.DLL

dbghelp: loaded successfully - version: 4.0.5 - missing functions: none
symbol engine: initialized successfully - sym options: 0x614 - pdb path: .;c:\Users\Madhav\.vscode\extensions\redhat.java-1.13.0-win32-x64\jre\17.0.5-win32-x86_64\bin;C:\Windows\SYSTEM32;C:\Windows\WinSxS\amd64_microsoft.windows.common-controls_6595b64144ccf1df_6.0.19041.1110_none_60b5254171f9507e;c:\Users\Madhav\.vscode\extensions\redhat.java-1.13.0-win32-x64\jre\17.0.5-win32-x86_64\bin\server;C:\Program Files\Bonjour

VM Arguments:
jvm_args: -Dsts.lsp.client=vscode -Dsts.log.file=/dev/null -XX:TieredStopAtLevel=1 -Xlog:jni+resolve=off -Dspring.config.location=file:c:\Users\Madhav\.vscode\extensions\pivotal.vscode-spring-boot-1.42.0\language-server\BOOT-INF\classes\application.properties 
java_command: org.springframework.ide.vscode.boot.app.BootLanguageServerBootApp
java_class_path (initial): c:\Users\Madhav\.vscode\extensions\pivotal.vscode-spring-boot-1.42.0\language-server\BOOT-INF\classes;c:\Users\Madhav\.vscode\extensions\pivotal.vscode-spring-boot-1.42.0\language-server\BOOT-INF\lib\annotations-23.1.0.jar;c:\Users\Madhav\.vscode\extensions\pivotal.vscode-spring-boot-1.42.0\language-server\BOOT-INF\lib\ant-1.10.12.jar;c:\Users\Madhav\.vscode\extensions\pivotal.vscode-spring-boot-1.42.0\language-server\BOOT-INF\lib\ant-launcher-1.10.12.jar;c:\Users\Madhav\.vscode\extensions\pivotal.vscode-spring-boot-1.42.0\language-server\BOOT-INF\lib\antlr-runtime-3.5.2.jar;c:\Users\Madhav\.vscode\extensions\pivotal.vscode-spring-boot-1.42.0\language-server\BOOT-INF\lib\antlr4-4.9.3.jar;c:\Users\Madhav\.vscode\extensions\pivotal.vscode-spring-boot-1.42.0\language-server\BOOT-INF\lib\antlr4-runtime-4.9.3.jar;c:\Users\Madhav\.vscode\extensions\pivotal.vscode-spring-boot-1.42.0\language-server\BOOT-INF\lib\apiguardian-api-1.1.2.jar;c:\Users\Madhav\.vscode\extensions\pivotal.vscode-spring-boot-1.42.0\language-server\BOOT-INF\lib\asm-9.4.jar;c:\Users\Madhav\.vscode\extensions\pivotal.vscode-spring-boot-1.42.0\language-server\BOOT-INF\lib\asm-analysis-9.4.jar;c:\Users\Madhav\.vscode\extensions\pivotal.vscode-spring-boot-1.42.0\language-server\BOOT-INF\lib\asm-tree-9.4.jar;c:\Users\Madhav\.vscode\extensions\pivotal.vscode-spring-boot-1.42.0\language-server\BOOT-INF\lib\asm-util-9.4.jar;c:\Users\Madhav\.vscode\extensions\pivotal.vscode-spring-boot-1.42.0\language-server\BOOT-INF\lib\caffeine-2.9.3.jar;c:\Users\Madhav\.vscode\extensions\pivotal.vscode-spring-boot-1.42.0\language-server\BOOT-INF\lib\checker-qual-3.12.0.jar;c:\Users\Madhav\.vscode\extensions\pivotal.vscode-spring-boot-1.42.0\language-server\BOOT-INF\lib\ci-environment-9.1.0.jar;c:\Users\Madhav\.vscode\extensions\pivotal.vscode-spring-boot-1.42.0\language-server\BOOT-INF\lib\classgraph-4.8.149.jar;c:\Users\Madhav\.vscode\extensions\pivotal.vscode-spring-boot-1.42.0\language-server\
Launcher Type: SUN_STANDARD

[Global flags]
     intx CICompilerCount                          = 4                                         {product} {ergonomic}
     uint ConcGCThreads                            = 2                                         {product} {ergonomic}
     uint G1ConcRefinementThreads                  = 8                                         {product} {ergonomic}
   size_t G1HeapRegionSize                         = 1048576                                   {product} {ergonomic}
    uintx GCDrainStackTargetSize                   = 64                                        {product} {ergonomic}
   size_t InitialHeapSize                          = 134217728                                 {product} {ergonomic}
   size_t MarkStackSize                            = 4194304                                   {product} {ergonomic}
   size_t MaxHeapSize                              = 2122317824                                {product} {ergonomic}
   size_t MaxNewSize                               = 1272971264                                {product} {ergonomic}
   size_t MinHeapDeltaBytes                        = 1048576                                   {product} {ergonomic}
   size_t MinHeapSize                              = 8388608                                   {product} {ergonomic}
    uintx NonProfiledCodeHeapSize                  = 0                                      {pd product} {ergonomic}
     bool ProfileInterpreter                       = false                                  {pd product} {command line}
    uintx ProfiledCodeHeapSize                     = 0                                      {pd product} {ergonomic}
   size_t SoftMaxHeapSize                          = 2122317824                             {manageable} {ergonomic}
     intx TieredStopAtLevel                        = 1                                         {product} {command line}
     bool UseCompressedClassPointers               = true                           {product lp64_product} {ergonomic}
     bool UseCompressedOops                        = true                           {product lp64_product} {ergonomic}
     bool UseG1GC                                  = true                                      {product} {ergonomic}
     bool UseLargePagesIndividualAllocation        = false                                  {pd product} {ergonomic}

Logging:
Log output configuration:
 #0: stdout all=warning,jni+resolve=off uptime,level,tags
 #1: stderr all=off uptime,level,tags

Environment Variables:
PATH=C:\Users\Madhav\AppData\Local\cloud-code\installer\google-cloud-sdk\bin;C:\Python311\Scripts\;C:\Python311\;C:\Python310\Scripts\;C:\Python310\;C:\Program Files\Eclipse Adoptium\jdk-17.0.2.8-hotspot\bin;C:\Program Files\Common Files\Oracle\Java\javapath;C:\Windows\system32;C:\Windows;C:\Windows\System32\Wbem;C:\Windows\System32\WindowsPowerShell\v1.0\;C:\Windows\System32\OpenSSH\;C:\Program Files\NVIDIA Corporation\NVIDIA NvDLISR;C:\Program Files (x86)\NVIDIA Corporation\PhysX\Common;C:\Program Files\Git\cmd;C:\ProgramData\chocolatey\bin;C:\Program Files\nodejs\;C:\Program Files\Docker\Docker\resources\bin;C:\Program Files\MySQL\MySQL Shell 8.0\bin\;C:\Users\Madhav\AppData\Local\Microsoft\WindowsApps;C:\Users\Madhav\AppData\Local\Programs\Microsoft VS Code\bin;C:\src\flutter\bin;C:\Users\Madhav\AppData\Roaming\npm;C:\Users\Madhav\AppData\Local\Google\Cloud SDK\google-cloud-sdk\bin;C:\Program Files (x86)\Google\Cloud SDK\google-cloud-sdk\bin;C:\Program Files\Google\Cloud SDK\google-cloud-sdk\bin
USERNAME=Madhav
OS=Windows_NT
PROCESSOR_IDENTIFIER=AMD64 Family 21 Model 2 Stepping 0, AuthenticAMD
TMP=C:\Users\Madhav\AppData\Local\Temp
TEMP=C:\Users\Madhav\AppData\Local\Temp



---------------  S Y S T E M  ---------------

OS:
 Windows 10 , 64 bit Build 19041 (10.0.19041.1806)
OS uptime: 7 days 6:43 hours
Hyper-V role detected

CPU: total 8 (initial active 8) (8 cores per cpu, 1 threads per core) family 21 model 2 stepping 0 microcode 0x0, cx8, cmov, fxsr, mmx, 3dnowpref, sse, sse2, sse3, ssse3, sse4a, sse4.1, sse4.2, popcnt, lzcnt, tsc, tscinvbit, avx, aes, clmul, bmi1, fma, vzeroupper, clflush, hv

Memory: 4k page, system-wide physical 8091M (912M free)
TotalPageFile size 20091M (AvailPageFile size 182M)
current process WorkingSet (physical memory assigned to process): 372M, peak: 372M
current process commit charge ("private bytes"): 451M, peak: 808M

vm_info: OpenJDK 64-Bit Server VM (17.0.5+8) for windows-amd64 JRE (17.0.5+8), built on Oct 19 2022 04:48:13 by "temurin" with MS VC++ 16.7 (VS2019)

END.
